Using pre-set license
Built from '2022.1/staging' branch; Version is '2022.1.16f1 (7321c9670bc2) revision 7545289'; Using compiler version '192829333'; Build Type 'Release'
OS: 'Windows 10  (10.0.19045) 64bit Education' Language: 'en' Physical Memory: 16309 MB
BatchMode: 1, IsHumanControllingUs: 0, StartBugReporterOnCrash: 0, Is64bit: 1, IsPro: 1

COMMAND LINE ARGUMENTS:
C:\Program Files\Unity\Hub\Editor\2022.1.16f1\Editor\Unity.exe
-adb2
-batchMode
-noUpm
-name
AssetImportWorker7
-projectPath
C:/legoChristmasMicrogame
-logFile
Logs/AssetImportWorker7.log
-srvPort
56289
Successfully changed project path to: C:/legoChristmasMicrogame
C:/legoChristmasMicrogame
[UnityMemory] Configuration Parameters - Can be set up in boot.config
    "memorysetup-bucket-allocator-granularity=16"
    "memorysetup-bucket-allocator-bucket-count=8"
    "memorysetup-bucket-allocator-block-size=33554432"
    "memorysetup-bucket-allocator-block-count=8"
    "memorysetup-main-allocator-block-size=16777216"
    "memorysetup-thread-allocator-block-size=16777216"
    "memorysetup-gfx-main-allocator-block-size=16777216"
    "memorysetup-gfx-thread-allocator-block-size=16777216"
    "memorysetup-cache-allocator-block-size=4194304"
    "memorysetup-typetree-allocator-block-size=2097152"
    "memorysetup-profiler-bucket-allocator-granularity=16"
    "memorysetup-profiler-bucket-allocator-bucket-count=8"
    "memorysetup-profiler-bucket-allocator-block-size=33554432"
    "memorysetup-profiler-bucket-allocator-block-count=8"
    "memorysetup-profiler-allocator-block-size=16777216"
    "memorysetup-profiler-editor-allocator-block-size=1048576"
    "memorysetup-temp-allocator-size-main=16777216"
    "memorysetup-job-temp-allocator-block-size=2097152"
    "memorysetup-job-temp-allocator-block-size-background=1048576"
    "memorysetup-job-temp-allocator-reduction-small-platforms=262144"
    "memorysetup-temp-allocator-size-background-worker=32768"
    "memorysetup-temp-allocator-size-job-worker=262144"
    "memorysetup-temp-allocator-size-preload-manager=33554432"
    "memorysetup-temp-allocator-size-nav-mesh-worker=65536"
    "memorysetup-temp-allocator-size-audio-worker=65536"
    "memorysetup-temp-allocator-size-cloud-worker=32768"
    "memorysetup-temp-allocator-size-gi-baking-worker=262144"
    "memorysetup-temp-allocator-size-gfx=262144"
Refreshing native plugins compatible for Editor in 161.98 ms, found 3 plugins.
Preloading 0 native plugins for Editor in 0.00 ms.
Initialize engine version: 2022.1.16f1 (7321c9670bc2)
[Subsystems] Discovering subsystems at path C:/Program Files/Unity/Hub/Editor/2022.1.16f1/Editor/Data/Resources/UnitySubsystems
[Subsystems] Discovering subsystems at path C:/legoChristmasMicrogame/Assets
GfxDevice: creating device client; threaded=0; jobified=0
Direct3D:
    Version:  Direct3D 11.0 [level 11.1]
    Renderer: NVIDIA GeForce GTX 1650 (ID=0x2188)
    Vendor:   NVIDIA
    VRAM:     3949 MB
    Driver:   31.0.15.3623
Initialize mono
Mono path[0] = 'C:/Program Files/Unity/Hub/Editor/2022.1.16f1/Editor/Data/Managed'
Mono path[1] = 'C:/Program Files/Unity/Hub/Editor/2022.1.16f1/Editor/Data/MonoBleedingEdge/lib/mono/unityjit-win32'
Mono config path = 'C:/Program Files/Unity/Hub/Editor/2022.1.16f1/Editor/Data/MonoBleedingEdge/etc'
Using monoOptions --debugger-agent=transport=dt_socket,embedding=1,server=y,suspend=n,address=127.0.0.1:56088
Begin MonoManager ReloadAssembly
Registering precompiled unity dll's ...
Register platform support module: C:/Program Files/Unity/Hub/Editor/2022.1.16f1/Editor/Data/PlaybackEngines/WebGLSupport/UnityEditor.WebGL.Extensions.dll
Register platform support module: C:/Program Files/Unity/Hub/Editor/2022.1.16f1/Editor/Data/PlaybackEngines/MacStandaloneSupport/UnityEditor.OSXStandalone.Extensions.dll
Register platform support module: C:/Program Files/Unity/Hub/Editor/2022.1.16f1/Editor/Data/PlaybackEngines/AndroidPlayer/UnityEditor.Android.Extensions.dll
Register platform support module: C:/Program Files/Unity/Hub/Editor/2022.1.16f1/Editor/Data/PlaybackEngines/iOSSupport/UnityEditor.iOS.Extensions.dll
Register platform support module: C:/Program Files/Unity/Hub/Editor/2022.1.16f1/Editor/Data/PlaybackEngines/AppleTVSupport/UnityEditor.AppleTV.Extensions.dll
Register platform support module: C:/Program Files/Unity/Hub/Editor/2022.1.16f1/Editor/Data/PlaybackEngines/WindowsStandaloneSupport/UnityEditor.WindowsStandalone.Extensions.dll
Register platform support module: C:/Program Files/Unity/Hub/Editor/2022.1.16f1/Editor/Data/PlaybackEngines/LinuxStandaloneSupport/UnityEditor.LinuxStandalone.Extensions.dll
Register platform support module: C:/Program Files/Unity/Hub/Editor/2022.1.16f1/Editor/Data/PlaybackEngines/MetroSupport/UnityEditor.UWP.Extensions.dll
Registered in 0.029972 seconds.
Native extension for UWP target not found
Native extension for LinuxStandalone target not found
Native extension for WindowsStandalone target not found
[usbmuxd] Start listen thread
[usbmuxd] Listen thread started
Native extension for AppleTV target not found
[usbmuxd] Start listen thread
[usbmuxd] Listen thread started
Native extension for iOS target not found
Native extension for Android target not found
Native extension for OSXStandalone target not found
Native extension for WebGL target not found
Refreshing native plugins compatible for Editor in 132.18 ms, found 3 plugins.
Preloading 0 native plugins for Editor in 0.00 ms.
Mono: successfully reloaded assembly
- Completed reload, in  0.866 seconds
Domain Reload Profiling:
	ReloadAssembly (867ms)
		BeginReloadAssembly (118ms)
			ExecutionOrderSort (0ms)
			DisableScriptedObjects (0ms)
			BackupInstance (0ms)
			ReleaseScriptingObjects (0ms)
			CreateAndSetChildDomain (1ms)
		EndReloadAssembly (583ms)
			LoadAssemblies (114ms)
			RebuildTransferFunctionScriptingTraits (0ms)
			SetupTypeCache (131ms)
				TypeCache.Initialize (131ms)
					TypeCache.ScanAssembly (129ms)
				ResolveRequiredComponents (0ms)
			ReleaseScriptCaches (0ms)
			RebuildScriptCaches (23ms)
			SetupLoadedEditorAssemblies (360ms)
				LogAssemblyErrors (0ms)
				InitializePlatformSupportModulesInManaged (80ms)
				SetLoadedEditorAssemblies (5ms)
				RefreshPlugins (132ms)
				BeforeProcessingInitializeOnLoad (1ms)
				ProcessInitializeOnLoadAttributes (98ms)
				ProcessInitializeOnLoadMethodAttributes (43ms)
				AfterProcessingInitializeOnLoad (0ms)
				EditorAssembliesLoaded (0ms)
			ExecutionOrderSort2 (0ms)
			AwakeInstancesAfterBackupRestoration (0ms)
Platform modules already initialized, skipping
Registering precompiled user dll's ...
Registered in 0.011782 seconds.
Begin MonoManager ReloadAssembly
Symbol file LoadedFromMemory doesn't match image C:\legoChristmasMicrogame\Library\PackageCache\com.unity.visualscripting@1.7.8\Editor\VisualScripting.Core\Dependencies\YamlDotNet\Unity.VisualScripting.YamlDotNet.dll
Symbol file LoadedFromMemory doesn't match image C:\legoChristmasMicrogame\Library\PackageCache\com.unity.visualscripting@1.7.8\Editor\VisualScripting.Core\Dependencies\DotNetZip\Unity.VisualScripting.IonicZip.dll
Native extension for UWP target not found
Native extension for LinuxStandalone target not found
Native extension for WindowsStandalone target not found
Native extension for AppleTV target not found
Native extension for iOS target not found
Native extension for Android target not found
Native extension for OSXStandalone target not found
Native extension for WebGL target not found
Refreshing native plugins compatible for Editor in 129.51 ms, found 3 plugins.
Preloading 0 native plugins for Editor in 0.00 ms.
Mono: successfully reloaded assembly
- Completed reload, in  1.574 seconds
Domain Reload Profiling:
	ReloadAssembly (1576ms)
		BeginReloadAssembly (144ms)
			ExecutionOrderSort (0ms)
			DisableScriptedObjects (5ms)
			BackupInstance (0ms)
			ReleaseScriptingObjects (0ms)
			CreateAndSetChildDomain (20ms)
		EndReloadAssembly (1291ms)
			LoadAssemblies (137ms)
			RebuildTransferFunctionScriptingTraits (0ms)
			SetupTypeCache (326ms)
				TypeCache.Initialize (313ms)
					TypeCache.ScanAssembly (308ms)
				ResolveRequiredComponents (13ms)
			ReleaseScriptCaches (1ms)
			RebuildScriptCaches (69ms)
			SetupLoadedEditorAssemblies (721ms)
				LogAssemblyErrors (0ms)
				InitializePlatformSupportModulesInManaged (47ms)
				SetLoadedEditorAssemblies (5ms)
				RefreshPlugins (130ms)
				BeforeProcessingInitializeOnLoad (140ms)
				ProcessInitializeOnLoadAttributes (298ms)
				ProcessInitializeOnLoadMethodAttributes (78ms)
				AfterProcessingInitializeOnLoad (22ms)
				EditorAssembliesLoaded (0ms)
			ExecutionOrderSort2 (0ms)
			AwakeInstancesAfterBackupRestoration (6ms)
Platform modules already initialized, skipping
========================================================================
Worker process is ready to serve import requests
Launched and connected shader compiler UnityShaderCompiler.exe after 0.16 seconds
Refreshing native plugins compatible for Editor in 1.81 ms, found 3 plugins.
Preloading 0 native plugins for Editor in 0.00 ms.
Unloading 5813 Unused Serialized files (Serialized files now loaded: 0)
Unloading 47 unused Assets / (422.0 KB). Loaded Objects now: 6269.
Memory consumption went from 0.90 GB to 0.90 GB.
Total: 4.894200 ms (FindLiveObjects: 0.784500 ms CreateObjectMapping: 0.164600 ms MarkObjects: 3.469200 ms  DeleteObjects: 0.475000 ms)

AssetImportParameters requested are different than current active one (requested -> active):
  custom:video-decoder-ogg-theora: a1e56fd34408186e4bbccfd4996cb3dc -> 
  custom:container-muxer-webm: aa71ff27fc2769a1b78a27578f13a17b -> 
  custom:container-demuxer-webm: 4f35f7cbe854078d1ac9338744f61a02 -> 
  custom:video-encoder-webm-vp8: eb34c28f22e8b96e1ab97ce403110664 -> 
  custom:audio-encoder-webm-vorbis: bf7c407c2cedff20999df2af8eb42d56 -> 
  custom:framework-win-MediaFoundation: 216162199b28c13a410421893ffa2e32 -> 
  custom:container-demuxer-ogg: 62fdf1f143b41e24485cea50d1cbac27 -> 
  custom:video-decoder-webm-vp8: 9c59270c3fd7afecdb556c50c9e8de78 -> 
  custom:audio-decoder-ogg-vorbis: bf7c407c2cedff20999df2af8eb42d56 -> 
========================================================================
Received Prepare
Registering precompiled user dll's ...
Registered in 0.015004 seconds.
Begin MonoManager ReloadAssembly
Symbol file LoadedFromMemory doesn't match image C:\legoChristmasMicrogame\Library\PackageCache\com.unity.visualscripting@1.7.8\Editor\VisualScripting.Core\Dependencies\YamlDotNet\Unity.VisualScripting.YamlDotNet.dll
Symbol file LoadedFromMemory doesn't match image C:\legoChristmasMicrogame\Library\PackageCache\com.unity.visualscripting@1.7.8\Editor\VisualScripting.Core\Dependencies\DotNetZip\Unity.VisualScripting.IonicZip.dll
Native extension for UWP target not found
Native extension for LinuxStandalone target not found
Native extension for WindowsStandalone target not found
Native extension for AppleTV target not found
Native extension for iOS target not found
Native extension for Android target not found
Native extension for OSXStandalone target not found
Native extension for WebGL target not found
Refreshing native plugins compatible for Editor in 2.06 ms, found 3 plugins.
Preloading 0 native plugins for Editor in 0.00 ms.
Mono: successfully reloaded assembly
- Completed reload, in  1.422 seconds
Domain Reload Profiling:
	ReloadAssembly (1423ms)
		BeginReloadAssembly (175ms)
			ExecutionOrderSort (0ms)
			DisableScriptedObjects (5ms)
			BackupInstance (0ms)
			ReleaseScriptingObjects (0ms)
			CreateAndSetChildDomain (49ms)
		EndReloadAssembly (1131ms)
			LoadAssemblies (129ms)
			RebuildTransferFunctionScriptingTraits (0ms)
			SetupTypeCache (314ms)
				TypeCache.Initialize (302ms)
					TypeCache.ScanAssembly (295ms)
				ResolveRequiredComponents (13ms)
			ReleaseScriptCaches (2ms)
			RebuildScriptCaches (52ms)
			SetupLoadedEditorAssemblies (585ms)
				LogAssemblyErrors (0ms)
				InitializePlatformSupportModulesInManaged (65ms)
				SetLoadedEditorAssemblies (8ms)
				RefreshPlugins (2ms)
				BeforeProcessingInitializeOnLoad (128ms)
				ProcessInitializeOnLoadAttributes (279ms)
				ProcessInitializeOnLoadMethodAttributes (78ms)
				AfterProcessingInitializeOnLoad (24ms)
				EditorAssembliesLoaded (0ms)
			ExecutionOrderSort2 (0ms)
			AwakeInstancesAfterBackupRestoration (8ms)
Platform modules already initialized, skipping
Refreshing native plugins compatible for Editor in 3.02 ms, found 3 plugins.
Preloading 0 native plugins for Editor in 0.00 ms.
Unloading 5674 Unused Serialized files (Serialized files now loaded: 0)
Unloading 28 unused Assets / (380.5 KB). Loaded Objects now: 6285.
Memory consumption went from 0.88 GB to 0.88 GB.
Total: 3.815300 ms (FindLiveObjects: 0.509100 ms CreateObjectMapping: 0.153800 ms MarkObjects: 3.049800 ms  DeleteObjects: 0.101500 ms)

AssetImportParameters requested are different than current active one (requested -> active):
  custom:video-decoder-ogg-theora: a1e56fd34408186e4bbccfd4996cb3dc -> 
  custom:container-muxer-webm: aa71ff27fc2769a1b78a27578f13a17b -> 
  custom:container-demuxer-webm: 4f35f7cbe854078d1ac9338744f61a02 -> 
  custom:video-encoder-webm-vp8: eb34c28f22e8b96e1ab97ce403110664 -> 
  custom:audio-encoder-webm-vorbis: bf7c407c2cedff20999df2af8eb42d56 -> 
  custom:framework-win-MediaFoundation: 216162199b28c13a410421893ffa2e32 -> 
  custom:container-demuxer-ogg: 62fdf1f143b41e24485cea50d1cbac27 -> 
  custom:video-decoder-webm-vp8: 9c59270c3fd7afecdb556c50c9e8de78 -> 
  custom:audio-decoder-ogg-vorbis: bf7c407c2cedff20999df2af8eb42d56 -> 
========================================================================
Received Prepare
Registering precompiled user dll's ...
Registered in 0.014538 seconds.
Begin MonoManager ReloadAssembly
Symbol file LoadedFromMemory doesn't match image C:\legoChristmasMicrogame\Library\PackageCache\com.unity.visualscripting@1.7.8\Editor\VisualScripting.Core\Dependencies\YamlDotNet\Unity.VisualScripting.YamlDotNet.dll
Symbol file LoadedFromMemory doesn't match image C:\legoChristmasMicrogame\Library\PackageCache\com.unity.visualscripting@1.7.8\Editor\VisualScripting.Core\Dependencies\DotNetZip\Unity.VisualScripting.IonicZip.dll
Native extension for UWP target not found
Native extension for LinuxStandalone target not found
Native extension for WindowsStandalone target not found
Native extension for AppleTV target not found
Native extension for iOS target not found
Native extension for Android target not found
Native extension for OSXStandalone target not found
Native extension for WebGL target not found
Refreshing native plugins compatible for Editor in 1.50 ms, found 3 plugins.
Preloading 0 native plugins for Editor in 0.00 ms.
Mono: successfully reloaded assembly
- Completed reload, in  1.439 seconds
Domain Reload Profiling:
	ReloadAssembly (1439ms)
		BeginReloadAssembly (183ms)
			ExecutionOrderSort (0ms)
			DisableScriptedObjects (5ms)
			BackupInstance (0ms)
			ReleaseScriptingObjects (0ms)
			CreateAndSetChildDomain (49ms)
		EndReloadAssembly (1126ms)
			LoadAssemblies (139ms)
			RebuildTransferFunctionScriptingTraits (0ms)
			SetupTypeCache (323ms)
				TypeCache.Initialize (311ms)
					TypeCache.ScanAssembly (304ms)
				ResolveRequiredComponents (13ms)
			ReleaseScriptCaches (2ms)
			RebuildScriptCaches (51ms)
			SetupLoadedEditorAssemblies (574ms)
				LogAssemblyErrors (0ms)
				InitializePlatformSupportModulesInManaged (68ms)
				SetLoadedEditorAssemblies (7ms)
				RefreshPlugins (2ms)
				BeforeProcessingInitializeOnLoad (120ms)
				ProcessInitializeOnLoadAttributes (280ms)
				ProcessInitializeOnLoadMethodAttributes (74ms)
				AfterProcessingInitializeOnLoad (22ms)
				EditorAssembliesLoaded (0ms)
			ExecutionOrderSort2 (0ms)
			AwakeInstancesAfterBackupRestoration (8ms)
Platform modules already initialized, skipping
Refreshing native plugins compatible for Editor in 3.89 ms, found 3 plugins.
Preloading 0 native plugins for Editor in 0.00 ms.
Unloading 5674 Unused Serialized files (Serialized files now loaded: 0)
Unloading 28 unused Assets / (380.7 KB). Loaded Objects now: 6301.
Memory consumption went from 0.88 GB to 0.88 GB.
Total: 4.063000 ms (FindLiveObjects: 0.564800 ms CreateObjectMapping: 0.139200 ms MarkObjects: 3.237300 ms  DeleteObjects: 0.120200 ms)

AssetImportParameters requested are different than current active one (requested -> active):
  custom:video-decoder-ogg-theora: a1e56fd34408186e4bbccfd4996cb3dc -> 
  custom:container-muxer-webm: aa71ff27fc2769a1b78a27578f13a17b -> 
  custom:container-demuxer-webm: 4f35f7cbe854078d1ac9338744f61a02 -> 
  custom:video-encoder-webm-vp8: eb34c28f22e8b96e1ab97ce403110664 -> 
  custom:audio-encoder-webm-vorbis: bf7c407c2cedff20999df2af8eb42d56 -> 
  custom:framework-win-MediaFoundation: 216162199b28c13a410421893ffa2e32 -> 
  custom:container-demuxer-ogg: 62fdf1f143b41e24485cea50d1cbac27 -> 
  custom:video-decoder-webm-vp8: 9c59270c3fd7afecdb556c50c9e8de78 -> 
  custom:audio-decoder-ogg-vorbis: bf7c407c2cedff20999df2af8eb42d56 -> 
========================================================================
Received Prepare
Registering precompiled user dll's ...
Registered in 0.016283 seconds.
Begin MonoManager ReloadAssembly
Symbol file LoadedFromMemory doesn't match image C:\legoChristmasMicrogame\Library\PackageCache\com.unity.visualscripting@1.7.8\Editor\VisualScripting.Core\Dependencies\YamlDotNet\Unity.VisualScripting.YamlDotNet.dll
Symbol file LoadedFromMemory doesn't match image C:\legoChristmasMicrogame\Library\PackageCache\com.unity.visualscripting@1.7.8\Editor\VisualScripting.Core\Dependencies\DotNetZip\Unity.VisualScripting.IonicZip.dll
Native extension for UWP target not found
Native extension for LinuxStandalone target not found
Native extension for WindowsStandalone target not found
Native extension for AppleTV target not found
Native extension for iOS target not found
Native extension for Android target not found
Native extension for OSXStandalone target not found
Native extension for WebGL target not found
Refreshing native plugins compatible for Editor in 2.01 ms, found 3 plugins.
Preloading 0 native plugins for Editor in 0.00 ms.
Mono: successfully reloaded assembly
- Completed reload, in  1.773 seconds
Domain Reload Profiling:
	ReloadAssembly (1774ms)
		BeginReloadAssembly (186ms)
			ExecutionOrderSort (0ms)
			DisableScriptedObjects (5ms)
			BackupInstance (0ms)
			ReleaseScriptingObjects (0ms)
			CreateAndSetChildDomain (50ms)
		EndReloadAssembly (1459ms)
			LoadAssemblies (143ms)
			RebuildTransferFunctionScriptingTraits (0ms)
			SetupTypeCache (491ms)
				TypeCache.Initialize (473ms)
					TypeCache.ScanAssembly (465ms)
				ResolveRequiredComponents (18ms)
			ReleaseScriptCaches (2ms)
			RebuildScriptCaches (61ms)
			SetupLoadedEditorAssemblies (678ms)
				LogAssemblyErrors (0ms)
				InitializePlatformSupportModulesInManaged (67ms)
				SetLoadedEditorAssemblies (6ms)
				RefreshPlugins (2ms)
				BeforeProcessingInitializeOnLoad (125ms)
				ProcessInitializeOnLoadAttributes (365ms)
				ProcessInitializeOnLoadMethodAttributes (87ms)
				AfterProcessingInitializeOnLoad (26ms)
				EditorAssembliesLoaded (0ms)
			ExecutionOrderSort2 (0ms)
			AwakeInstancesAfterBackupRestoration (8ms)
Platform modules already initialized, skipping
Refreshing native plugins compatible for Editor in 3.24 ms, found 3 plugins.
Preloading 0 native plugins for Editor in 0.00 ms.
Unloading 5674 Unused Serialized files (Serialized files now loaded: 0)
Unloading 28 unused Assets / (380.6 KB). Loaded Objects now: 6317.
Memory consumption went from 0.88 GB to 0.88 GB.
Total: 4.775900 ms (FindLiveObjects: 0.612700 ms CreateObjectMapping: 0.165000 ms MarkObjects: 3.881500 ms  DeleteObjects: 0.115600 ms)

AssetImportParameters requested are different than current active one (requested -> active):
  custom:video-decoder-ogg-theora: a1e56fd34408186e4bbccfd4996cb3dc -> 
  custom:container-muxer-webm: aa71ff27fc2769a1b78a27578f13a17b -> 
  custom:container-demuxer-webm: 4f35f7cbe854078d1ac9338744f61a02 -> 
  custom:video-encoder-webm-vp8: eb34c28f22e8b96e1ab97ce403110664 -> 
  custom:audio-encoder-webm-vorbis: bf7c407c2cedff20999df2af8eb42d56 -> 
  custom:framework-win-MediaFoundation: 216162199b28c13a410421893ffa2e32 -> 
  custom:container-demuxer-ogg: 62fdf1f143b41e24485cea50d1cbac27 -> 
  custom:video-decoder-webm-vp8: 9c59270c3fd7afecdb556c50c9e8de78 -> 
  custom:audio-decoder-ogg-vorbis: bf7c407c2cedff20999df2af8eb42d56 -> 
========================================================================
Received Import Request.
  Time since last request: 342377.915114 seconds.
  path: Assets/LEGO Data/Geometry/New/LOD0/2357.fbx
  artifactKey: Guid(78b1b426d5490414ba93ccde304d2596) Importer(815301076,1909f56bfc062723c751e8b465ee728b)
Start importing Assets/LEGO Data/Geometry/New/LOD0/2357.fbx using Guid(78b1b426d5490414ba93ccde304d2596) Importer(815301076,1909f56bfc062723c751e8b465ee728b)  -> (artifact id: '30c8dd03aa46c56156c48c1bca754448') in 1.827312 seconds 
========================================================================
Received Import Request.
  Time since last request: 0.000031 seconds.
  path: Assets/LEGO Data/Geometry/New/LOD0/2489.fbx
  artifactKey: Guid(f2eeff61e86e64266be9282e0c4057e1) Importer(815301076,1909f56bfc062723c751e8b465ee728b)
Start importing Assets/LEGO Data/Geometry/New/LOD0/2489.fbx using Guid(f2eeff61e86e64266be9282e0c4057e1) Importer(815301076,1909f56bfc062723c751e8b465ee728b)  -> (artifact id: 'c95488806953dd0eea73c496609e0700') in 0.038196 seconds 
========================================================================
Received Import Request.
  Time since last request: 0.000038 seconds.
  path: Assets/LEGO Data/Geometry/New/LOD0/3069.fbx
  artifactKey: Guid(b8cf2bfad9a5f456a9aab6eed03bc8cb) Importer(815301076,1909f56bfc062723c751e8b465ee728b)
Start importing Assets/LEGO Data/Geometry/New/LOD0/3069.fbx using Guid(b8cf2bfad9a5f456a9aab6eed03bc8cb) Importer(815301076,1909f56bfc062723c751e8b465ee728b)  -> (artifact id: '9a9e9a3e117f2df0be55b81221588be5') in 0.054833 seconds 
========================================================================
Received Import Request.
  Time since last request: 0.000040 seconds.
  path: Assets/LEGO Data/Geometry/New/LOD0/2540.fbx
  artifactKey: Guid(941b530b59ac44242bcb8a9b43e49cea) Importer(815301076,1909f56bfc062723c751e8b465ee728b)
Start importing Assets/LEGO Data/Geometry/New/LOD0/2540.fbx using Guid(941b530b59ac44242bcb8a9b43e49cea) Importer(815301076,1909f56bfc062723c751e8b465ee728b)  -> (artifact id: 'a6f0b3f7e151ea2b6d6d9e5d7fc04458') in 0.045026 seconds 
========================================================================
Received Import Request.
  Time since last request: 0.000046 seconds.
  path: Assets/LEGO Data/Geometry/New/LOD0/3878.fbx
  artifactKey: Guid(f6f55e8595c5540ef92b50aa347a954d) Importer(815301076,1909f56bfc062723c751e8b465ee728b)
Start importing Assets/LEGO Data/Geometry/New/LOD0/3878.fbx using Guid(f6f55e8595c5540ef92b50aa347a954d) Importer(815301076,1909f56bfc062723c751e8b465ee728b)  -> (artifact id: '4437035b36ef3c3624cddda9121a7cf4') in 0.050025 seconds 
========================================================================
Received Import Request.
  Time since last request: 0.000033 seconds.
  path: Assets/LEGO Data/Geometry/New/LOD0/2450.fbx
  artifactKey: Guid(48d1c1ab234d8459e8089019594c617f) Importer(815301076,1909f56bfc062723c751e8b465ee728b)
Start importing Assets/LEGO Data/Geometry/New/LOD0/2450.fbx using Guid(48d1c1ab234d8459e8089019594c617f) Importer(815301076,1909f56bfc062723c751e8b465ee728b)  -> (artifact id: 'b3dbc54a47fe514f51ee42b11bccd6be') in 0.044566 seconds 
========================================================================
Received Import Request.
  Time since last request: 0.000027 seconds.
  path: Assets/LEGO Data/Geometry/New/LOD0/4287.fbx
  artifactKey: Guid(66b9f3fa83ea64ae1ac80142202c2fa1) Importer(815301076,1909f56bfc062723c751e8b465ee728b)
Start importing Assets/LEGO Data/Geometry/New/LOD0/4287.fbx using Guid(66b9f3fa83ea64ae1ac80142202c2fa1) Importer(815301076,1909f56bfc062723c751e8b465ee728b)  -> (artifact id: '52b06bf5b163961d4afebb8be70599bc') in 0.043713 seconds 
========================================================================
Received Import Request.
  Time since last request: 0.000041 seconds.
  path: Assets/LEGO Data/Geometry/New/LOD0/3065.fbx
  artifactKey: Guid(4663ab457b9b0ef45bee44299e22c969) Importer(815301076,1909f56bfc062723c751e8b465ee728b)
Start importing Assets/LEGO Data/Geometry/New/LOD0/3065.fbx using Guid(4663ab457b9b0ef45bee44299e22c969) Importer(815301076,1909f56bfc062723c751e8b465ee728b)  -> (artifact id: '3c98a01a07d23397ecc0c3213021bb64') in 0.059708 seconds 
========================================================================
Received Import Request.
  Time since last request: 0.000075 seconds.
  path: Assets/LEGO Data/Geometry/New/LOD0/3660.fbx
  artifactKey: Guid(3fd9cba1a31f54c6cbf6ecc905617563) Importer(815301076,1909f56bfc062723c751e8b465ee728b)
Start importing Assets/LEGO Data/Geometry/New/LOD0/3660.fbx using Guid(3fd9cba1a31f54c6cbf6ecc905617563) Importer(815301076,1909f56bfc062723c751e8b465ee728b)  -> (artifact id: '430feb4813636b31fdf9bf85f5ef7b16') in 0.068578 seconds 
========================================================================
Received Import Request.
  Time since last request: 0.000061 seconds.
  path: Assets/LEGO Data/Geometry/New/LOD0/3460.fbx
  artifactKey: Guid(577164cc019e14bb69824f661a63d1c2) Importer(815301076,1909f56bfc062723c751e8b465ee728b)
Start importing Assets/LEGO Data/Geometry/New/LOD0/3460.fbx using Guid(577164cc019e14bb69824f661a63d1c2) Importer(815301076,1909f56bfc062723c751e8b465ee728b)  -> (artifact id: '959a7d1aed9c753c3003b60b41178607') in 0.045703 seconds 
========================================================================
Received Import Request.
  Time since last request: 0.000041 seconds.
  path: Assets/LEGO Data/Geometry/New/LOD0/3659.fbx
  artifactKey: Guid(44a3bf47db73e498896925c1d616b10d) Importer(815301076,1909f56bfc062723c751e8b465ee728b)
Start importing Assets/LEGO Data/Geometry/New/LOD0/3659.fbx using Guid(44a3bf47db73e498896925c1d616b10d) Importer(815301076,1909f56bfc062723c751e8b465ee728b)  -> (artifact id: '912322925fb10ecf4454581d01e7698b') in 0.039465 seconds 
========================================================================
Received Import Request.
  Time since last request: 0.000046 seconds.
  path: Assets/LEGO Data/Geometry/New/LOD0/3960.fbx
  artifactKey: Guid(4221b139da7974c0883eeff83f00016b) Importer(815301076,1909f56bfc062723c751e8b465ee728b)
Start importing Assets/LEGO Data/Geometry/New/LOD0/3960.fbx using Guid(4221b139da7974c0883eeff83f00016b) Importer(815301076,1909f56bfc062723c751e8b465ee728b)  -> (artifact id: '304873c7cf988b681f8a04076ffcac52') in 0.052122 seconds 
========================================================================
Received Import Request.
  Time since last request: 0.000042 seconds.
  path: Assets/LEGO Data/Geometry/New/LOD0/4032.fbx
  artifactKey: Guid(4c68faf9de6654bdaa3cb759d51e64c9) Importer(815301076,1909f56bfc062723c751e8b465ee728b)
Start importing Assets/LEGO Data/Geometry/New/LOD0/4032.fbx using Guid(4c68faf9de6654bdaa3cb759d51e64c9) Importer(815301076,1909f56bfc062723c751e8b465ee728b)  -> (artifact id: 'ab8d166b9c9f6adaa8c1a1eff1cf9c28') in 0.032530 seconds 
========================================================================
Received Import Request.
  Time since last request: 0.000032 seconds.
  path: Assets/LEGO Data/Geometry/New/LOD0/2486.fbx
  artifactKey: Guid(c9e7bfeae632f466b9d3a33450cc5009) Importer(815301076,1909f56bfc062723c751e8b465ee728b)
Start importing Assets/LEGO Data/Geometry/New/LOD0/2486.fbx using Guid(c9e7bfeae632f466b9d3a33450cc5009) Importer(815301076,1909f56bfc062723c751e8b465ee728b)  -> (artifact id: '38b4b9305362a9af91a703a4e3cb2ef8') in 0.031637 seconds 
========================================================================
Received Import Request.
  Time since last request: 0.000027 seconds.
  path: Assets/LEGO Data/Geometry/New/LOD0/3035.fbx
  artifactKey: Guid(9d6ba3e674b864c389fce0f15bd210cf) Importer(815301076,1909f56bfc062723c751e8b465ee728b)
Start importing Assets/LEGO Data/Geometry/New/LOD0/3035.fbx using Guid(9d6ba3e674b864c389fce0f15bd210cf) Importer(815301076,1909f56bfc062723c751e8b465ee728b)  -> (artifact id: 'd00421981630d5d9e640ec07bb02869d') in 0.042299 seconds 
========================================================================
Received Import Request.
  Time since last request: 0.000036 seconds.
  path: Assets/LEGO Data/Geometry/New/LOD0/4445.fbx
  artifactKey: Guid(38b4bce18bea54177bcf265e6a1403f0) Importer(815301076,1909f56bfc062723c751e8b465ee728b)
Start importing Assets/LEGO Data/Geometry/New/LOD0/4445.fbx using Guid(38b4bce18bea54177bcf265e6a1403f0) Importer(815301076,1909f56bfc062723c751e8b465ee728b)  -> (artifact id: 'd3a71e925ad8323508c44e1b40a030ff') in 0.039506 seconds 
========================================================================
Received Import Request.
  Time since last request: 0.000028 seconds.
  path: Assets/LEGO Data/Geometry/New/LOD0/3031.fbx
  artifactKey: Guid(14a4e85a76b4a4211b91b537285421be) Importer(815301076,1909f56bfc062723c751e8b465ee728b)
Start importing Assets/LEGO Data/Geometry/New/LOD0/3031.fbx using Guid(14a4e85a76b4a4211b91b537285421be) Importer(815301076,1909f56bfc062723c751e8b465ee728b)  -> (artifact id: 'b356aa8f7e67c03e346aabcb90db530a') in 0.045940 seconds 
========================================================================
Received Import Request.
  Time since last request: 0.000038 seconds.
  path: Assets/LEGO Data/Geometry/New/LOD0/2432.fbx
  artifactKey: Guid(58fd1cef457484bb9bbb97c3f3eaa65e) Importer(815301076,1909f56bfc062723c751e8b465ee728b)
Start importing Assets/LEGO Data/Geometry/New/LOD0/2432.fbx using Guid(58fd1cef457484bb9bbb97c3f3eaa65e) Importer(815301076,1909f56bfc062723c751e8b465ee728b)  -> (artifact id: 'eb68990ef766a559b20b0ae9e232e246') in 0.046115 seconds 
========================================================================
Received Import Request.
  Time since last request: 0.000041 seconds.
  path: Assets/LEGO Data/Geometry/New/LOD0/3022.fbx
  artifactKey: Guid(4f8a699f5ed9c448f80176cedc526e5e) Importer(815301076,1909f56bfc062723c751e8b465ee728b)
Start importing Assets/LEGO Data/Geometry/New/LOD0/3022.fbx using Guid(4f8a699f5ed9c448f80176cedc526e5e) Importer(815301076,1909f56bfc062723c751e8b465ee728b)  -> (artifact id: '5bd243db5f658bb5afadad188d6be7bf') in 0.070310 seconds 
========================================================================
Received Import Request.
  Time since last request: 0.000030 seconds.
  path: Assets/LEGO Data/Geometry/New/LOD0/4094.fbx
  artifactKey: Guid(66668a8a6820a47c69ca21d3d2613e26) Importer(815301076,1909f56bfc062723c751e8b465ee728b)
Start importing Assets/LEGO Data/Geometry/New/LOD0/4094.fbx using Guid(66668a8a6820a47c69ca21d3d2613e26) Importer(815301076,1909f56bfc062723c751e8b465ee728b)  -> (artifact id: '4b8aef2fe1abb38a21c5ba75fbb9f6ba') in 0.047627 seconds 
========================================================================
Received Import Request.
  Time since last request: 0.000033 seconds.
  path: Assets/LEGO Data/Geometry/New/LOD0/3068.fbx
  artifactKey: Guid(f121d421355414b60aed4d142f316819) Importer(815301076,1909f56bfc062723c751e8b465ee728b)
Start importing Assets/LEGO Data/Geometry/New/LOD0/3068.fbx using Guid(f121d421355414b60aed4d142f316819) Importer(815301076,1909f56bfc062723c751e8b465ee728b)  -> (artifact id: '472cae5f361d8e84662b4ad02c42708e') in 0.049888 seconds 
========================================================================
Received Import Request.
  Time since last request: 0.000034 seconds.
  path: Assets/LEGO Data/Geometry/New/LOD0/4081.fbx
  artifactKey: Guid(7c8714821b728487cb8ecb0784fb2237) Importer(815301076,1909f56bfc062723c751e8b465ee728b)
Start importing Assets/LEGO Data/Geometry/New/LOD0/4081.fbx using Guid(7c8714821b728487cb8ecb0784fb2237) Importer(815301076,1909f56bfc062723c751e8b465ee728b)  -> (artifact id: '47861f7ea0f49a5a1d4a325317932bdc') in 0.043288 seconds 
========================================================================
Received Import Request.
  Time since last request: 0.000047 seconds.
  path: Assets/LEGO Data/Geometry/New/LOD0/3002.fbx
  artifactKey: Guid(e9243068443d54961a83fd541383bd8a) Importer(815301076,1909f56bfc062723c751e8b465ee728b)
Start importing Assets/LEGO Data/Geometry/New/LOD0/3002.fbx using Guid(e9243068443d54961a83fd541383bd8a) Importer(815301076,1909f56bfc062723c751e8b465ee728b)  -> (artifact id: 'bd0e1b830d892b26be7a440d5f03290b') in 0.044402 seconds 
========================================================================
Received Import Request.
  Time since last request: 0.000031 seconds.
  path: Assets/LEGO Data/Geometry/New/LOD0/4282.fbx
  artifactKey: Guid(e27150c7e0a484dbeb279d20bfc8c0a3) Importer(815301076,1909f56bfc062723c751e8b465ee728b)
Start importing Assets/LEGO Data/Geometry/New/LOD0/4282.fbx using Guid(e27150c7e0a484dbeb279d20bfc8c0a3) Importer(815301076,1909f56bfc062723c751e8b465ee728b)  -> (artifact id: 'd1efb728765bc022c5f3d2df58d07873') in 0.040915 seconds 
========================================================================
Received Import Request.
  Time since last request: 0.000038 seconds.
  path: Assets/LEGO Data/Geometry/New/LOD0/2654.fbx
  artifactKey: Guid(f19aa6a32acbe4e00a47e3e63dbf577f) Importer(815301076,1909f56bfc062723c751e8b465ee728b)
Start importing Assets/LEGO Data/Geometry/New/LOD0/2654.fbx using Guid(f19aa6a32acbe4e00a47e3e63dbf577f) Importer(815301076,1909f56bfc062723c751e8b465ee728b)  -> (artifact id: '7c839920d549bd61df5fb5b62b0f6b01') in 0.053886 seconds 
========================================================================
Received Import Request.
  Time since last request: 0.000023 seconds.
  path: Assets/LEGO Data/Geometry/New/LOD0/4285.fbx
  artifactKey: Guid(357febd52d3044a64be56cd86393a39f) Importer(815301076,1909f56bfc062723c751e8b465ee728b)
Start importing Assets/LEGO Data/Geometry/New/LOD0/4285.fbx using Guid(357febd52d3044a64be56cd86393a39f) Importer(815301076,1909f56bfc062723c751e8b465ee728b)  -> (artifact id: '46be02f758ee610266995316ef8fa4f5') in 0.037896 seconds 
========================================================================
Received Import Request.
  Time since last request: 0.000033 seconds.
  path: Assets/LEGO Data/Geometry/New/LOD0/3678.fbx
  artifactKey: Guid(bb827f4ce38be4b9b816787e70ddedcd) Importer(815301076,1909f56bfc062723c751e8b465ee728b)
Start importing Assets/LEGO Data/Geometry/New/LOD0/3678.fbx using Guid(bb827f4ce38be4b9b816787e70ddedcd) Importer(815301076,1909f56bfc062723c751e8b465ee728b)  -> (artifact id: 'fda61c9ef457e09163a25927c712fa4d') in 0.064455 seconds 
========================================================================
Received Import Request.
  Time since last request: 0.000055 seconds.
  path: Assets/LEGO Data/Geometry/New/LOD0/4085.fbx
  artifactKey: Guid(4664f4067905c485ba838da4d122d556) Importer(815301076,1909f56bfc062723c751e8b465ee728b)
Start importing Assets/LEGO Data/Geometry/New/LOD0/4085.fbx using Guid(4664f4067905c485ba838da4d122d556) Importer(815301076,1909f56bfc062723c751e8b465ee728b)  -> (artifact id: '72be1eb8287d5016a669b7a84eff9896') in 0.056104 seconds 
========================================================================
Received Import Request.
  Time since last request: 0.000051 seconds.
  path: Assets/LEGO Data/Geometry/New/LOD0/3245.fbx
  artifactKey: Guid(65783267d61e74adcbb86b2102c57ce4) Importer(815301076,1909f56bfc062723c751e8b465ee728b)
Start importing Assets/LEGO Data/Geometry/New/LOD0/3245.fbx using Guid(65783267d61e74adcbb86b2102c57ce4) Importer(815301076,1909f56bfc062723c751e8b465ee728b)  -> (artifact id: '78c65ae6aff3651cb75cde9d568a430e') in 0.063329 seconds 
========================================================================
Received Import Request.
  Time since last request: 0.000029 seconds.
  path: Assets/LEGO Data/Geometry/New/LOD0/3957.fbx
  artifactKey: Guid(769fa88db2bf8463dbcb9f402e59b600) Importer(815301076,1909f56bfc062723c751e8b465ee728b)
Start importing Assets/LEGO Data/Geometry/New/LOD0/3957.fbx using Guid(769fa88db2bf8463dbcb9f402e59b600) Importer(815301076,1909f56bfc062723c751e8b465ee728b)  -> (artifact id: 'f1a378e24761e3fd6a8f7355c8672ba5') in 0.036526 seconds 
========================================================================
Received Import Request.
  Time since last request: 0.000036 seconds.
  path: Assets/LEGO Data/Geometry/New/LOD0/3044.fbx
  artifactKey: Guid(059b5d6e75b0d4519a22e4d455eda6bb) Importer(815301076,1909f56bfc062723c751e8b465ee728b)
Start importing Assets/LEGO Data/Geometry/New/LOD0/3044.fbx using Guid(059b5d6e75b0d4519a22e4d455eda6bb) Importer(815301076,1909f56bfc062723c751e8b465ee728b)  -> (artifact id: '042c2a18b121abe15c641a6464fefe25') in 0.040344 seconds 
========================================================================
Received Import Request.
  Time since last request: 0.000032 seconds.
  path: Assets/LEGO Data/Geometry/New/LOD0/3710.fbx
  artifactKey: Guid(4e88fac9134db4232ad9869398b10edb) Importer(815301076,1909f56bfc062723c751e8b465ee728b)
Start importing Assets/LEGO Data/Geometry/New/LOD0/3710.fbx using Guid(4e88fac9134db4232ad9869398b10edb) Importer(815301076,1909f56bfc062723c751e8b465ee728b)  -> (artifact id: '32b9fa16be5d79af290c449e9b085214') in 0.059195 seconds 
========================================================================
Received Import Request.
  Time since last request: 0.000037 seconds.
  path: Assets/LEGO Data/Geometry/New/LOD0/3032.fbx
  artifactKey: Guid(9669827953f164195881b16cb33b0c6b) Importer(815301076,1909f56bfc062723c751e8b465ee728b)
Start importing Assets/LEGO Data/Geometry/New/LOD0/3032.fbx using Guid(9669827953f164195881b16cb33b0c6b) Importer(815301076,1909f56bfc062723c751e8b465ee728b)  -> (artifact id: 'd5e442bdf0642d67afb0583c38ced52c') in 0.043060 seconds 
========================================================================
Received Import Request.
  Time since last request: 0.000027 seconds.
  path: Assets/LEGO Data/Geometry/New/LOD0/3298.fbx
  artifactKey: Guid(d5f329c15818e40b2b30369ac3a22415) Importer(815301076,1909f56bfc062723c751e8b465ee728b)
Start importing Assets/LEGO Data/Geometry/New/LOD0/3298.fbx using Guid(d5f329c15818e40b2b30369ac3a22415) Importer(815301076,1909f56bfc062723c751e8b465ee728b)  -> (artifact id: '83e3a14f06afd6b07c5a255c0c7abdc2') in 0.056885 seconds 
========================================================================
Received Import Request.
  Time since last request: 0.000044 seconds.
  path: Assets/LEGO Data/Geometry/New/LOD0/3633.fbx
  artifactKey: Guid(0f0eab3157701410e9d7f15d804b6728) Importer(815301076,1909f56bfc062723c751e8b465ee728b)
Start importing Assets/LEGO Data/Geometry/New/LOD0/3633.fbx using Guid(0f0eab3157701410e9d7f15d804b6728) Importer(815301076,1909f56bfc062723c751e8b465ee728b)  -> (artifact id: '6ec75cc82634d707b0b587e4b29e97e9') in 0.040211 seconds 
========================================================================
Received Import Request.
  Time since last request: 0.000035 seconds.
  path: Assets/LEGO Data/Geometry/New/LOD0/3673.fbx
  artifactKey: Guid(b992139d26c79496fb419686f7cbdb71) Importer(815301076,1909f56bfc062723c751e8b465ee728b)
Start importing Assets/LEGO Data/Geometry/New/LOD0/3673.fbx using Guid(b992139d26c79496fb419686f7cbdb71) Importer(815301076,1909f56bfc062723c751e8b465ee728b)  -> (artifact id: '10eaeab766ee6c95cffd8513135a2458') in 0.035130 seconds 
========================================================================
Received Import Request.
  Time since last request: 0.000029 seconds.
  path: Assets/LEGO Data/Geometry/New/LOD0/3033.fbx
  artifactKey: Guid(78f1b89fb91ef4b7fa07aa680bcf5242) Importer(815301076,1909f56bfc062723c751e8b465ee728b)
Start importing Assets/LEGO Data/Geometry/New/LOD0/3033.fbx using Guid(78f1b89fb91ef4b7fa07aa680bcf5242) Importer(815301076,1909f56bfc062723c751e8b465ee728b)  -> (artifact id: '383a1f979e8d93ec3cb08a45d13a933a') in 0.042630 seconds 
========================================================================
Received Import Request.
  Time since last request: 0.000035 seconds.
  path: Assets/LEGO Data/Geometry/New/LOD0/3038.fbx
  artifactKey: Guid(4ca4a2347362a4cf5849cb46d12d23e5) Importer(815301076,1909f56bfc062723c751e8b465ee728b)
Start importing Assets/LEGO Data/Geometry/New/LOD0/3038.fbx using Guid(4ca4a2347362a4cf5849cb46d12d23e5) Importer(815301076,1909f56bfc062723c751e8b465ee728b)  -> (artifact id: '6b90859fcf3caa7b5e14b42ae445d439') in 0.050285 seconds 
========================================================================
Received Import Request.
  Time since last request: 0.000028 seconds.
  path: Assets/LEGO Data/Geometry/New/LOD0/3010.fbx
  artifactKey: Guid(52d6bbe6069db4094814b7cc0de61edb) Importer(815301076,1909f56bfc062723c751e8b465ee728b)
Start importing Assets/LEGO Data/Geometry/New/LOD0/3010.fbx using Guid(52d6bbe6069db4094814b7cc0de61edb) Importer(815301076,1909f56bfc062723c751e8b465ee728b)  -> (artifact id: 'a3299145d766569ed0b8671ca016f149') in 0.066084 seconds 
========================================================================
Received Import Request.
  Time since last request: 0.000027 seconds.
  path: Assets/LEGO Data/Geometry/New/LOD0/3688.fbx
  artifactKey: Guid(626ae089e563d4135b4c8e56138ec932) Importer(815301076,1909f56bfc062723c751e8b465ee728b)
Start importing Assets/LEGO Data/Geometry/New/LOD0/3688.fbx using Guid(626ae089e563d4135b4c8e56138ec932) Importer(815301076,1909f56bfc062723c751e8b465ee728b)  -> (artifact id: '2617ff14629ce030014a6d7c851b3f48') in 0.037248 seconds 
========================================================================
Received Import Request.
  Time since last request: 0.000035 seconds.
  path: Assets/LEGO Data/Geometry/New/LOD0/3005.fbx
  artifactKey: Guid(f982c83dc80dc4aaea2ab20e79a978cc) Importer(815301076,1909f56bfc062723c751e8b465ee728b)
Start importing Assets/LEGO Data/Geometry/New/LOD0/3005.fbx using Guid(f982c83dc80dc4aaea2ab20e79a978cc) Importer(815301076,1909f56bfc062723c751e8b465ee728b)  -> (artifact id: 'caea5a646efa3dc538cd5258d69b50bc') in 0.053884 seconds 
========================================================================
Received Import Request.
  Time since last request: 0.000034 seconds.
  path: Assets/LEGO Data/Geometry/New/LOD0/2449.fbx
  artifactKey: Guid(096d12a8c68ae444cafaaf6412f9ad24) Importer(815301076,1909f56bfc062723c751e8b465ee728b)
Start importing Assets/LEGO Data/Geometry/New/LOD0/2449.fbx using Guid(096d12a8c68ae444cafaaf6412f9ad24) Importer(815301076,1909f56bfc062723c751e8b465ee728b)  -> (artifact id: 'cfe4ad1b855144a68ec8f1618fddd739') in 0.062777 seconds 
========================================================================
Received Import Request.
  Time since last request: 0.000029 seconds.
  path: Assets/LEGO Data/Geometry/New/LOD0/2419.fbx
  artifactKey: Guid(c1de6b8375f0d4cac993bb929a56eff1) Importer(815301076,1909f56bfc062723c751e8b465ee728b)
Start importing Assets/LEGO Data/Geometry/New/LOD0/2419.fbx using Guid(c1de6b8375f0d4cac993bb929a56eff1) Importer(815301076,1909f56bfc062723c751e8b465ee728b)  -> (artifact id: 'd8f3564678b4b69a7dfa2029159d9bc2') in 0.055956 seconds 
========================================================================
Received Import Request.
  Time since last request: 0.000030 seconds.
  path: Assets/LEGO Data/Geometry/New/LOD0/2730.fbx
  artifactKey: Guid(3890a0996417ee64597bcc96b8fe32f8) Importer(815301076,1909f56bfc062723c751e8b465ee728b)
Start importing Assets/LEGO Data/Geometry/New/LOD0/2730.fbx using Guid(3890a0996417ee64597bcc96b8fe32f8) Importer(815301076,1909f56bfc062723c751e8b465ee728b)  -> (artifact id: 'e8d0a4993bcc9eb4209875021671d106') in 0.039707 seconds 
========================================================================
Received Import Request.
  Time since last request: 0.000026 seconds.
  path: Assets/LEGO Data/Geometry/New/LOD0/3741.fbx
  artifactKey: Guid(d7203667415e74f2c8ff53fd3ab1574a) Importer(815301076,1909f56bfc062723c751e8b465ee728b)
Start importing Assets/LEGO Data/Geometry/New/LOD0/3741.fbx using Guid(d7203667415e74f2c8ff53fd3ab1574a) Importer(815301076,1909f56bfc062723c751e8b465ee728b)  -> (artifact id: 'a209ff8012b61a4fa8337ef6ca6e89b5') in 0.037302 seconds 
========================================================================
Received Import Request.
  Time since last request: 0.000100 seconds.
  path: Assets/LEGO Data/Geometry/New/LOD0/4349.fbx
  artifactKey: Guid(a39290383203649919495809f7017c3c) Importer(815301076,1909f56bfc062723c751e8b465ee728b)
Start importing Assets/LEGO Data/Geometry/New/LOD0/4349.fbx using Guid(a39290383203649919495809f7017c3c) Importer(815301076,1909f56bfc062723c751e8b465ee728b)  -> (artifact id: '9b3c4b46d754772b5ff34804576648bf') in 0.038192 seconds 
========================================================================
Received Import Request.
  Time since last request: 0.000026 seconds.
  path: Assets/LEGO Data/Geometry/New/LOD0/4341.fbx
  artifactKey: Guid(4d71f917efbaf434fa8f39c62e6a0369) Importer(815301076,1909f56bfc062723c751e8b465ee728b)
Start importing Assets/LEGO Data/Geometry/New/LOD0/4341.fbx using Guid(4d71f917efbaf434fa8f39c62e6a0369) Importer(815301076,1909f56bfc062723c751e8b465ee728b)  -> (artifact id: 'b4152ac4c1d1f724e985183c33a47502') in 0.037720 seconds 
========================================================================
Received Import Request.
  Time since last request: 0.000040 seconds.
  path: Assets/LEGO Data/Geometry/New/LOD0/3036.fbx
  artifactKey: Guid(be4283711c4f34702a2f1e5bb7bec909) Importer(815301076,1909f56bfc062723c751e8b465ee728b)
Start importing Assets/LEGO Data/Geometry/New/LOD0/3036.fbx using Guid(be4283711c4f34702a2f1e5bb7bec909) Importer(815301076,1909f56bfc062723c751e8b465ee728b)  -> (artifact id: 'e60bedcb3889d1d9ede19e1ef615691d') in 0.049750 seconds 
========================================================================
Received Import Request.
  Time since last request: 0.000039 seconds.
  path: Assets/LEGO Data/Geometry/New/LOD0/2577.fbx
  artifactKey: Guid(8716d6a3045dd4d0380cb25aa94aa14b) Importer(815301076,1909f56bfc062723c751e8b465ee728b)
Start importing Assets/LEGO Data/Geometry/New/LOD0/2577.fbx using Guid(8716d6a3045dd4d0380cb25aa94aa14b) Importer(815301076,1909f56bfc062723c751e8b465ee728b)  -> (artifact id: '1f62caa45028e03459c3ba5cb457714b') in 0.045121 seconds 
========================================================================
Received Import Request.
  Time since last request: 0.000033 seconds.
  path: Assets/LEGO Data/Geometry/New/LOD0/3030.fbx
  artifactKey: Guid(0f3af578a79c845e0b11b89497523ef9) Importer(815301076,1909f56bfc062723c751e8b465ee728b)
Start importing Assets/LEGO Data/Geometry/New/LOD0/3030.fbx using Guid(0f3af578a79c845e0b11b89497523ef9) Importer(815301076,1909f56bfc062723c751e8b465ee728b)  -> (artifact id: 'bd6abb504ec7cea7fd4da7fe180763ef') in 0.043855 seconds 
========================================================================
Received Import Request.
  Time since last request: 0.000029 seconds.
  path: Assets/LEGO Data/Geometry/New/LOD0/3026.fbx
  artifactKey: Guid(35f53f83c7e33204096a53946310778b) Importer(815301076,1909f56bfc062723c751e8b465ee728b)
Start importing Assets/LEGO Data/Geometry/New/LOD0/3026.fbx using Guid(35f53f83c7e33204096a53946310778b) Importer(815301076,1909f56bfc062723c751e8b465ee728b)  -> (artifact id: 'eca01c375daf5f11cd1e462a9238a241') in 0.046533 seconds 
========================================================================
Received Import Request.
  Time since last request: 0.000049 seconds.
  path: Assets/LEGO Data/Geometry/New/LOD0/3666.fbx
  artifactKey: Guid(fef807d626bf84b58bea4e4f3d8143b9) Importer(815301076,1909f56bfc062723c751e8b465ee728b)
Start importing Assets/LEGO Data/Geometry/New/LOD0/3666.fbx using Guid(fef807d626bf84b58bea4e4f3d8143b9) Importer(815301076,1909f56bfc062723c751e8b465ee728b)  -> (artifact id: 'a24c8dd6988958552ca612e9ceaa5322') in 0.043594 seconds 
========================================================================
Received Import Request.
  Time since last request: 0.000049 seconds.
  path: Assets/LEGO Data/Geometry/New/LOD0/3001.fbx
  artifactKey: Guid(a256f446dc2044be8848667382fe97f1) Importer(815301076,1909f56bfc062723c751e8b465ee728b)
Start importing Assets/LEGO Data/Geometry/New/LOD0/3001.fbx using Guid(a256f446dc2044be8848667382fe97f1) Importer(815301076,1909f56bfc062723c751e8b465ee728b)  -> (artifact id: 'b23ed45269e7e5649efd0c4bdce2d53b') in 0.063829 seconds 
========================================================================
Received Import Request.
  Time since last request: 0.000027 seconds.
  path: Assets/LEGO Data/Geometry/New/LOD0/3623.fbx
  artifactKey: Guid(f825bed47eb644269bc376638365894d) Importer(815301076,1909f56bfc062723c751e8b465ee728b)
Start importing Assets/LEGO Data/Geometry/New/LOD0/3623.fbx using Guid(f825bed47eb644269bc376638365894d) Importer(815301076,1909f56bfc062723c751e8b465ee728b)  -> (artifact id: '73815cbc29ceb77f7c1146783dae78ed') in 0.066743 seconds 
========================================================================
Received Import Request.
  Time since last request: 0.000027 seconds.
  path: Assets/LEGO Data/Geometry/New/LOD0/3028.fbx
  artifactKey: Guid(28a65e176dd12dd498a85e4648f8dc4d) Importer(815301076,1909f56bfc062723c751e8b465ee728b)
Start importing Assets/LEGO Data/Geometry/New/LOD0/3028.fbx using Guid(28a65e176dd12dd498a85e4648f8dc4d) Importer(815301076,1909f56bfc062723c751e8b465ee728b)  -> (artifact id: '64da5850da0aafe375c203208da94656') in 0.047011 seconds 
========================================================================
Received Import Request.
  Time since last request: 0.000041 seconds.
  path: Assets/LEGO Data/Geometry/New/LOD0/3004.fbx
  artifactKey: Guid(d289a85c0e6a3484e9530213c22f6cde) Importer(815301076,1909f56bfc062723c751e8b465ee728b)
Start importing Assets/LEGO Data/Geometry/New/LOD0/3004.fbx using Guid(d289a85c0e6a3484e9530213c22f6cde) Importer(815301076,1909f56bfc062723c751e8b465ee728b)  -> (artifact id: '03a8bac65a913ab244bb5a2e6a764af8') in 0.058391 seconds 
========================================================================
Received Import Request.
  Time since last request: 0.000066 seconds.
  path: Assets/LEGO Data/Geometry/New/LOD0/2877.fbx
  artifactKey: Guid(44767e706c4c4984da74a0007ecb5268) Importer(815301076,1909f56bfc062723c751e8b465ee728b)
Start importing Assets/LEGO Data/Geometry/New/LOD0/2877.fbx using Guid(44767e706c4c4984da74a0007ecb5268) Importer(815301076,1909f56bfc062723c751e8b465ee728b)  -> (artifact id: '9b817b05808929b211f639999a17988c') in 0.044224 seconds 
========================================================================
Received Import Request.
  Time since last request: 0.000031 seconds.
  path: Assets/LEGO Data/Geometry/New/LOD0/2454.fbx
  artifactKey: Guid(6b8fcd130f9014737898fc6cf7309769) Importer(815301076,1909f56bfc062723c751e8b465ee728b)
Start importing Assets/LEGO Data/Geometry/New/LOD0/2454.fbx using Guid(6b8fcd130f9014737898fc6cf7309769) Importer(815301076,1909f56bfc062723c751e8b465ee728b)  -> (artifact id: '6d2b08f3c7bebf54aff9cb2f57ee5b52') in 0.052591 seconds 
Editor requested this worker to shutdown with reason: Scaling down because of idle timeout
AssetImportWorker is now disconnected from the server
Process exiting
Exiting without the bug reporter. Application will terminate with return code 0