Using pre-set license
Built from '2022.1/staging' branch; Version is '2022.1.16f1 (7321c9670bc2) revision 7545289'; Using compiler version '192829333'; Build Type 'Release'
OS: 'Windows 10  (10.0.19045) 64bit Education' Language: 'en' Physical Memory: 16309 MB
BatchMode: 1, IsHumanControllingUs: 0, StartBugReporterOnCrash: 0, Is64bit: 1, IsPro: 1

COMMAND LINE ARGUMENTS:
C:\Program Files\Unity\Hub\Editor\2022.1.16f1\Editor\Unity.exe
-adb2
-batchMode
-noUpm
-name
AssetImportWorker5
-projectPath
C:/legoChristmasMicrogame
-logFile
Logs/AssetImportWorker5.log
-srvPort
56289
Successfully changed project path to: C:/legoChristmasMicrogame
C:/legoChristmasMicrogame
[UnityMemory] Configuration Parameters - Can be set up in boot.config
    "memorysetup-bucket-allocator-granularity=16"
    "memorysetup-bucket-allocator-bucket-count=8"
    "memorysetup-bucket-allocator-block-size=33554432"
    "memorysetup-bucket-allocator-block-count=8"
    "memorysetup-main-allocator-block-size=16777216"
    "memorysetup-thread-allocator-block-size=16777216"
    "memorysetup-gfx-main-allocator-block-size=16777216"
    "memorysetup-gfx-thread-allocator-block-size=16777216"
    "memorysetup-cache-allocator-block-size=4194304"
    "memorysetup-typetree-allocator-block-size=2097152"
    "memorysetup-profiler-bucket-allocator-granularity=16"
    "memorysetup-profiler-bucket-allocator-bucket-count=8"
    "memorysetup-profiler-bucket-allocator-block-size=33554432"
    "memorysetup-profiler-bucket-allocator-block-count=8"
    "memorysetup-profiler-allocator-block-size=16777216"
    "memorysetup-profiler-editor-allocator-block-size=1048576"
    "memorysetup-temp-allocator-size-main=16777216"
    "memorysetup-job-temp-allocator-block-size=2097152"
    "memorysetup-job-temp-allocator-block-size-background=1048576"
    "memorysetup-job-temp-allocator-reduction-small-platforms=262144"
    "memorysetup-temp-allocator-size-background-worker=32768"
    "memorysetup-temp-allocator-size-job-worker=262144"
    "memorysetup-temp-allocator-size-preload-manager=33554432"
    "memorysetup-temp-allocator-size-nav-mesh-worker=65536"
    "memorysetup-temp-allocator-size-audio-worker=65536"
    "memorysetup-temp-allocator-size-cloud-worker=32768"
    "memorysetup-temp-allocator-size-gi-baking-worker=262144"
    "memorysetup-temp-allocator-size-gfx=262144"
Refreshing native plugins compatible for Editor in 184.40 ms, found 3 plugins.
Preloading 0 native plugins for Editor in 0.00 ms.
Initialize engine version: 2022.1.16f1 (7321c9670bc2)
[Subsystems] Discovering subsystems at path C:/Program Files/Unity/Hub/Editor/2022.1.16f1/Editor/Data/Resources/UnitySubsystems
[Subsystems] Discovering subsystems at path C:/legoChristmasMicrogame/Assets
GfxDevice: creating device client; threaded=0; jobified=0
Direct3D:
    Version:  Direct3D 11.0 [level 11.1]
    Renderer: NVIDIA GeForce GTX 1650 (ID=0x2188)
    Vendor:   NVIDIA
    VRAM:     3949 MB
    Driver:   31.0.15.3623
Initialize mono
Mono path[0] = 'C:/Program Files/Unity/Hub/Editor/2022.1.16f1/Editor/Data/Managed'
Mono path[1] = 'C:/Program Files/Unity/Hub/Editor/2022.1.16f1/Editor/Data/MonoBleedingEdge/lib/mono/unityjit-win32'
Mono config path = 'C:/Program Files/Unity/Hub/Editor/2022.1.16f1/Editor/Data/MonoBleedingEdge/etc'
Using monoOptions --debugger-agent=transport=dt_socket,embedding=1,server=y,suspend=n,address=127.0.0.1:56252
Begin MonoManager ReloadAssembly
Registering precompiled unity dll's ...
Register platform support module: C:/Program Files/Unity/Hub/Editor/2022.1.16f1/Editor/Data/PlaybackEngines/WebGLSupport/UnityEditor.WebGL.Extensions.dll
Register platform support module: C:/Program Files/Unity/Hub/Editor/2022.1.16f1/Editor/Data/PlaybackEngines/MacStandaloneSupport/UnityEditor.OSXStandalone.Extensions.dll
Register platform support module: C:/Program Files/Unity/Hub/Editor/2022.1.16f1/Editor/Data/PlaybackEngines/AndroidPlayer/UnityEditor.Android.Extensions.dll
Register platform support module: C:/Program Files/Unity/Hub/Editor/2022.1.16f1/Editor/Data/PlaybackEngines/iOSSupport/UnityEditor.iOS.Extensions.dll
Register platform support module: C:/Program Files/Unity/Hub/Editor/2022.1.16f1/Editor/Data/PlaybackEngines/AppleTVSupport/UnityEditor.AppleTV.Extensions.dll
Register platform support module: C:/Program Files/Unity/Hub/Editor/2022.1.16f1/Editor/Data/PlaybackEngines/WindowsStandaloneSupport/UnityEditor.WindowsStandalone.Extensions.dll
Register platform support module: C:/Program Files/Unity/Hub/Editor/2022.1.16f1/Editor/Data/PlaybackEngines/LinuxStandaloneSupport/UnityEditor.LinuxStandalone.Extensions.dll
Register platform support module: C:/Program Files/Unity/Hub/Editor/2022.1.16f1/Editor/Data/PlaybackEngines/MetroSupport/UnityEditor.UWP.Extensions.dll
Registered in 0.030141 seconds.
Native extension for UWP target not found
Native extension for LinuxStandalone target not found
Native extension for WindowsStandalone target not found
[usbmuxd] Start listen thread
[usbmuxd] Listen thread started
Native extension for AppleTV target not found
[usbmuxd] Start listen thread
[usbmuxd] Listen thread started
Native extension for iOS target not found
Native extension for Android target not found
Native extension for OSXStandalone target not found
Native extension for WebGL target not found
Refreshing native plugins compatible for Editor in 178.92 ms, found 3 plugins.
Preloading 0 native plugins for Editor in 0.00 ms.
Mono: successfully reloaded assembly
- Completed reload, in  1.078 seconds
Domain Reload Profiling:
	ReloadAssembly (1078ms)
		BeginReloadAssembly (127ms)
			ExecutionOrderSort (0ms)
			DisableScriptedObjects (0ms)
			BackupInstance (0ms)
			ReleaseScriptingObjects (0ms)
			CreateAndSetChildDomain (1ms)
		EndReloadAssembly (763ms)
			LoadAssemblies (122ms)
			RebuildTransferFunctionScriptingTraits (0ms)
			SetupTypeCache (159ms)
				TypeCache.Initialize (158ms)
					TypeCache.ScanAssembly (157ms)
				ResolveRequiredComponents (1ms)
			ReleaseScriptCaches (0ms)
			RebuildScriptCaches (33ms)
			SetupLoadedEditorAssemblies (485ms)
				LogAssemblyErrors (0ms)
				InitializePlatformSupportModulesInManaged (112ms)
				SetLoadedEditorAssemblies (7ms)
				RefreshPlugins (179ms)
				BeforeProcessingInitializeOnLoad (1ms)
				ProcessInitializeOnLoadAttributes (130ms)
				ProcessInitializeOnLoadMethodAttributes (55ms)
				AfterProcessingInitializeOnLoad (0ms)
				EditorAssembliesLoaded (0ms)
			ExecutionOrderSort2 (0ms)
			AwakeInstancesAfterBackupRestoration (0ms)
Platform modules already initialized, skipping
Registering precompiled user dll's ...
Registered in 0.018974 seconds.
Begin MonoManager ReloadAssembly
Symbol file LoadedFromMemory doesn't match image C:\legoChristmasMicrogame\Library\PackageCache\com.unity.visualscripting@1.7.8\Editor\VisualScripting.Core\Dependencies\YamlDotNet\Unity.VisualScripting.YamlDotNet.dll
Symbol file LoadedFromMemory doesn't match image C:\legoChristmasMicrogame\Library\PackageCache\com.unity.visualscripting@1.7.8\Editor\VisualScripting.Core\Dependencies\DotNetZip\Unity.VisualScripting.IonicZip.dll
Native extension for UWP target not found
Native extension for LinuxStandalone target not found
Native extension for WindowsStandalone target not found
Native extension for AppleTV target not found
Native extension for iOS target not found
Native extension for Android target not found
Native extension for OSXStandalone target not found
Native extension for WebGL target not found
Refreshing native plugins compatible for Editor in 156.12 ms, found 3 plugins.
Preloading 0 native plugins for Editor in 0.00 ms.
Mono: successfully reloaded assembly
- Completed reload, in  1.843 seconds
Domain Reload Profiling:
	ReloadAssembly (1844ms)
		BeginReloadAssembly (160ms)
			ExecutionOrderSort (0ms)
			DisableScriptedObjects (5ms)
			BackupInstance (0ms)
			ReleaseScriptingObjects (0ms)
			CreateAndSetChildDomain (21ms)
		EndReloadAssembly (1524ms)
			LoadAssemblies (146ms)
			RebuildTransferFunctionScriptingTraits (0ms)
			SetupTypeCache (374ms)
				TypeCache.Initialize (359ms)
					TypeCache.ScanAssembly (353ms)
				ResolveRequiredComponents (15ms)
			ReleaseScriptCaches (1ms)
			RebuildScriptCaches (83ms)
			SetupLoadedEditorAssemblies (878ms)
				LogAssemblyErrors (0ms)
				InitializePlatformSupportModulesInManaged (54ms)
				SetLoadedEditorAssemblies (6ms)
				RefreshPlugins (156ms)
				BeforeProcessingInitializeOnLoad (167ms)
				ProcessInitializeOnLoadAttributes (376ms)
				ProcessInitializeOnLoadMethodAttributes (93ms)
				AfterProcessingInitializeOnLoad (26ms)
				EditorAssembliesLoaded (0ms)
			ExecutionOrderSort2 (0ms)
			AwakeInstancesAfterBackupRestoration (7ms)
Platform modules already initialized, skipping
========================================================================
Worker process is ready to serve import requests
Launched and connected shader compiler UnityShaderCompiler.exe after 0.07 seconds
Refreshing native plugins compatible for Editor in 1.35 ms, found 3 plugins.
Preloading 0 native plugins for Editor in 0.00 ms.
Unloading 5813 Unused Serialized files (Serialized files now loaded: 0)
Unloading 47 unused Assets / (421.9 KB). Loaded Objects now: 6269.
Memory consumption went from 0.91 GB to 0.91 GB.
Total: 4.644000 ms (FindLiveObjects: 0.628000 ms CreateObjectMapping: 0.203000 ms MarkObjects: 3.595200 ms  DeleteObjects: 0.216400 ms)

AssetImportParameters requested are different than current active one (requested -> active):
  custom:video-decoder-ogg-theora: a1e56fd34408186e4bbccfd4996cb3dc -> 
  custom:container-muxer-webm: aa71ff27fc2769a1b78a27578f13a17b -> 
  custom:container-demuxer-webm: 4f35f7cbe854078d1ac9338744f61a02 -> 
  custom:video-encoder-webm-vp8: eb34c28f22e8b96e1ab97ce403110664 -> 
  custom:audio-encoder-webm-vorbis: bf7c407c2cedff20999df2af8eb42d56 -> 
  custom:framework-win-MediaFoundation: 216162199b28c13a410421893ffa2e32 -> 
  custom:container-demuxer-ogg: 62fdf1f143b41e24485cea50d1cbac27 -> 
  custom:video-decoder-webm-vp8: 9c59270c3fd7afecdb556c50c9e8de78 -> 
  custom:audio-decoder-ogg-vorbis: bf7c407c2cedff20999df2af8eb42d56 -> 
========================================================================
Received Import Request.
  Time since last request: 340384.264738 seconds.
  path: Assets/AddOns/MgLEGO Santas Brickshop/Prefabs/LEGO Minifigs/Santa.prefab
  artifactKey: Guid(3546e0e307fcd4a6f8e5aa04573d318d) Importer(815301076,1909f56bfc062723c751e8b465ee728b)
Start importing Assets/AddOns/MgLEGO Santas Brickshop/Prefabs/LEGO Minifigs/Santa.prefab using Guid(3546e0e307fcd4a6f8e5aa04573d318d) Importer(815301076,1909f56bfc062723c751e8b465ee728b)  -> (artifact id: '837a86f7e0b4cedef7250522ab994799') in 1.764250 seconds 
========================================================================
Received Prepare
Registering precompiled user dll's ...
Registered in 0.013573 seconds.
Begin MonoManager ReloadAssembly
Symbol file LoadedFromMemory doesn't match image C:\legoChristmasMicrogame\Library\PackageCache\com.unity.visualscripting@1.7.8\Editor\VisualScripting.Core\Dependencies\YamlDotNet\Unity.VisualScripting.YamlDotNet.dll
Symbol file LoadedFromMemory doesn't match image C:\legoChristmasMicrogame\Library\PackageCache\com.unity.visualscripting@1.7.8\Editor\VisualScripting.Core\Dependencies\DotNetZip\Unity.VisualScripting.IonicZip.dll
Native extension for UWP target not found
Native extension for LinuxStandalone target not found
Native extension for WindowsStandalone target not found
Native extension for AppleTV target not found
Native extension for iOS target not found
Native extension for Android target not found
Native extension for OSXStandalone target not found
Native extension for WebGL target not found
Refreshing native plugins compatible for Editor in 1.73 ms, found 3 plugins.
Preloading 0 native plugins for Editor in 0.00 ms.
Mono: successfully reloaded assembly
- Completed reload, in  1.899 seconds
Domain Reload Profiling:
	ReloadAssembly (1900ms)
		BeginReloadAssembly (214ms)
			ExecutionOrderSort (0ms)
			DisableScriptedObjects (8ms)
			BackupInstance (0ms)
			ReleaseScriptingObjects (0ms)
			CreateAndSetChildDomain (63ms)
		EndReloadAssembly (1546ms)
			LoadAssemblies (152ms)
			RebuildTransferFunctionScriptingTraits (0ms)
			SetupTypeCache (495ms)
				TypeCache.Initialize (480ms)
					TypeCache.ScanAssembly (471ms)
				ResolveRequiredComponents (15ms)
			ReleaseScriptCaches (3ms)
			RebuildScriptCaches (59ms)
			SetupLoadedEditorAssemblies (741ms)
				LogAssemblyErrors (0ms)
				InitializePlatformSupportModulesInManaged (65ms)
				SetLoadedEditorAssemblies (7ms)
				RefreshPlugins (2ms)
				BeforeProcessingInitializeOnLoad (144ms)
				ProcessInitializeOnLoadAttributes (411ms)
				ProcessInitializeOnLoadMethodAttributes (86ms)
				AfterProcessingInitializeOnLoad (26ms)
				EditorAssembliesLoaded (0ms)
			ExecutionOrderSort2 (0ms)
			AwakeInstancesAfterBackupRestoration (12ms)
Platform modules already initialized, skipping
Refreshing native plugins compatible for Editor in 5.00 ms, found 3 plugins.
Preloading 0 native plugins for Editor in 0.00 ms.
Unloading 5674 Unused Serialized files (Serialized files now loaded: 0)
Unloading 28 unused Assets / (380.6 KB). Loaded Objects now: 6335.
Memory consumption went from 0.89 GB to 0.89 GB.
Total: 4.315800 ms (FindLiveObjects: 0.562900 ms CreateObjectMapping: 0.447800 ms MarkObjects: 3.194200 ms  DeleteObjects: 0.110200 ms)

AssetImportParameters requested are different than current active one (requested -> active):
  custom:video-decoder-ogg-theora: a1e56fd34408186e4bbccfd4996cb3dc -> 
  custom:container-muxer-webm: aa71ff27fc2769a1b78a27578f13a17b -> 
  custom:container-demuxer-webm: 4f35f7cbe854078d1ac9338744f61a02 -> 
  custom:video-encoder-webm-vp8: eb34c28f22e8b96e1ab97ce403110664 -> 
  custom:audio-encoder-webm-vorbis: bf7c407c2cedff20999df2af8eb42d56 -> 
  custom:framework-win-MediaFoundation: 216162199b28c13a410421893ffa2e32 -> 
  custom:container-demuxer-ogg: 62fdf1f143b41e24485cea50d1cbac27 -> 
  custom:video-decoder-webm-vp8: 9c59270c3fd7afecdb556c50c9e8de78 -> 
  custom:audio-decoder-ogg-vorbis: bf7c407c2cedff20999df2af8eb42d56 -> 
========================================================================
Received Import Request.
  Time since last request: 326.291034 seconds.
  path: Assets/AddOns/MgLEGO Gingerbricks Revenge/Prefabs/LEGO Minifigs/Santa.prefab
  artifactKey: Guid(11d069239cbc5884b8c13360ac186952) Importer(815301076,1909f56bfc062723c751e8b465ee728b)
Start importing Assets/AddOns/MgLEGO Gingerbricks Revenge/Prefabs/LEGO Minifigs/Santa.prefab using Guid(11d069239cbc5884b8c13360ac186952) Importer(815301076,1909f56bfc062723c751e8b465ee728b)  -> (artifact id: 'b30d5eb339c057b8b206dc26099f3db1') in 0.448397 seconds 
========================================================================
Received Import Request.
  Time since last request: 39.265222 seconds.
  path: Assets/AddOns/MgLEGO Gingerbricks Revenge/Prefabs/LEGO Models/Characters/Gingerbot.prefab
  artifactKey: Guid(f384104d97b83254c8d94c94e647f36c) Importer(815301076,1909f56bfc062723c751e8b465ee728b)
Start importing Assets/AddOns/MgLEGO Gingerbricks Revenge/Prefabs/LEGO Models/Characters/Gingerbot.prefab using Guid(f384104d97b83254c8d94c94e647f36c) Importer(815301076,1909f56bfc062723c751e8b465ee728b)  -> (artifact id: 'c3a221eb62ab69656c7a4e1805765e1f') in 1.365735 seconds 
========================================================================
Received Import Request.
  Time since last request: 0.000065 seconds.
  path: Assets/AddOns/MgLEGO Gingerbricks Revenge/Prefabs/LEGO Models/Characters/Marv.prefab
  artifactKey: Guid(f38a779fe8e01924fb11b9329cd327e3) Importer(815301076,1909f56bfc062723c751e8b465ee728b)
Start importing Assets/AddOns/MgLEGO Gingerbricks Revenge/Prefabs/LEGO Models/Characters/Marv.prefab using Guid(f38a779fe8e01924fb11b9329cd327e3) Importer(815301076,1909f56bfc062723c751e8b465ee728b)  -> (artifact id: '406aa99f3e9700e4e589b27563543042') in 0.087542 seconds 
========================================================================
Received Import Request.
  Time since last request: 0.000037 seconds.
  path: Assets/AddOns/MgLEGO Gingerbricks Revenge/Prefabs/LEGO Models/Characters/Mister Gingerbrick.prefab
  artifactKey: Guid(d201c744d5ae327449eaaac632def731) Importer(815301076,1909f56bfc062723c751e8b465ee728b)
Start importing Assets/AddOns/MgLEGO Gingerbricks Revenge/Prefabs/LEGO Models/Characters/Mister Gingerbrick.prefab using Guid(d201c744d5ae327449eaaac632def731) Importer(815301076,1909f56bfc062723c751e8b465ee728b)  -> (artifact id: '8d68b51d8ef805977fe239f449bc6b70') in 0.682896 seconds 
========================================================================
Received Import Request.
  Time since last request: 0.000064 seconds.
  path: Assets/AddOns/MgLEGO Gingerbricks Revenge/Prefabs/LEGO Models/Characters/Reindeer.prefab
  artifactKey: Guid(ea80defbbff3e0349a1552d3fe9f3e38) Importer(815301076,1909f56bfc062723c751e8b465ee728b)
Start importing Assets/AddOns/MgLEGO Gingerbricks Revenge/Prefabs/LEGO Models/Characters/Reindeer.prefab using Guid(ea80defbbff3e0349a1552d3fe9f3e38) Importer(815301076,1909f56bfc062723c751e8b465ee728b)  -> (artifact id: 'c2059cb16f340e25762065372edf1f1a') in 0.114489 seconds 
========================================================================
Received Import Request.
  Time since last request: 0.000054 seconds.
  path: Assets/AddOns/MgLEGO Gingerbricks Revenge/Prefabs/LEGO Models/Characters/Rudolph.prefab
  artifactKey: Guid(42d93ef42cc971f42baa15430775163a) Importer(815301076,1909f56bfc062723c751e8b465ee728b)
Start importing Assets/AddOns/MgLEGO Gingerbricks Revenge/Prefabs/LEGO Models/Characters/Rudolph.prefab using Guid(42d93ef42cc971f42baa15430775163a) Importer(815301076,1909f56bfc062723c751e8b465ee728b)  -> (artifact id: 'f32bfccd09d31aab1fd5d0b32f839e63') in 0.085413 seconds 
========================================================================
Received Prepare
Registering precompiled user dll's ...
Registered in 0.013812 seconds.
Begin MonoManager ReloadAssembly
Symbol file LoadedFromMemory doesn't match image C:\legoChristmasMicrogame\Library\PackageCache\com.unity.visualscripting@1.7.8\Editor\VisualScripting.Core\Dependencies\YamlDotNet\Unity.VisualScripting.YamlDotNet.dll
Symbol file LoadedFromMemory doesn't match image C:\legoChristmasMicrogame\Library\PackageCache\com.unity.visualscripting@1.7.8\Editor\VisualScripting.Core\Dependencies\DotNetZip\Unity.VisualScripting.IonicZip.dll
Native extension for UWP target not found
Native extension for LinuxStandalone target not found
Native extension for WindowsStandalone target not found
Native extension for AppleTV target not found
Native extension for iOS target not found
Native extension for Android target not found
Native extension for OSXStandalone target not found
Native extension for WebGL target not found
Refreshing native plugins compatible for Editor in 1.40 ms, found 3 plugins.
Preloading 0 native plugins for Editor in 0.00 ms.
Mono: successfully reloaded assembly
- Completed reload, in  1.577 seconds
Domain Reload Profiling:
	ReloadAssembly (1577ms)
		BeginReloadAssembly (190ms)
			ExecutionOrderSort (0ms)
			DisableScriptedObjects (7ms)
			BackupInstance (0ms)
			ReleaseScriptingObjects (0ms)
			CreateAndSetChildDomain (57ms)
		EndReloadAssembly (1266ms)
			LoadAssemblies (128ms)
			RebuildTransferFunctionScriptingTraits (0ms)
			SetupTypeCache (338ms)
				TypeCache.Initialize (323ms)
					TypeCache.ScanAssembly (316ms)
				ResolveRequiredComponents (15ms)
			ReleaseScriptCaches (2ms)
			RebuildScriptCaches (56ms)
			SetupLoadedEditorAssemblies (675ms)
				LogAssemblyErrors (0ms)
				InitializePlatformSupportModulesInManaged (57ms)
				SetLoadedEditorAssemblies (5ms)
				RefreshPlugins (1ms)
				BeforeProcessingInitializeOnLoad (122ms)
				ProcessInitializeOnLoadAttributes (372ms)
				ProcessInitializeOnLoadMethodAttributes (90ms)
				AfterProcessingInitializeOnLoad (26ms)
				EditorAssembliesLoaded (0ms)
			ExecutionOrderSort2 (0ms)
			AwakeInstancesAfterBackupRestoration (10ms)
Platform modules already initialized, skipping
Refreshing native plugins compatible for Editor in 5.20 ms, found 3 plugins.
Preloading 0 native plugins for Editor in 0.00 ms.
Unloading 5674 Unused Serialized files (Serialized files now loaded: 0)
Unloading 29 unused Assets / (382.4 KB). Loaded Objects now: 6390.
Memory consumption went from 0.89 GB to 0.89 GB.
Total: 4.278900 ms (FindLiveObjects: 0.595700 ms CreateObjectMapping: 0.156300 ms MarkObjects: 3.392700 ms  DeleteObjects: 0.133100 ms)

AssetImportParameters requested are different than current active one (requested -> active):
  custom:video-decoder-ogg-theora: a1e56fd34408186e4bbccfd4996cb3dc -> 
  custom:container-muxer-webm: aa71ff27fc2769a1b78a27578f13a17b -> 
  custom:container-demuxer-webm: 4f35f7cbe854078d1ac9338744f61a02 -> 
  custom:video-encoder-webm-vp8: eb34c28f22e8b96e1ab97ce403110664 -> 
  custom:audio-encoder-webm-vorbis: bf7c407c2cedff20999df2af8eb42d56 -> 
  custom:framework-win-MediaFoundation: 216162199b28c13a410421893ffa2e32 -> 
  custom:container-demuxer-ogg: 62fdf1f143b41e24485cea50d1cbac27 -> 
  custom:video-decoder-webm-vp8: 9c59270c3fd7afecdb556c50c9e8de78 -> 
  custom:audio-decoder-ogg-vorbis: bf7c407c2cedff20999df2af8eb42d56 -> 
========================================================================
Received Prepare
Registering precompiled user dll's ...
Registered in 0.016109 seconds.
Begin MonoManager ReloadAssembly
Symbol file LoadedFromMemory doesn't match image C:\legoChristmasMicrogame\Library\PackageCache\com.unity.visualscripting@1.7.8\Editor\VisualScripting.Core\Dependencies\YamlDotNet\Unity.VisualScripting.YamlDotNet.dll
Symbol file LoadedFromMemory doesn't match image C:\legoChristmasMicrogame\Library\PackageCache\com.unity.visualscripting@1.7.8\Editor\VisualScripting.Core\Dependencies\DotNetZip\Unity.VisualScripting.IonicZip.dll
Native extension for UWP target not found
Native extension for LinuxStandalone target not found
Native extension for WindowsStandalone target not found
Native extension for AppleTV target not found
Native extension for iOS target not found
Native extension for Android target not found
Native extension for OSXStandalone target not found
Native extension for WebGL target not found
Refreshing native plugins compatible for Editor in 1.39 ms, found 3 plugins.
Preloading 0 native plugins for Editor in 0.00 ms.
Mono: successfully reloaded assembly
- Completed reload, in  1.505 seconds
Domain Reload Profiling:
	ReloadAssembly (1506ms)
		BeginReloadAssembly (180ms)
			ExecutionOrderSort (0ms)
			DisableScriptedObjects (5ms)
			BackupInstance (0ms)
			ReleaseScriptingObjects (0ms)
			CreateAndSetChildDomain (48ms)
		EndReloadAssembly (1195ms)
			LoadAssemblies (140ms)
			RebuildTransferFunctionScriptingTraits (0ms)
			SetupTypeCache (369ms)
				TypeCache.Initialize (340ms)
					TypeCache.ScanAssembly (329ms)
				ResolveRequiredComponents (29ms)
			ReleaseScriptCaches (2ms)
			RebuildScriptCaches (52ms)
			SetupLoadedEditorAssemblies (569ms)
				LogAssemblyErrors (0ms)
				InitializePlatformSupportModulesInManaged (59ms)
				SetLoadedEditorAssemblies (5ms)
				RefreshPlugins (1ms)
				BeforeProcessingInitializeOnLoad (119ms)
				ProcessInitializeOnLoadAttributes (284ms)
				ProcessInitializeOnLoadMethodAttributes (80ms)
				AfterProcessingInitializeOnLoad (21ms)
				EditorAssembliesLoaded (0ms)
			ExecutionOrderSort2 (0ms)
			AwakeInstancesAfterBackupRestoration (13ms)
Platform modules already initialized, skipping
Refreshing native plugins compatible for Editor in 5.14 ms, found 3 plugins.
Preloading 0 native plugins for Editor in 0.00 ms.
Unloading 5674 Unused Serialized files (Serialized files now loaded: 0)
Unloading 28 unused Assets / (380.6 KB). Loaded Objects now: 6406.
Memory consumption went from 0.89 GB to 0.89 GB.
Total: 5.108100 ms (FindLiveObjects: 0.812600 ms CreateObjectMapping: 0.196300 ms MarkObjects: 3.974600 ms  DeleteObjects: 0.123000 ms)

AssetImportParameters requested are different than current active one (requested -> active):
  custom:video-decoder-ogg-theora: a1e56fd34408186e4bbccfd4996cb3dc -> 
  custom:container-muxer-webm: aa71ff27fc2769a1b78a27578f13a17b -> 
  custom:container-demuxer-webm: 4f35f7cbe854078d1ac9338744f61a02 -> 
  custom:video-encoder-webm-vp8: eb34c28f22e8b96e1ab97ce403110664 -> 
  custom:audio-encoder-webm-vorbis: bf7c407c2cedff20999df2af8eb42d56 -> 
  custom:framework-win-MediaFoundation: 216162199b28c13a410421893ffa2e32 -> 
  custom:container-demuxer-ogg: 62fdf1f143b41e24485cea50d1cbac27 -> 
  custom:video-decoder-webm-vp8: 9c59270c3fd7afecdb556c50c9e8de78 -> 
  custom:audio-decoder-ogg-vorbis: bf7c407c2cedff20999df2af8eb42d56 -> 
========================================================================
Received Import Request.
  Time since last request: 349.967433 seconds.
  path: Assets/AddOns/MgLEGO Gingerbricks Revenge/Prefabs/LEGO Models/Buildings/House Gingerbrick.prefab
  artifactKey: Guid(ec9cb9fa3958dc8439658abb40bb316a) Importer(815301076,1909f56bfc062723c751e8b465ee728b)
Start importing Assets/AddOns/MgLEGO Gingerbricks Revenge/Prefabs/LEGO Models/Buildings/House Gingerbrick.prefab using Guid(ec9cb9fa3958dc8439658abb40bb316a) Importer(815301076,1909f56bfc062723c751e8b465ee728b)  -> (artifact id: 'ce2cfe8713dac94f14746f03552cdfe3') in 0.600175 seconds 
========================================================================
Received Import Request.
  Time since last request: 8.039658 seconds.
  path: Assets/AddOns/MgLEGO Santas Brickshop/Prefabs/LEGO Models/Santa Essentials/Candy Cane Small.prefab
  artifactKey: Guid(a0399e4497549448492ac0141808cabc) Importer(815301076,1909f56bfc062723c751e8b465ee728b)
Start importing Assets/AddOns/MgLEGO Santas Brickshop/Prefabs/LEGO Models/Santa Essentials/Candy Cane Small.prefab using Guid(a0399e4497549448492ac0141808cabc) Importer(815301076,1909f56bfc062723c751e8b465ee728b)  -> (artifact id: '94ef5bf43f814bf4ad22316753f99cb7') in 0.077916 seconds 
========================================================================
Received Import Request.
  Time since last request: 0.000034 seconds.
  path: Assets/AddOns/MgLEGO Santas Brickshop/Prefabs/LEGO Models/Santa Essentials/Fireplace.prefab
  artifactKey: Guid(a1ba9519b53d545c4bf9bd7e7d70e4f9) Importer(815301076,1909f56bfc062723c751e8b465ee728b)
Start importing Assets/AddOns/MgLEGO Santas Brickshop/Prefabs/LEGO Models/Santa Essentials/Fireplace.prefab using Guid(a1ba9519b53d545c4bf9bd7e7d70e4f9) Importer(815301076,1909f56bfc062723c751e8b465ee728b)  -> (artifact id: '502b6d203d2539fa2359de7e72730e93') in 0.315047 seconds 
========================================================================
Received Import Request.
  Time since last request: 0.000037 seconds.
  path: Assets/AddOns/MgLEGO Santas Brickshop/Prefabs/LEGO Models/Santa Essentials/Chimney Extension.prefab
  artifactKey: Guid(2509530af21594e639799472193cd383) Importer(815301076,1909f56bfc062723c751e8b465ee728b)
Start importing Assets/AddOns/MgLEGO Santas Brickshop/Prefabs/LEGO Models/Santa Essentials/Chimney Extension.prefab using Guid(2509530af21594e639799472193cd383) Importer(815301076,1909f56bfc062723c751e8b465ee728b)  -> (artifact id: '9ff5f80d5c06d098492cb92aaaed78e7') in 0.081439 seconds 
========================================================================
Received Import Request.
  Time since last request: 0.000060 seconds.
  path: Assets/AddOns/MgLEGO Santas Brickshop/Prefabs/LEGO Models/Santa Essentials/Chimney Top.prefab
  artifactKey: Guid(a9081ff8efb6645ec99a61f93fcb8212) Importer(815301076,1909f56bfc062723c751e8b465ee728b)
Start importing Assets/AddOns/MgLEGO Santas Brickshop/Prefabs/LEGO Models/Santa Essentials/Chimney Top.prefab using Guid(a9081ff8efb6645ec99a61f93fcb8212) Importer(815301076,1909f56bfc062723c751e8b465ee728b)  -> (artifact id: '031546229608555cf6a6748ec71c46bb') in 0.252946 seconds 
========================================================================
Received Import Request.
  Time since last request: 0.000041 seconds.
  path: Assets/AddOns/MgLEGO Santas Brickshop/Prefabs/LEGO Models/Santa Essentials/Sleigh.prefab
  artifactKey: Guid(fc971da8c33764ae587c3a73d99f6ac1) Importer(815301076,1909f56bfc062723c751e8b465ee728b)
Start importing Assets/AddOns/MgLEGO Santas Brickshop/Prefabs/LEGO Models/Santa Essentials/Sleigh.prefab using Guid(fc971da8c33764ae587c3a73d99f6ac1) Importer(815301076,1909f56bfc062723c751e8b465ee728b)  -> (artifact id: '8a1992862890416d9432b30646731155') in 0.260319 seconds 
========================================================================
Received Prepare
Registering precompiled user dll's ...
Registered in 0.014020 seconds.
Begin MonoManager ReloadAssembly
Symbol file LoadedFromMemory doesn't match image C:\legoChristmasMicrogame\Library\PackageCache\com.unity.visualscripting@1.7.8\Editor\VisualScripting.Core\Dependencies\YamlDotNet\Unity.VisualScripting.YamlDotNet.dll
Symbol file LoadedFromMemory doesn't match image C:\legoChristmasMicrogame\Library\PackageCache\com.unity.visualscripting@1.7.8\Editor\VisualScripting.Core\Dependencies\DotNetZip\Unity.VisualScripting.IonicZip.dll
Native extension for UWP target not found
Native extension for LinuxStandalone target not found
Native extension for WindowsStandalone target not found
Native extension for AppleTV target not found
Native extension for iOS target not found
Native extension for Android target not found
Native extension for OSXStandalone target not found
Native extension for WebGL target not found
Refreshing native plugins compatible for Editor in 1.42 ms, found 3 plugins.
Preloading 0 native plugins for Editor in 0.00 ms.
Mono: successfully reloaded assembly
- Completed reload, in  1.431 seconds
Domain Reload Profiling:
	ReloadAssembly (1431ms)
		BeginReloadAssembly (185ms)
			ExecutionOrderSort (0ms)
			DisableScriptedObjects (8ms)
			BackupInstance (0ms)
			ReleaseScriptingObjects (0ms)
			CreateAndSetChildDomain (53ms)
		EndReloadAssembly (1127ms)
			LoadAssemblies (130ms)
			RebuildTransferFunctionScriptingTraits (0ms)
			SetupTypeCache (311ms)
				TypeCache.Initialize (298ms)
					TypeCache.ScanAssembly (290ms)
				ResolveRequiredComponents (13ms)
			ReleaseScriptCaches (2ms)
			RebuildScriptCaches (52ms)
			SetupLoadedEditorAssemblies (572ms)
				LogAssemblyErrors (0ms)
				InitializePlatformSupportModulesInManaged (72ms)
				SetLoadedEditorAssemblies (5ms)
				RefreshPlugins (2ms)
				BeforeProcessingInitializeOnLoad (120ms)
				ProcessInitializeOnLoadAttributes (273ms)
				ProcessInitializeOnLoadMethodAttributes (77ms)
				AfterProcessingInitializeOnLoad (23ms)
				EditorAssembliesLoaded (0ms)
			ExecutionOrderSort2 (0ms)
			AwakeInstancesAfterBackupRestoration (10ms)
Platform modules already initialized, skipping
Refreshing native plugins compatible for Editor in 3.71 ms, found 3 plugins.
Preloading 0 native plugins for Editor in 0.00 ms.
Unloading 5674 Unused Serialized files (Serialized files now loaded: 0)
Unloading 29 unused Assets / (382.5 KB). Loaded Objects now: 6463.
Memory consumption went from 0.89 GB to 0.89 GB.
Total: 4.330000 ms (FindLiveObjects: 0.543700 ms CreateObjectMapping: 0.153900 ms MarkObjects: 3.510500 ms  DeleteObjects: 0.120800 ms)

AssetImportParameters requested are different than current active one (requested -> active):
  custom:video-decoder-ogg-theora: a1e56fd34408186e4bbccfd4996cb3dc -> 
  custom:container-muxer-webm: aa71ff27fc2769a1b78a27578f13a17b -> 
  custom:container-demuxer-webm: 4f35f7cbe854078d1ac9338744f61a02 -> 
  custom:video-encoder-webm-vp8: eb34c28f22e8b96e1ab97ce403110664 -> 
  custom:audio-encoder-webm-vorbis: bf7c407c2cedff20999df2af8eb42d56 -> 
  custom:framework-win-MediaFoundation: 216162199b28c13a410421893ffa2e32 -> 
  custom:container-demuxer-ogg: 62fdf1f143b41e24485cea50d1cbac27 -> 
  custom:video-decoder-webm-vp8: 9c59270c3fd7afecdb556c50c9e8de78 -> 
  custom:audio-decoder-ogg-vorbis: bf7c407c2cedff20999df2af8eb42d56 -> 
========================================================================
Received Prepare
Registering precompiled user dll's ...
Registered in 0.014631 seconds.
Begin MonoManager ReloadAssembly
Symbol file LoadedFromMemory doesn't match image C:\legoChristmasMicrogame\Library\PackageCache\com.unity.visualscripting@1.7.8\Editor\VisualScripting.Core\Dependencies\YamlDotNet\Unity.VisualScripting.YamlDotNet.dll
Symbol file LoadedFromMemory doesn't match image C:\legoChristmasMicrogame\Library\PackageCache\com.unity.visualscripting@1.7.8\Editor\VisualScripting.Core\Dependencies\DotNetZip\Unity.VisualScripting.IonicZip.dll
Native extension for UWP target not found
Native extension for LinuxStandalone target not found
Native extension for WindowsStandalone target not found
Native extension for AppleTV target not found
Native extension for iOS target not found
Native extension for Android target not found
Native extension for OSXStandalone target not found
Native extension for WebGL target not found
Refreshing native plugins compatible for Editor in 1.40 ms, found 3 plugins.
Preloading 0 native plugins for Editor in 0.00 ms.
Mono: successfully reloaded assembly
- Completed reload, in  1.444 seconds
Domain Reload Profiling:
	ReloadAssembly (1445ms)
		BeginReloadAssembly (186ms)
			ExecutionOrderSort (0ms)
			DisableScriptedObjects (5ms)
			BackupInstance (0ms)
			ReleaseScriptingObjects (0ms)
			CreateAndSetChildDomain (50ms)
		EndReloadAssembly (1129ms)
			LoadAssemblies (135ms)
			RebuildTransferFunctionScriptingTraits (0ms)
			SetupTypeCache (323ms)
				TypeCache.Initialize (310ms)
					TypeCache.ScanAssembly (304ms)
				ResolveRequiredComponents (13ms)
			ReleaseScriptCaches (2ms)
			RebuildScriptCaches (50ms)
			SetupLoadedEditorAssemblies (554ms)
				LogAssemblyErrors (0ms)
				InitializePlatformSupportModulesInManaged (61ms)
				SetLoadedEditorAssemblies (5ms)
				RefreshPlugins (1ms)
				BeforeProcessingInitializeOnLoad (119ms)
				ProcessInitializeOnLoadAttributes (271ms)
				ProcessInitializeOnLoadMethodAttributes (76ms)
				AfterProcessingInitializeOnLoad (20ms)
				EditorAssembliesLoaded (0ms)
			ExecutionOrderSort2 (0ms)
			AwakeInstancesAfterBackupRestoration (10ms)
Platform modules already initialized, skipping
Refreshing native plugins compatible for Editor in 3.02 ms, found 3 plugins.
Preloading 0 native plugins for Editor in 0.00 ms.
Unloading 5674 Unused Serialized files (Serialized files now loaded: 0)
Unloading 28 unused Assets / (380.6 KB). Loaded Objects now: 6479.
Memory consumption went from 0.89 GB to 0.89 GB.
Total: 4.009700 ms (FindLiveObjects: 0.524800 ms CreateObjectMapping: 0.154100 ms MarkObjects: 3.209300 ms  DeleteObjects: 0.120200 ms)

AssetImportParameters requested are different than current active one (requested -> active):
  custom:video-decoder-ogg-theora: a1e56fd34408186e4bbccfd4996cb3dc -> 
  custom:container-muxer-webm: aa71ff27fc2769a1b78a27578f13a17b -> 
  custom:container-demuxer-webm: 4f35f7cbe854078d1ac9338744f61a02 -> 
  custom:video-encoder-webm-vp8: eb34c28f22e8b96e1ab97ce403110664 -> 
  custom:audio-encoder-webm-vorbis: bf7c407c2cedff20999df2af8eb42d56 -> 
  custom:framework-win-MediaFoundation: 216162199b28c13a410421893ffa2e32 -> 
  custom:container-demuxer-ogg: 62fdf1f143b41e24485cea50d1cbac27 -> 
  custom:video-decoder-webm-vp8: 9c59270c3fd7afecdb556c50c9e8de78 -> 
  custom:audio-decoder-ogg-vorbis: bf7c407c2cedff20999df2af8eb42d56 -> 
========================================================================
Received Prepare
Registering precompiled user dll's ...
Registered in 0.016394 seconds.
Begin MonoManager ReloadAssembly
Symbol file LoadedFromMemory doesn't match image C:\legoChristmasMicrogame\Library\PackageCache\com.unity.visualscripting@1.7.8\Editor\VisualScripting.Core\Dependencies\YamlDotNet\Unity.VisualScripting.YamlDotNet.dll
Symbol file LoadedFromMemory doesn't match image C:\legoChristmasMicrogame\Library\PackageCache\com.unity.visualscripting@1.7.8\Editor\VisualScripting.Core\Dependencies\DotNetZip\Unity.VisualScripting.IonicZip.dll
Native extension for UWP target not found
Native extension for LinuxStandalone target not found
Native extension for WindowsStandalone target not found
Native extension for AppleTV target not found
Native extension for iOS target not found
Native extension for Android target not found
Native extension for OSXStandalone target not found
Native extension for WebGL target not found
Refreshing native plugins compatible for Editor in 1.89 ms, found 3 plugins.
Preloading 0 native plugins for Editor in 0.00 ms.
Mono: successfully reloaded assembly
- Completed reload, in  1.781 seconds
Domain Reload Profiling:
	ReloadAssembly (1782ms)
		BeginReloadAssembly (190ms)
			ExecutionOrderSort (0ms)
			DisableScriptedObjects (5ms)
			BackupInstance (0ms)
			ReleaseScriptingObjects (0ms)
			CreateAndSetChildDomain (53ms)
		EndReloadAssembly (1463ms)
			LoadAssemblies (139ms)
			RebuildTransferFunctionScriptingTraits (0ms)
			SetupTypeCache (486ms)
				TypeCache.Initialize (469ms)
					TypeCache.ScanAssembly (461ms)
				ResolveRequiredComponents (17ms)
			ReleaseScriptCaches (3ms)
			RebuildScriptCaches (62ms)
			SetupLoadedEditorAssemblies (677ms)
				LogAssemblyErrors (0ms)
				InitializePlatformSupportModulesInManaged (64ms)
				SetLoadedEditorAssemblies (6ms)
				RefreshPlugins (2ms)
				BeforeProcessingInitializeOnLoad (127ms)
				ProcessInitializeOnLoadAttributes (365ms)
				ProcessInitializeOnLoadMethodAttributes (86ms)
				AfterProcessingInitializeOnLoad (26ms)
				EditorAssembliesLoaded (0ms)
			ExecutionOrderSort2 (0ms)
			AwakeInstancesAfterBackupRestoration (10ms)
Platform modules already initialized, skipping
Refreshing native plugins compatible for Editor in 3.43 ms, found 3 plugins.
Preloading 0 native plugins for Editor in 0.00 ms.
Unloading 5674 Unused Serialized files (Serialized files now loaded: 0)
Unloading 28 unused Assets / (380.6 KB). Loaded Objects now: 6495.
Memory consumption went from 0.89 GB to 0.89 GB.
Total: 4.992400 ms (FindLiveObjects: 0.689700 ms CreateObjectMapping: 0.228800 ms MarkObjects: 3.933800 ms  DeleteObjects: 0.138700 ms)

AssetImportParameters requested are different than current active one (requested -> active):
  custom:video-decoder-ogg-theora: a1e56fd34408186e4bbccfd4996cb3dc -> 
  custom:container-muxer-webm: aa71ff27fc2769a1b78a27578f13a17b -> 
  custom:container-demuxer-webm: 4f35f7cbe854078d1ac9338744f61a02 -> 
  custom:video-encoder-webm-vp8: eb34c28f22e8b96e1ab97ce403110664 -> 
  custom:audio-encoder-webm-vorbis: bf7c407c2cedff20999df2af8eb42d56 -> 
  custom:framework-win-MediaFoundation: 216162199b28c13a410421893ffa2e32 -> 
  custom:container-demuxer-ogg: 62fdf1f143b41e24485cea50d1cbac27 -> 
  custom:video-decoder-webm-vp8: 9c59270c3fd7afecdb556c50c9e8de78 -> 
  custom:audio-decoder-ogg-vorbis: bf7c407c2cedff20999df2af8eb42d56 -> 
========================================================================
Received Import Request.
  Time since last request: 1263.720677 seconds.
  path: Assets/LEGO Data/Geometry/New/LOD0/2340.fbx
  artifactKey: Guid(67cf15900007a4656bd3f7ed9e0ac17c) Importer(815301076,1909f56bfc062723c751e8b465ee728b)
Start importing Assets/LEGO Data/Geometry/New/LOD0/2340.fbx using Guid(67cf15900007a4656bd3f7ed9e0ac17c) Importer(815301076,1909f56bfc062723c751e8b465ee728b)  -> (artifact id: '3cd8fabd7d70d488e3345bbf51f4959d') in 1.374251 seconds 
========================================================================
Received Import Request.
  Time since last request: 0.000029 seconds.
  path: Assets/LEGO Data/Geometry/New/LOD0/3029.fbx
  artifactKey: Guid(fc32c2c9f810c9346ac0eeb3fd01cb99) Importer(815301076,1909f56bfc062723c751e8b465ee728b)
Start importing Assets/LEGO Data/Geometry/New/LOD0/3029.fbx using Guid(fc32c2c9f810c9346ac0eeb3fd01cb99) Importer(815301076,1909f56bfc062723c751e8b465ee728b)  -> (artifact id: '376e3c921a35b17ebe1e7a76d75eb76e') in 0.048807 seconds 
========================================================================
Received Import Request.
  Time since last request: 0.000034 seconds.
  path: Assets/LEGO Data/Geometry/New/LOD0/2445.fbx
  artifactKey: Guid(de5ce943adc4c45569034e8c1f84bcb8) Importer(815301076,1909f56bfc062723c751e8b465ee728b)
Start importing Assets/LEGO Data/Geometry/New/LOD0/2445.fbx using Guid(de5ce943adc4c45569034e8c1f84bcb8) Importer(815301076,1909f56bfc062723c751e8b465ee728b)  -> (artifact id: '4e7a159fd4c10ee2fa81c903ee8aa6a3') in 0.049316 seconds 
========================================================================
Received Import Request.
  Time since last request: 0.000035 seconds.
  path: Assets/LEGO Data/Geometry/New/LOD0/3665.fbx
  artifactKey: Guid(83fb7bdfc45554c728c7ca7438c1c447) Importer(815301076,1909f56bfc062723c751e8b465ee728b)
Start importing Assets/LEGO Data/Geometry/New/LOD0/3665.fbx using Guid(83fb7bdfc45554c728c7ca7438c1c447) Importer(815301076,1909f56bfc062723c751e8b465ee728b)  -> (artifact id: 'da81379e1a17bc49ca6ca68ce06ec5e8') in 0.042647 seconds 
========================================================================
Received Import Request.
  Time since last request: 0.000044 seconds.
  path: Assets/LEGO Data/Geometry/New/LOD0/3297.fbx
  artifactKey: Guid(2980275b88f9043769756d3dc4f9ff23) Importer(815301076,1909f56bfc062723c751e8b465ee728b)
Start importing Assets/LEGO Data/Geometry/New/LOD0/3297.fbx using Guid(2980275b88f9043769756d3dc4f9ff23) Importer(815301076,1909f56bfc062723c751e8b465ee728b)  -> (artifact id: '621d2ac806845234c7f4f5903f80b0df') in 0.044625 seconds 
========================================================================
Received Import Request.
  Time since last request: 0.000038 seconds.
  path: Assets/LEGO Data/Geometry/New/LOD0/4070.fbx
  artifactKey: Guid(1baa67897db0443c19745fc005be3867) Importer(815301076,1909f56bfc062723c751e8b465ee728b)
Start importing Assets/LEGO Data/Geometry/New/LOD0/4070.fbx using Guid(1baa67897db0443c19745fc005be3867) Importer(815301076,1909f56bfc062723c751e8b465ee728b)  -> (artifact id: 'ae4a205b6e7237b6a85eef42ad073a43') in 0.041335 seconds 
========================================================================
Received Import Request.
  Time since last request: 0.000028 seconds.
  path: Assets/LEGO Data/Geometry/New/LOD0/2429.fbx
  artifactKey: Guid(9f133519b2d844889bd709a82487424a) Importer(815301076,1909f56bfc062723c751e8b465ee728b)
Start importing Assets/LEGO Data/Geometry/New/LOD0/2429.fbx using Guid(9f133519b2d844889bd709a82487424a) Importer(815301076,1909f56bfc062723c751e8b465ee728b)  -> (artifact id: '2fec724858dcc6859dccccafd00987ae') in 0.044705 seconds 
========================================================================
Received Import Request.
  Time since last request: 0.000052 seconds.
  path: Assets/LEGO Data/Geometry/New/LOD0/2465.fbx
  artifactKey: Guid(f75a60b0c2efc47279cc19e2c61db02e) Importer(815301076,1909f56bfc062723c751e8b465ee728b)
Start importing Assets/LEGO Data/Geometry/New/LOD0/2465.fbx using Guid(f75a60b0c2efc47279cc19e2c61db02e) Importer(815301076,1909f56bfc062723c751e8b465ee728b)  -> (artifact id: 'f88b8eb67ee13c06b44058b9d11b5ff1') in 0.049764 seconds 
========================================================================
Received Import Request.
  Time since last request: 0.000033 seconds.
  path: Assets/LEGO Data/Geometry/New/LOD0/2431.fbx
  artifactKey: Guid(9c55492263c684673bb70147007902f5) Importer(815301076,1909f56bfc062723c751e8b465ee728b)
Start importing Assets/LEGO Data/Geometry/New/LOD0/2431.fbx using Guid(9c55492263c684673bb70147007902f5) Importer(815301076,1909f56bfc062723c751e8b465ee728b)  -> (artifact id: '0dc3ff99e21777d6dd5ee70f4d63f627') in 0.055382 seconds 
========================================================================
Received Import Request.
  Time since last request: 0.000041 seconds.
  path: Assets/LEGO Data/Geometry/New/LOD0/3024.fbx
  artifactKey: Guid(4696e5d920570492d88bc926911d3936) Importer(815301076,1909f56bfc062723c751e8b465ee728b)
Start importing Assets/LEGO Data/Geometry/New/LOD0/3024.fbx using Guid(4696e5d920570492d88bc926911d3936) Importer(815301076,1909f56bfc062723c751e8b465ee728b)  -> (artifact id: 'b768000417a3dc5ad0cc809ab887eedd') in 0.052478 seconds 
========================================================================
Received Import Request.
  Time since last request: 0.000033 seconds.
  path: Assets/LEGO Data/Geometry/New/LOD0/3023.fbx
  artifactKey: Guid(f94597299e5c84e7eb306dc08213ddcf) Importer(815301076,1909f56bfc062723c751e8b465ee728b)
Start importing Assets/LEGO Data/Geometry/New/LOD0/3023.fbx using Guid(f94597299e5c84e7eb306dc08213ddcf) Importer(815301076,1909f56bfc062723c751e8b465ee728b)  -> (artifact id: '36f6253ba337dee4815af5681ebfc4cf') in 0.072349 seconds 
========================================================================
Received Import Request.
  Time since last request: 0.000037 seconds.
  path: Assets/LEGO Data/Geometry/New/LOD0/3046.fbx
  artifactKey: Guid(27b1d9d6428c44a2684596f6b3b7cae8) Importer(815301076,1909f56bfc062723c751e8b465ee728b)
Start importing Assets/LEGO Data/Geometry/New/LOD0/3046.fbx using Guid(27b1d9d6428c44a2684596f6b3b7cae8) Importer(815301076,1909f56bfc062723c751e8b465ee728b)  -> (artifact id: 'a35af93a3fdc386e6bd02ce99b61d696') in 0.044292 seconds 
========================================================================
Received Import Request.
  Time since last request: 0.000046 seconds.
  path: Assets/LEGO Data/Geometry/New/LOD0/3003.fbx
  artifactKey: Guid(a8ac9a1be4e4c41018263d10fcc4ce1f) Importer(815301076,1909f56bfc062723c751e8b465ee728b)
Start importing Assets/LEGO Data/Geometry/New/LOD0/3003.fbx using Guid(a8ac9a1be4e4c41018263d10fcc4ce1f) Importer(815301076,1909f56bfc062723c751e8b465ee728b)  -> (artifact id: '2a9c02c3fceea2cb94c99c594fa7c184') in 0.072817 seconds 
========================================================================
Received Import Request.
  Time since last request: 0.000028 seconds.
  path: Assets/LEGO Data/Geometry/New/LOD0/3020.fbx
  artifactKey: Guid(5768a0b163b4a4ffab0f3fdc692cde98) Importer(815301076,1909f56bfc062723c751e8b465ee728b)
Start importing Assets/LEGO Data/Geometry/New/LOD0/3020.fbx using Guid(5768a0b163b4a4ffab0f3fdc692cde98) Importer(815301076,1909f56bfc062723c751e8b465ee728b)  -> (artifact id: 'c2acdd152dbccef3da8e1e8507b69abe') in 0.050133 seconds 
========================================================================
Received Import Request.
  Time since last request: 0.000040 seconds.
  path: Assets/LEGO Data/Geometry/New/LOD0/3070.fbx
  artifactKey: Guid(e27fa0dba0dd54021bc4875eefded3a4) Importer(815301076,1909f56bfc062723c751e8b465ee728b)
Start importing Assets/LEGO Data/Geometry/New/LOD0/3070.fbx using Guid(e27fa0dba0dd54021bc4875eefded3a4) Importer(815301076,1909f56bfc062723c751e8b465ee728b)  -> (artifact id: '2c12d240e23f5e99e668fe1fc314f5d2') in 0.055267 seconds 
========================================================================
Received Import Request.
  Time since last request: 0.000034 seconds.
  path: Assets/LEGO Data/Geometry/New/LOD0/2723.fbx
  artifactKey: Guid(e8aa4807305df4071b811febe26798b1) Importer(815301076,1909f56bfc062723c751e8b465ee728b)
Start importing Assets/LEGO Data/Geometry/New/LOD0/2723.fbx using Guid(e8aa4807305df4071b811febe26798b1) Importer(815301076,1909f56bfc062723c751e8b465ee728b)  -> (artifact id: 'ef42bfe74f472bfa32f8d0ab116f7455') in 0.055908 seconds 
========================================================================
Received Import Request.
  Time since last request: 0.000034 seconds.
  path: Assets/LEGO Data/Geometry/New/LOD0/3039.fbx
  artifactKey: Guid(b0cc8e88e002c4051b8841b4f70743bc) Importer(815301076,1909f56bfc062723c751e8b465ee728b)
Start importing Assets/LEGO Data/Geometry/New/LOD0/3039.fbx using Guid(b0cc8e88e002c4051b8841b4f70743bc) Importer(815301076,1909f56bfc062723c751e8b465ee728b)  -> (artifact id: '7eadeaa3548192f102f991d538aa7daa') in 0.063611 seconds 
========================================================================
Received Import Request.
  Time since last request: 0.000029 seconds.
  path: Assets/LEGO Data/Geometry/New/LOD0/3943.fbx
  artifactKey: Guid(bda6ecfb383e148c7ac4c211c35e6555) Importer(815301076,1909f56bfc062723c751e8b465ee728b)
Start importing Assets/LEGO Data/Geometry/New/LOD0/3943.fbx using Guid(bda6ecfb383e148c7ac4c211c35e6555) Importer(815301076,1909f56bfc062723c751e8b465ee728b)  -> (artifact id: 'ad1e570be7b7d8f15c4f25192b17b16e') in 0.055580 seconds 
========================================================================
Received Import Request.
  Time since last request: 0.000030 seconds.
  path: Assets/LEGO Data/Geometry/New/LOD0/3839.fbx
  artifactKey: Guid(5d902605c2f854840b1155dc53423eac) Importer(815301076,1909f56bfc062723c751e8b465ee728b)
Start importing Assets/LEGO Data/Geometry/New/LOD0/3839.fbx using Guid(5d902605c2f854840b1155dc53423eac) Importer(815301076,1909f56bfc062723c751e8b465ee728b)  -> (artifact id: '3553c781cb56f32fda20efbf5537789c') in 0.043680 seconds 
========================================================================
Received Import Request.
  Time since last request: 0.000032 seconds.
  path: Assets/LEGO Data/Geometry/New/LOD0/3675.fbx
  artifactKey: Guid(202826ec21dd5436791e4a1a2eaa8675) Importer(815301076,1909f56bfc062723c751e8b465ee728b)
Start importing Assets/LEGO Data/Geometry/New/LOD0/3675.fbx using Guid(202826ec21dd5436791e4a1a2eaa8675) Importer(815301076,1909f56bfc062723c751e8b465ee728b)  -> (artifact id: '4cff91b9015ea2f8a47749deebbee76e') in 0.040833 seconds 
========================================================================
Received Import Request.
  Time since last request: 0.000028 seconds.
  path: Assets/LEGO Data/Geometry/New/LOD0/3008.fbx
  artifactKey: Guid(3d556280bc1e84953b40638f4c49fbca) Importer(815301076,1909f56bfc062723c751e8b465ee728b)
Start importing Assets/LEGO Data/Geometry/New/LOD0/3008.fbx using Guid(3d556280bc1e84953b40638f4c49fbca) Importer(815301076,1909f56bfc062723c751e8b465ee728b)  -> (artifact id: 'd4f2b4f808620b0dd550c02d1b2e00c3') in 0.046364 seconds 
========================================================================
Received Import Request.
  Time since last request: 0.000042 seconds.
  path: Assets/LEGO Data/Geometry/New/LOD0/3062.fbx
  artifactKey: Guid(a3db70242818f42f6a266f08becfdf73) Importer(815301076,1909f56bfc062723c751e8b465ee728b)
Start importing Assets/LEGO Data/Geometry/New/LOD0/3062.fbx using Guid(a3db70242818f42f6a266f08becfdf73) Importer(815301076,1909f56bfc062723c751e8b465ee728b)  -> (artifact id: '6a2a3f0ff6547f8690d82513519c73d3') in 0.063382 seconds 
========================================================================
Received Import Request.
  Time since last request: 0.000030 seconds.
  path: Assets/LEGO Data/Geometry/New/LOD0/3676.fbx
  artifactKey: Guid(d8631869b90094f6eacc69b204f991a3) Importer(815301076,1909f56bfc062723c751e8b465ee728b)
Start importing Assets/LEGO Data/Geometry/New/LOD0/3676.fbx using Guid(d8631869b90094f6eacc69b204f991a3) Importer(815301076,1909f56bfc062723c751e8b465ee728b)  -> (artifact id: 'ce761086b9f41063a31c0a8712a33196') in 0.044619 seconds 
========================================================================
Received Import Request.
  Time since last request: 0.000028 seconds.
  path: Assets/LEGO Data/Geometry/New/LOD0/4150.fbx
  artifactKey: Guid(8daa4d8d35dea4abfab8213c0dcbfdce) Importer(815301076,1909f56bfc062723c751e8b465ee728b)
Start importing Assets/LEGO Data/Geometry/New/LOD0/4150.fbx using Guid(8daa4d8d35dea4abfab8213c0dcbfdce) Importer(815301076,1909f56bfc062723c751e8b465ee728b)  -> (artifact id: '0f41dbebc19b92085921fc0cec247ccf') in 0.067299 seconds 
========================================================================
Received Import Request.
  Time since last request: 0.000029 seconds.
  path: Assets/LEGO Data/Geometry/New/LOD0/3034.fbx
  artifactKey: Guid(4ce22e2a837d84f28a8c65c778ca8fa8) Importer(815301076,1909f56bfc062723c751e8b465ee728b)
Start importing Assets/LEGO Data/Geometry/New/LOD0/3034.fbx using Guid(4ce22e2a837d84f28a8c65c778ca8fa8) Importer(815301076,1909f56bfc062723c751e8b465ee728b)  -> (artifact id: 'bce84f53d2dab020c748f5e2f69be736') in 0.041817 seconds 
========================================================================
Received Import Request.
  Time since last request: 0.000031 seconds.
  path: Assets/LEGO Data/Geometry/New/LOD0/3626.fbx
  artifactKey: Guid(ad4c3069544f74754a7fb012a817845b) Importer(815301076,1909f56bfc062723c751e8b465ee728b)
Start importing Assets/LEGO Data/Geometry/New/LOD0/3626.fbx using Guid(ad4c3069544f74754a7fb012a817845b) Importer(815301076,1909f56bfc062723c751e8b465ee728b)  -> (artifact id: 'e2675c3e5f535685df0b09f8962b7df9') in 0.094777 seconds 
========================================================================
Received Import Request.
  Time since last request: 0.000041 seconds.
  path: Assets/LEGO Data/Geometry/New/LOD0/3747.fbx
  artifactKey: Guid(c3039b16127aa424a902f482ec5bfac7) Importer(815301076,1909f56bfc062723c751e8b465ee728b)
Start importing Assets/LEGO Data/Geometry/New/LOD0/3747.fbx using Guid(c3039b16127aa424a902f482ec5bfac7) Importer(815301076,1909f56bfc062723c751e8b465ee728b)  -> (artifact id: '1fe37250a0646bcad11ecb2c15fcf5eb') in 0.043163 seconds 
========================================================================
Received Import Request.
  Time since last request: 0.000026 seconds.
  path: Assets/LEGO Data/Geometry/New/LOD0/2412.fbx
  artifactKey: Guid(50dc70daa8aa04d9fbb69e1a6ba23c93) Importer(815301076,1909f56bfc062723c751e8b465ee728b)
Start importing Assets/LEGO Data/Geometry/New/LOD0/2412.fbx using Guid(50dc70daa8aa04d9fbb69e1a6ba23c93) Importer(815301076,1909f56bfc062723c751e8b465ee728b)  -> (artifact id: 'e74181b064517b77e8d4acdd3d6324bb') in 0.038250 seconds 
========================================================================
Received Import Request.
  Time since last request: 0.000041 seconds.
  path: Assets/LEGO Data/Geometry/New/LOD0/3894.fbx
  artifactKey: Guid(69a3929829c78894aa233569d83260c3) Importer(815301076,1909f56bfc062723c751e8b465ee728b)
Start importing Assets/LEGO Data/Geometry/New/LOD0/3894.fbx using Guid(69a3929829c78894aa233569d83260c3) Importer(815301076,1909f56bfc062723c751e8b465ee728b)  -> (artifact id: 'f927f236b5e84b584a31a1a0d46aea24') in 0.061458 seconds 
========================================================================
Received Import Request.
  Time since last request: 0.000047 seconds.
  path: Assets/LEGO Data/Geometry/New/LOD0/3832.fbx
  artifactKey: Guid(96bbb836bee5045f1b55e1bc26bb6146) Importer(815301076,1909f56bfc062723c751e8b465ee728b)
Start importing Assets/LEGO Data/Geometry/New/LOD0/3832.fbx using Guid(96bbb836bee5045f1b55e1bc26bb6146) Importer(815301076,1909f56bfc062723c751e8b465ee728b)  -> (artifact id: '6d998d9375cb332fdcb9ec42fa4952db') in 0.046401 seconds 
========================================================================
Received Import Request.
  Time since last request: 0.000024 seconds.
  path: Assets/LEGO Data/Geometry/New/LOD0/3700.fbx
  artifactKey: Guid(076547ee2857d47afa35fc37976be643) Importer(815301076,1909f56bfc062723c751e8b465ee728b)
Start importing Assets/LEGO Data/Geometry/New/LOD0/3700.fbx using Guid(076547ee2857d47afa35fc37976be643) Importer(815301076,1909f56bfc062723c751e8b465ee728b)  -> (artifact id: '3a49346e929678e07b5077cdd192df64') in 0.037755 seconds 
========================================================================
Received Import Request.
  Time since last request: 0.000033 seconds.
  path: Assets/LEGO Data/Geometry/New/LOD0/3685.fbx
  artifactKey: Guid(bc2d69f9d5ccc42b4a75643c1f4211e7) Importer(815301076,1909f56bfc062723c751e8b465ee728b)
Start importing Assets/LEGO Data/Geometry/New/LOD0/3685.fbx using Guid(bc2d69f9d5ccc42b4a75643c1f4211e7) Importer(815301076,1909f56bfc062723c751e8b465ee728b)  -> (artifact id: 'bcf453af53d1361b39ef5cc48fb357f0') in 0.041282 seconds 
========================================================================
Received Import Request.
  Time since last request: 0.000031 seconds.
  path: Assets/LEGO Data/Geometry/New/LOD0/2453.fbx
  artifactKey: Guid(5158fffafe3544e09ac6d9f97bd93f82) Importer(815301076,1909f56bfc062723c751e8b465ee728b)
Start importing Assets/LEGO Data/Geometry/New/LOD0/2453.fbx using Guid(5158fffafe3544e09ac6d9f97bd93f82) Importer(815301076,1909f56bfc062723c751e8b465ee728b)  -> (artifact id: '4de3ef6c46c3815dbad11c7b153b147e') in 0.091618 seconds 
========================================================================
Received Import Request.
  Time since last request: 0.000037 seconds.
  path: Assets/LEGO Data/Geometry/New/LOD0/4161.fbx
  artifactKey: Guid(ccc1f7394f26041c1959aac641be4cce) Importer(815301076,1909f56bfc062723c751e8b465ee728b)
Start importing Assets/LEGO Data/Geometry/New/LOD0/4161.fbx using Guid(ccc1f7394f26041c1959aac641be4cce) Importer(815301076,1909f56bfc062723c751e8b465ee728b)  -> (artifact id: '6224f0c8b3618257264dd0c0c786e51f') in 0.043113 seconds 
========================================================================
Received Import Request.
  Time since last request: 0.000038 seconds.
  path: Assets/LEGO Data/Geometry/New/LOD0/3795.fbx
  artifactKey: Guid(daa3df8852a3a4f96bdb9b9a5215c168) Importer(815301076,1909f56bfc062723c751e8b465ee728b)
Start importing Assets/LEGO Data/Geometry/New/LOD0/3795.fbx using Guid(daa3df8852a3a4f96bdb9b9a5215c168) Importer(815301076,1909f56bfc062723c751e8b465ee728b)  -> (artifact id: 'def4b718f06b0d3096a317db606ecc7e') in 0.049433 seconds 
========================================================================
Received Import Request.
  Time since last request: 0.000051 seconds.
  path: Assets/LEGO Data/Geometry/New/LOD0/3037.fbx
  artifactKey: Guid(ea12f89ab5ee243c3a79dec9ac03d649) Importer(815301076,1909f56bfc062723c751e8b465ee728b)
Start importing Assets/LEGO Data/Geometry/New/LOD0/3037.fbx using Guid(ea12f89ab5ee243c3a79dec9ac03d649) Importer(815301076,1909f56bfc062723c751e8b465ee728b)  -> (artifact id: 'af6c71544cc465fdff037590f57b5960') in 0.058647 seconds 
========================================================================
Received Import Request.
  Time since last request: 0.000048 seconds.
  path: Assets/LEGO Data/Geometry/New/LOD0/3027.fbx
  artifactKey: Guid(e7a0b049ad264734bb0c2d50a36d1262) Importer(815301076,1909f56bfc062723c751e8b465ee728b)
Start importing Assets/LEGO Data/Geometry/New/LOD0/3027.fbx using Guid(e7a0b049ad264734bb0c2d50a36d1262) Importer(815301076,1909f56bfc062723c751e8b465ee728b)  -> (artifact id: 'a218fbd4e6849686bd089085f6a31a2c') in 0.055155 seconds 
========================================================================
Received Import Request.
  Time since last request: 0.000031 seconds.
  path: Assets/LEGO Data/Geometry/New/LOD0/3066.fbx
  artifactKey: Guid(84caaaa1a706a4342be5255a4ddf251b) Importer(815301076,1909f56bfc062723c751e8b465ee728b)
Start importing Assets/LEGO Data/Geometry/New/LOD0/3066.fbx using Guid(84caaaa1a706a4342be5255a4ddf251b) Importer(815301076,1909f56bfc062723c751e8b465ee728b)  -> (artifact id: '02c2f3013216837f565741f16b8fd62e') in 0.041624 seconds 
========================================================================
Received Import Request.
  Time since last request: 0.000022 seconds.
  path: Assets/LEGO Data/Geometry/New/LOD0/3040.fbx
  artifactKey: Guid(72e5381567983474a8b1b887cb72fcf0) Importer(815301076,1909f56bfc062723c751e8b465ee728b)
Start importing Assets/LEGO Data/Geometry/New/LOD0/3040.fbx using Guid(72e5381567983474a8b1b887cb72fcf0) Importer(815301076,1909f56bfc062723c751e8b465ee728b)  -> (artifact id: 'f037c2806f56b02b721422b5ac637409') in 0.068510 seconds 
========================================================================
Received Import Request.
  Time since last request: 0.000025 seconds.
  path: Assets/LEGO Data/Geometry/New/LOD0/2435.fbx
  artifactKey: Guid(2024f956a5848cb44bc737f7ff737e00) Importer(815301076,1909f56bfc062723c751e8b465ee728b)
Start importing Assets/LEGO Data/Geometry/New/LOD0/2435.fbx using Guid(2024f956a5848cb44bc737f7ff737e00) Importer(815301076,1909f56bfc062723c751e8b465ee728b)  -> (artifact id: '78cffa058c98d72a18aef7a8b6e6cc0c') in 0.040421 seconds 
========================================================================
Received Import Request.
  Time since last request: 0.000030 seconds.
  path: Assets/LEGO Data/Geometry/New/LOD0/3956.fbx
  artifactKey: Guid(2abd333e278a547afa4f69a20e0b913e) Importer(815301076,1909f56bfc062723c751e8b465ee728b)
Start importing Assets/LEGO Data/Geometry/New/LOD0/3956.fbx using Guid(2abd333e278a547afa4f69a20e0b913e) Importer(815301076,1909f56bfc062723c751e8b465ee728b)  -> (artifact id: 'b8af835b88a226b6ef6874d0329a1d54') in 0.040019 seconds 
========================================================================
Received Import Request.
  Time since last request: 0.000033 seconds.
  path: Assets/LEGO Data/Geometry/New/LOD0/2423.fbx
  artifactKey: Guid(5bd0fce1779e5a844b64d391b9d9933f) Importer(815301076,1909f56bfc062723c751e8b465ee728b)
Start importing Assets/LEGO Data/Geometry/New/LOD0/2423.fbx using Guid(5bd0fce1779e5a844b64d391b9d9933f) Importer(815301076,1909f56bfc062723c751e8b465ee728b)  -> (artifact id: '132437a2d5a8266014436a8cc326a7b9') in 0.050073 seconds 
========================================================================
Received Import Request.
  Time since last request: 0.000033 seconds.
  path: Assets/LEGO Data/Geometry/New/LOD0/3006.fbx
  artifactKey: Guid(5c12b8e6939014d84a9b198bf97e77a9) Importer(815301076,1909f56bfc062723c751e8b465ee728b)
Start importing Assets/LEGO Data/Geometry/New/LOD0/3006.fbx using Guid(5c12b8e6939014d84a9b198bf97e77a9) Importer(815301076,1909f56bfc062723c751e8b465ee728b)  -> (artifact id: 'e7acbe3c4a64c2367d53c3817c9e21b1') in 0.071736 seconds 
========================================================================
Received Import Request.
  Time since last request: 0.000037 seconds.
  path: Assets/LEGO Data/Geometry/New/LOD0/3176.fbx
  artifactKey: Guid(2bfe0e5f0c9b14d2c899a73f86b73e8b) Importer(815301076,1909f56bfc062723c751e8b465ee728b)
Start importing Assets/LEGO Data/Geometry/New/LOD0/3176.fbx using Guid(2bfe0e5f0c9b14d2c899a73f86b73e8b) Importer(815301076,1909f56bfc062723c751e8b465ee728b)  -> (artifact id: '6f4c18828adb5c2bc4e07cefee58fbb2') in 0.049578 seconds 
========================================================================
Received Import Request.
  Time since last request: 0.000037 seconds.
  path: Assets/LEGO Data/Geometry/New/LOD0/3622.fbx
  artifactKey: Guid(5847f2ab634274f0d932bd0ba5a8cd28) Importer(815301076,1909f56bfc062723c751e8b465ee728b)
Start importing Assets/LEGO Data/Geometry/New/LOD0/3622.fbx using Guid(5847f2ab634274f0d932bd0ba5a8cd28) Importer(815301076,1909f56bfc062723c751e8b465ee728b)  -> (artifact id: '76ca93370a452db3e02d42d47b316cd3') in 0.066772 seconds 
========================================================================
Received Import Request.
  Time since last request: 0.000038 seconds.
  path: Assets/LEGO Data/Geometry/New/LOD0/3045.fbx
  artifactKey: Guid(081f6fda0d13f476e8999dc385f094e1) Importer(815301076,1909f56bfc062723c751e8b465ee728b)
Start importing Assets/LEGO Data/Geometry/New/LOD0/3045.fbx using Guid(081f6fda0d13f476e8999dc385f094e1) Importer(815301076,1909f56bfc062723c751e8b465ee728b)  -> (artifact id: 'dfc7e9f416def9d2c51944de69418ca3') in 0.041394 seconds 
========================================================================
Received Import Request.
  Time since last request: 0.000037 seconds.
  path: Assets/LEGO Data/Geometry/New/LOD0/3838.fbx
  artifactKey: Guid(b6347e60d6d1841e4960a98b76066564) Importer(815301076,1909f56bfc062723c751e8b465ee728b)
Start importing Assets/LEGO Data/Geometry/New/LOD0/3838.fbx using Guid(b6347e60d6d1841e4960a98b76066564) Importer(815301076,1909f56bfc062723c751e8b465ee728b)  -> (artifact id: '6070fb45fd8144bcc120ceb9207db1b2') in 0.036908 seconds 
========================================================================
Received Import Request.
  Time since last request: 0.000028 seconds.
  path: Assets/LEGO Data/Geometry/New/LOD0/3958.fbx
  artifactKey: Guid(9af0362f46d8a40c2b1ff6e045884d5e) Importer(815301076,1909f56bfc062723c751e8b465ee728b)
Start importing Assets/LEGO Data/Geometry/New/LOD0/3958.fbx using Guid(9af0362f46d8a40c2b1ff6e045884d5e) Importer(815301076,1909f56bfc062723c751e8b465ee728b)  -> (artifact id: '7e5a1010e7ab01818fdc0f049502497d') in 0.044492 seconds 
========================================================================
Received Import Request.
  Time since last request: 0.000036 seconds.
  path: Assets/LEGO Data/Geometry/New/LOD0/4216.fbx
  artifactKey: Guid(ff11ee00da07f442da08d745bee0c513) Importer(815301076,1909f56bfc062723c751e8b465ee728b)
Start importing Assets/LEGO Data/Geometry/New/LOD0/4216.fbx using Guid(ff11ee00da07f442da08d745bee0c513) Importer(815301076,1909f56bfc062723c751e8b465ee728b)  -> (artifact id: '5840ff9a930468f8fc883d591b8a276b') in 0.044194 seconds 
========================================================================
Received Import Request.
  Time since last request: 0.000028 seconds.
  path: Assets/LEGO Data/Geometry/New/LOD0/2921.fbx
  artifactKey: Guid(9a13aea3c7d4a4f22b7cf9df7f71d569) Importer(815301076,1909f56bfc062723c751e8b465ee728b)
Start importing Assets/LEGO Data/Geometry/New/LOD0/2921.fbx using Guid(9a13aea3c7d4a4f22b7cf9df7f71d569) Importer(815301076,1909f56bfc062723c751e8b465ee728b)  -> (artifact id: 'efb4fd52f7bc92db7124e7067161ce10') in 0.046390 seconds 
========================================================================
Received Import Request.
  Time since last request: 0.000026 seconds.
  path: Assets/LEGO Data/Geometry/New/LOD0/2430.fbx
  artifactKey: Guid(a3f4ff295c9e24f9ea09afe76e1976b4) Importer(815301076,1909f56bfc062723c751e8b465ee728b)
Start importing Assets/LEGO Data/Geometry/New/LOD0/2430.fbx using Guid(a3f4ff295c9e24f9ea09afe76e1976b4) Importer(815301076,1909f56bfc062723c751e8b465ee728b)  -> (artifact id: '1647610c2f308e4eb760698312ed9577') in 0.048475 seconds 
========================================================================
Received Import Request.
  Time since last request: 0.000050 seconds.
  path: Assets/LEGO Data/Geometry/New/LOD0/2460.fbx
  artifactKey: Guid(0b4812779640f4a88accbc1e391851cc) Importer(815301076,1909f56bfc062723c751e8b465ee728b)
Start importing Assets/LEGO Data/Geometry/New/LOD0/2460.fbx using Guid(0b4812779640f4a88accbc1e391851cc) Importer(815301076,1909f56bfc062723c751e8b465ee728b)  -> (artifact id: '2a7fb0a84eec5da1b8dc42fe259bdc1e') in 0.043990 seconds 
========================================================================
Received Import Request.
  Time since last request: 0.000027 seconds.
  path: Assets/LEGO Data/Geometry/New/LOD0/3009.fbx
  artifactKey: Guid(7b66c22141908484cbadfb79e9b5c895) Importer(815301076,1909f56bfc062723c751e8b465ee728b)
Start importing Assets/LEGO Data/Geometry/New/LOD0/3009.fbx using Guid(7b66c22141908484cbadfb79e9b5c895) Importer(815301076,1909f56bfc062723c751e8b465ee728b)  -> (artifact id: '40ca4135d2300f30a2c59b58b3bf8d6a') in 0.070044 seconds 
========================================================================
Received Import Request.
  Time since last request: 0.000024 seconds.
  path: Assets/LEGO Data/Geometry/New/LOD0/4162.fbx
  artifactKey: Guid(0c459e35500f04447825acaa734037a7) Importer(815301076,1909f56bfc062723c751e8b465ee728b)
Start importing Assets/LEGO Data/Geometry/New/LOD0/4162.fbx using Guid(0c459e35500f04447825acaa734037a7) Importer(815301076,1909f56bfc062723c751e8b465ee728b)  -> (artifact id: '4531ca97f6ef3c429fbca3133a64c523') in 0.055017 seconds 
========================================================================
Received Import Request.
  Time since last request: 0.000035 seconds.
  path: Assets/LEGO Data/Geometry/New/LOD0/3021.fbx
  artifactKey: Guid(2e22230652eef43c49f5281839f0d114) Importer(815301076,1909f56bfc062723c751e8b465ee728b)
Start importing Assets/LEGO Data/Geometry/New/LOD0/3021.fbx using Guid(2e22230652eef43c49f5281839f0d114) Importer(815301076,1909f56bfc062723c751e8b465ee728b)  -> (artifact id: 'c72dc6806e0384998e04007d1535500d') in 0.044876 seconds 
========================================================================
Received Import Request.
  Time since last request: 0.000040 seconds.
  path: Assets/LEGO Data/Geometry/New/LOD0/4035.fbx
  artifactKey: Guid(5d418129445eb460e9303d9cfe122a42) Importer(815301076,1909f56bfc062723c751e8b465ee728b)
Start importing Assets/LEGO Data/Geometry/New/LOD0/4035.fbx using Guid(5d418129445eb460e9303d9cfe122a42) Importer(815301076,1909f56bfc062723c751e8b465ee728b)  -> (artifact id: 'a60f3a6a18cfbe643705a44982b2ec86') in 0.041700 seconds 
========================================================================
Received Import Request.
  Time since last request: 0.000037 seconds.
  path: Assets/LEGO Data/Geometry/New/LOD0/4286.fbx
  artifactKey: Guid(60b0b3cd2ab824704b3ef562ceae7ad9) Importer(815301076,1909f56bfc062723c751e8b465ee728b)
Start importing Assets/LEGO Data/Geometry/New/LOD0/4286.fbx using Guid(60b0b3cd2ab824704b3ef562ceae7ad9) Importer(815301076,1909f56bfc062723c751e8b465ee728b)  -> (artifact id: 'a47990064346d70f7a7eeee93c3f4815') in 0.041668 seconds 
========================================================================
Received Import Request.
  Time since last request: 0.000029 seconds.
  path: Assets/LEGO Data/Geometry/New/LOD0/2417.fbx
  artifactKey: Guid(9e3baa0e374ee4f1fa25867d7213c843) Importer(815301076,1909f56bfc062723c751e8b465ee728b)
Start importing Assets/LEGO Data/Geometry/New/LOD0/2417.fbx using Guid(9e3baa0e374ee4f1fa25867d7213c843) Importer(815301076,1909f56bfc062723c751e8b465ee728b)  -> (artifact id: '8f4f6f267c01138898b87032c91216f8') in 0.045257 seconds 
========================================================================
Received Import Request.
  Time since last request: 0.000028 seconds.
  path: Assets/LEGO Data/Geometry/New/LOD0/3841.fbx
  artifactKey: Guid(5325e0d3a40257f40b87726403943ec7) Importer(815301076,1909f56bfc062723c751e8b465ee728b)
Start importing Assets/LEGO Data/Geometry/New/LOD0/3841.fbx using Guid(5325e0d3a40257f40b87726403943ec7) Importer(815301076,1909f56bfc062723c751e8b465ee728b)  -> (artifact id: '33a677f980afb6d32588907ff211b4ee') in 0.038885 seconds 
========================================================================
Received Import Request.
  Time since last request: 0.000027 seconds.
  path: Assets/LEGO Data/Geometry/New/LOD0/2780.fbx
  artifactKey: Guid(a2fc4c7a82e22b34bae644c9a97eed07) Importer(815301076,1909f56bfc062723c751e8b465ee728b)
Start importing Assets/LEGO Data/Geometry/New/LOD0/2780.fbx using Guid(a2fc4c7a82e22b34bae644c9a97eed07) Importer(815301076,1909f56bfc062723c751e8b465ee728b)  -> (artifact id: '3af90357049b6c1442fe90cfe50cf5d5') in 0.039236 seconds 
========================================================================
Received Import Request.
  Time since last request: 0.000035 seconds.
  path: Assets/LEGO Data/Geometry/New/LOD0/4274.fbx
  artifactKey: Guid(7bcc2ab09e9a24360b5c934e5502d9be) Importer(815301076,1909f56bfc062723c751e8b465ee728b)
Start importing Assets/LEGO Data/Geometry/New/LOD0/4274.fbx using Guid(7bcc2ab09e9a24360b5c934e5502d9be) Importer(815301076,1909f56bfc062723c751e8b465ee728b)  -> (artifact id: '7f3e7a607c67d3abd1b48df7d71b64b3') in 0.051197 seconds 
========================================================================
Received Import Request.
  Time since last request: 0.000039 seconds.
  path: Assets/LEGO Data/Geometry/New/LOD0/2420.fbx
  artifactKey: Guid(4f03b39adecea4e28ababbdca7d97b83) Importer(815301076,1909f56bfc062723c751e8b465ee728b)
Start importing Assets/LEGO Data/Geometry/New/LOD0/2420.fbx using Guid(4f03b39adecea4e28ababbdca7d97b83) Importer(815301076,1909f56bfc062723c751e8b465ee728b)  -> (artifact id: '51cd6aee69bb068dcb738175c5ce2e75') in 0.041616 seconds 
========================================================================
Received Import Request.
  Time since last request: 0.000034 seconds.
  path: Assets/LEGO Data/Geometry/New/LOD0/3471.fbx
  artifactKey: Guid(7b95ebac739e46849a9c9eababb452b3) Importer(815301076,1909f56bfc062723c751e8b465ee728b)
Start importing Assets/LEGO Data/Geometry/New/LOD0/3471.fbx using Guid(7b95ebac739e46849a9c9eababb452b3) Importer(815301076,1909f56bfc062723c751e8b465ee728b)  -> (artifact id: 'dda05806b277b3e976d0462c34ecca15') in 0.053953 seconds 
========================================================================
Received Prepare
Registering precompiled user dll's ...
Registered in 0.015434 seconds.
Begin MonoManager ReloadAssembly
Symbol file LoadedFromMemory doesn't match image C:\legoChristmasMicrogame\Library\PackageCache\com.unity.visualscripting@1.7.8\Editor\VisualScripting.Core\Dependencies\YamlDotNet\Unity.VisualScripting.YamlDotNet.dll
Symbol file LoadedFromMemory doesn't match image C:\legoChristmasMicrogame\Library\PackageCache\com.unity.visualscripting@1.7.8\Editor\VisualScripting.Core\Dependencies\DotNetZip\Unity.VisualScripting.IonicZip.dll
Native extension for UWP target not found
Native extension for LinuxStandalone target not found
Native extension for WindowsStandalone target not found
Native extension for AppleTV target not found
Native extension for iOS target not found
Native extension for Android target not found
Native extension for OSXStandalone target not found
Native extension for WebGL target not found
Refreshing native plugins compatible for Editor in 1.69 ms, found 3 plugins.
Preloading 0 native plugins for Editor in 0.00 ms.
Mono: successfully reloaded assembly
- Completed reload, in  6.643 seconds
Domain Reload Profiling:
	ReloadAssembly (6644ms)
		BeginReloadAssembly (184ms)
			ExecutionOrderSort (0ms)
			DisableScriptedObjects (6ms)
			BackupInstance (0ms)
			ReleaseScriptingObjects (0ms)
			CreateAndSetChildDomain (54ms)
		EndReloadAssembly (6346ms)
			LoadAssemblies (128ms)
			RebuildTransferFunctionScriptingTraits (0ms)
			SetupTypeCache (5304ms)
				TypeCache.Initialize (5287ms)
					TypeCache.ScanAssembly (5279ms)
				ResolveRequiredComponents (17ms)
			ReleaseScriptCaches (2ms)
			RebuildScriptCaches (57ms)
			SetupLoadedEditorAssemblies (739ms)
				LogAssemblyErrors (0ms)
				InitializePlatformSupportModulesInManaged (68ms)
				SetLoadedEditorAssemblies (7ms)
				RefreshPlugins (2ms)
				BeforeProcessingInitializeOnLoad (140ms)
				ProcessInitializeOnLoadAttributes (405ms)
				ProcessInitializeOnLoadMethodAttributes (91ms)
				AfterProcessingInitializeOnLoad (25ms)
				EditorAssembliesLoaded (0ms)
			ExecutionOrderSort2 (0ms)
			AwakeInstancesAfterBackupRestoration (11ms)
Platform modules already initialized, skipping
Refreshing native plugins compatible for Editor in 3.58 ms, found 3 plugins.
Preloading 0 native plugins for Editor in 0.00 ms.
Unloading 5674 Unused Serialized files (Serialized files now loaded: 0)
Unloading 28 unused Assets / (380.6 KB). Loaded Objects now: 6553.
Memory consumption went from 0.90 GB to 0.89 GB.
Total: 4.334300 ms (FindLiveObjects: 0.583100 ms CreateObjectMapping: 0.150100 ms MarkObjects: 3.481200 ms  DeleteObjects: 0.118700 ms)

AssetImportParameters requested are different than current active one (requested -> active):
  custom:video-decoder-ogg-theora: a1e56fd34408186e4bbccfd4996cb3dc -> 
  custom:container-muxer-webm: aa71ff27fc2769a1b78a27578f13a17b -> 
  custom:container-demuxer-webm: 4f35f7cbe854078d1ac9338744f61a02 -> 
  custom:video-encoder-webm-vp8: eb34c28f22e8b96e1ab97ce403110664 -> 
  custom:audio-encoder-webm-vorbis: bf7c407c2cedff20999df2af8eb42d56 -> 
  custom:framework-win-MediaFoundation: 216162199b28c13a410421893ffa2e32 -> 
  custom:container-demuxer-ogg: 62fdf1f143b41e24485cea50d1cbac27 -> 
  custom:video-decoder-webm-vp8: 9c59270c3fd7afecdb556c50c9e8de78 -> 
  custom:audio-decoder-ogg-vorbis: bf7c407c2cedff20999df2af8eb42d56 -> 
========================================================================
Received Prepare
Registering precompiled user dll's ...
Registered in 0.014329 seconds.
Begin MonoManager ReloadAssembly
Symbol file LoadedFromMemory doesn't match image C:\legoChristmasMicrogame\Library\PackageCache\com.unity.visualscripting@1.7.8\Editor\VisualScripting.Core\Dependencies\YamlDotNet\Unity.VisualScripting.YamlDotNet.dll
Symbol file LoadedFromMemory doesn't match image C:\legoChristmasMicrogame\Library\PackageCache\com.unity.visualscripting@1.7.8\Editor\VisualScripting.Core\Dependencies\DotNetZip\Unity.VisualScripting.IonicZip.dll
Native extension for UWP target not found
Native extension for LinuxStandalone target not found
Native extension for WindowsStandalone target not found
Native extension for AppleTV target not found
Native extension for iOS target not found
Native extension for Android target not found
Native extension for OSXStandalone target not found
Native extension for WebGL target not found
Refreshing native plugins compatible for Editor in 1.51 ms, found 3 plugins.
Preloading 0 native plugins for Editor in 0.00 ms.
Mono: successfully reloaded assembly
- Completed reload, in  1.455 seconds
Domain Reload Profiling:
	ReloadAssembly (1456ms)
		BeginReloadAssembly (190ms)
			ExecutionOrderSort (0ms)
			DisableScriptedObjects (5ms)
			BackupInstance (0ms)
			ReleaseScriptingObjects (0ms)
			CreateAndSetChildDomain (54ms)
		EndReloadAssembly (1142ms)
			LoadAssemblies (137ms)
			RebuildTransferFunctionScriptingTraits (0ms)
			SetupTypeCache (322ms)
				TypeCache.Initialize (309ms)
					TypeCache.ScanAssembly (303ms)
				ResolveRequiredComponents (13ms)
			ReleaseScriptCaches (2ms)
			RebuildScriptCaches (49ms)
			SetupLoadedEditorAssemblies (574ms)
				LogAssemblyErrors (0ms)
				InitializePlatformSupportModulesInManaged (54ms)
				SetLoadedEditorAssemblies (6ms)
				RefreshPlugins (2ms)
				BeforeProcessingInitializeOnLoad (124ms)
				ProcessInitializeOnLoadAttributes (290ms)
				ProcessInitializeOnLoadMethodAttributes (75ms)
				AfterProcessingInitializeOnLoad (23ms)
				EditorAssembliesLoaded (0ms)
			ExecutionOrderSort2 (0ms)
			AwakeInstancesAfterBackupRestoration (10ms)
Platform modules already initialized, skipping
Refreshing native plugins compatible for Editor in 3.65 ms, found 3 plugins.
Preloading 0 native plugins for Editor in 0.00 ms.
Unloading 5674 Unused Serialized files (Serialized files now loaded: 0)
Unloading 28 unused Assets / (380.6 KB). Loaded Objects now: 6569.
Memory consumption went from 0.89 GB to 0.89 GB.
Total: 4.576700 ms (FindLiveObjects: 0.509000 ms CreateObjectMapping: 0.374000 ms MarkObjects: 3.586300 ms  DeleteObjects: 0.106100 ms)

AssetImportParameters requested are different than current active one (requested -> active):
  custom:video-decoder-ogg-theora: a1e56fd34408186e4bbccfd4996cb3dc -> 
  custom:container-muxer-webm: aa71ff27fc2769a1b78a27578f13a17b -> 
  custom:container-demuxer-webm: 4f35f7cbe854078d1ac9338744f61a02 -> 
  custom:video-encoder-webm-vp8: eb34c28f22e8b96e1ab97ce403110664 -> 
  custom:audio-encoder-webm-vorbis: bf7c407c2cedff20999df2af8eb42d56 -> 
  custom:framework-win-MediaFoundation: 216162199b28c13a410421893ffa2e32 -> 
  custom:container-demuxer-ogg: 62fdf1f143b41e24485cea50d1cbac27 -> 
  custom:video-decoder-webm-vp8: 9c59270c3fd7afecdb556c50c9e8de78 -> 
  custom:audio-decoder-ogg-vorbis: bf7c407c2cedff20999df2af8eb42d56 -> 
========================================================================
Received Prepare
Registering precompiled user dll's ...
Registered in 0.015421 seconds.
Begin MonoManager ReloadAssembly
Symbol file LoadedFromMemory doesn't match image C:\legoChristmasMicrogame\Library\PackageCache\com.unity.visualscripting@1.7.8\Editor\VisualScripting.Core\Dependencies\YamlDotNet\Unity.VisualScripting.YamlDotNet.dll
Symbol file LoadedFromMemory doesn't match image C:\legoChristmasMicrogame\Library\PackageCache\com.unity.visualscripting@1.7.8\Editor\VisualScripting.Core\Dependencies\DotNetZip\Unity.VisualScripting.IonicZip.dll
Native extension for UWP target not found
Native extension for LinuxStandalone target not found
Native extension for WindowsStandalone target not found
Native extension for AppleTV target not found
Native extension for iOS target not found
Native extension for Android target not found
Native extension for OSXStandalone target not found
Native extension for WebGL target not found
Refreshing native plugins compatible for Editor in 1.42 ms, found 3 plugins.
Preloading 0 native plugins for Editor in 0.00 ms.
Mono: successfully reloaded assembly
- Completed reload, in  1.453 seconds
Domain Reload Profiling:
	ReloadAssembly (1454ms)
		BeginReloadAssembly (182ms)
			ExecutionOrderSort (0ms)
			DisableScriptedObjects (5ms)
			BackupInstance (0ms)
			ReleaseScriptingObjects (0ms)
			CreateAndSetChildDomain (47ms)
		EndReloadAssembly (1142ms)
			LoadAssemblies (139ms)
			RebuildTransferFunctionScriptingTraits (0ms)
			SetupTypeCache (311ms)
				TypeCache.Initialize (298ms)
					TypeCache.ScanAssembly (291ms)
				ResolveRequiredComponents (14ms)
			ReleaseScriptCaches (2ms)
			RebuildScriptCaches (51ms)
			SetupLoadedEditorAssemblies (585ms)
				LogAssemblyErrors (0ms)
				InitializePlatformSupportModulesInManaged (60ms)
				SetLoadedEditorAssemblies (6ms)
				RefreshPlugins (1ms)
				BeforeProcessingInitializeOnLoad (129ms)
				ProcessInitializeOnLoadAttributes (291ms)
				ProcessInitializeOnLoadMethodAttributes (76ms)
				AfterProcessingInitializeOnLoad (22ms)
				EditorAssembliesLoaded (0ms)
			ExecutionOrderSort2 (0ms)
			AwakeInstancesAfterBackupRestoration (11ms)
Platform modules already initialized, skipping
Refreshing native plugins compatible for Editor in 3.33 ms, found 3 plugins.
Preloading 0 native plugins for Editor in 0.00 ms.
Unloading 5674 Unused Serialized files (Serialized files now loaded: 0)
Unloading 28 unused Assets / (380.6 KB). Loaded Objects now: 6585.
Memory consumption went from 0.90 GB to 0.89 GB.
Total: 4.179800 ms (FindLiveObjects: 0.591400 ms CreateObjectMapping: 0.160700 ms MarkObjects: 3.289600 ms  DeleteObjects: 0.137200 ms)

AssetImportParameters requested are different than current active one (requested -> active):
  custom:video-decoder-ogg-theora: a1e56fd34408186e4bbccfd4996cb3dc -> 
  custom:container-muxer-webm: aa71ff27fc2769a1b78a27578f13a17b -> 
  custom:container-demuxer-webm: 4f35f7cbe854078d1ac9338744f61a02 -> 
  custom:video-encoder-webm-vp8: eb34c28f22e8b96e1ab97ce403110664 -> 
  custom:audio-encoder-webm-vorbis: bf7c407c2cedff20999df2af8eb42d56 -> 
  custom:framework-win-MediaFoundation: 216162199b28c13a410421893ffa2e32 -> 
  custom:container-demuxer-ogg: 62fdf1f143b41e24485cea50d1cbac27 -> 
  custom:video-decoder-webm-vp8: 9c59270c3fd7afecdb556c50c9e8de78 -> 
  custom:audio-decoder-ogg-vorbis: bf7c407c2cedff20999df2af8eb42d56 -> 
========================================================================
Received Import Request.
  Time since last request: 1439.742868 seconds.
  path: Assets/LEGO/Gizmos/LEGO Behaviour Icons/Speak Action.png
  artifactKey: Guid(f1fff6af1ab1ea840aff6113f44d0ac6) Importer(815301076,1909f56bfc062723c751e8b465ee728b)
Start importing Assets/LEGO/Gizmos/LEGO Behaviour Icons/Speak Action.png using Guid(f1fff6af1ab1ea840aff6113f44d0ac6) Importer(815301076,1909f56bfc062723c751e8b465ee728b)  -> (artifact id: 'f0e134a49e670de46b843e99304db695') in 0.149875 seconds 
========================================================================
Received Import Request.
  Time since last request: 0.000035 seconds.
  path: Assets/LEGO/Textures/LEGO Behaviour Icons/Speak Action Side.png
  artifactKey: Guid(67cd5947d4ddd344583a4da3f5afadfd) Importer(815301076,1909f56bfc062723c751e8b465ee728b)
Start importing Assets/LEGO/Textures/LEGO Behaviour Icons/Speak Action Side.png using Guid(67cd5947d4ddd344583a4da3f5afadfd) Importer(815301076,1909f56bfc062723c751e8b465ee728b)  -> (artifact id: 'ef791da134ac02e37c6dc03a3612ccd9') in 0.019334 seconds 
========================================================================
Received Import Request.
  Time since last request: 0.000034 seconds.
  path: Assets/LEGO/Materials/LEGO Behaviour Icons/Speak Action Side.mat
  artifactKey: Guid(94a1d4a67b2cc70449bb2cd98a5cde3a) Importer(815301076,1909f56bfc062723c751e8b465ee728b)
Start importing Assets/LEGO/Materials/LEGO Behaviour Icons/Speak Action Side.mat using Guid(94a1d4a67b2cc70449bb2cd98a5cde3a) Importer(815301076,1909f56bfc062723c751e8b465ee728b)  -> (artifact id: '7e8bb707309cf4cb8517cf6a0ea47861') in 0.194558 seconds 
========================================================================
Received Import Request.
  Time since last request: 46.587098 seconds.
  path: Assets/Snowy_Low_Poly_Trees/Materials/Snow.mat
  artifactKey: Guid(55003d8793f84ef45899029379d6f732) Importer(815301076,1909f56bfc062723c751e8b465ee728b)
Start importing Assets/Snowy_Low_Poly_Trees/Materials/Snow.mat using Guid(55003d8793f84ef45899029379d6f732) Importer(815301076,1909f56bfc062723c751e8b465ee728b)  -> (artifact id: 'ddcefeca68c3e7f1a13d485a9a653266') in 0.023322 seconds 
========================================================================
Received Import Request.
  Time since last request: 0.000027 seconds.
  path: Assets/Snowy_Low_Poly_Trees/Materials/Wood.mat
  artifactKey: Guid(a9c035f52d27c9649963301025ddf958) Importer(815301076,1909f56bfc062723c751e8b465ee728b)
Start importing Assets/Snowy_Low_Poly_Trees/Materials/Wood.mat using Guid(a9c035f52d27c9649963301025ddf958) Importer(815301076,1909f56bfc062723c751e8b465ee728b)  -> (artifact id: 'd1135f9880fd138c87086b14b309cee9') in 0.021406 seconds 
========================================================================
Received Import Request.
  Time since last request: 8.945232 seconds.
  path: Assets/LEGO/Models/Rock 1.fbx
  artifactKey: Guid(d09f36832543bf94f9c2516a58aeeddf) Importer(815301076,1909f56bfc062723c751e8b465ee728b)
Start importing Assets/LEGO/Models/Rock 1.fbx using Guid(d09f36832543bf94f9c2516a58aeeddf) Importer(815301076,1909f56bfc062723c751e8b465ee728b)  -> (artifact id: '856c3e2c216ccd9d241752d1c8f78016') in 0.047793 seconds 
========================================================================
Received Import Request.
  Time since last request: 0.000031 seconds.
  path: Assets/LEGO/Models/Rock 2.fbx
  artifactKey: Guid(19027613b79ac1247a8e92ee1aecac14) Importer(815301076,1909f56bfc062723c751e8b465ee728b)
Start importing Assets/LEGO/Models/Rock 2.fbx using Guid(19027613b79ac1247a8e92ee1aecac14) Importer(815301076,1909f56bfc062723c751e8b465ee728b)  -> (artifact id: 'b255453f0decfd2e5786012c79096550') in 0.028659 seconds 
========================================================================
Received Import Request.
  Time since last request: 0.000028 seconds.
  path: Assets/LEGO/Models/Rock 3.fbx
  artifactKey: Guid(fb01d3c33168979499e56ab08875e85a) Importer(815301076,1909f56bfc062723c751e8b465ee728b)
Start importing Assets/LEGO/Models/Rock 3.fbx using Guid(fb01d3c33168979499e56ab08875e85a) Importer(815301076,1909f56bfc062723c751e8b465ee728b)  -> (artifact id: '139bb851822e658d374b5d28383d099f') in 0.031738 seconds 
========================================================================
Received Import Request.
  Time since last request: 7.270868 seconds.
  path: Assets/LEGO/Prefabs/LEGO Behaviour Bricks/Audio.prefab
  artifactKey: Guid(2811b6b17136449a6b4e9b435ea8a3a1) Importer(815301076,1909f56bfc062723c751e8b465ee728b)
Start importing Assets/LEGO/Prefabs/LEGO Behaviour Bricks/Audio.prefab using Guid(2811b6b17136449a6b4e9b435ea8a3a1) Importer(815301076,1909f56bfc062723c751e8b465ee728b)  -> (artifact id: '49ed6c22178e2a52cf02f8f520b60ef4') in 0.083267 seconds 
========================================================================
Received Import Request.
  Time since last request: 0.000044 seconds.
  path: Assets/LEGO/Prefabs/LEGO Behaviour Bricks/Explode.prefab
  artifactKey: Guid(dec0a645588d04d8bb0ca99f70ffa743) Importer(815301076,1909f56bfc062723c751e8b465ee728b)
Start importing Assets/LEGO/Prefabs/LEGO Behaviour Bricks/Explode.prefab using Guid(dec0a645588d04d8bb0ca99f70ffa743) Importer(815301076,1909f56bfc062723c751e8b465ee728b)  -> (artifact id: '8f21554cff9c21ec9011afc58720c40d') in 0.041492 seconds 
========================================================================
Received Import Request.
  Time since last request: 0.000037 seconds.
  path: Assets/LEGO/Prefabs/LEGO Behaviour Bricks/Input Trigger.prefab
  artifactKey: Guid(0e1bf072a3aa3894b938ebe6a19490c5) Importer(815301076,1909f56bfc062723c751e8b465ee728b)
Start importing Assets/LEGO/Prefabs/LEGO Behaviour Bricks/Input Trigger.prefab using Guid(0e1bf072a3aa3894b938ebe6a19490c5) Importer(815301076,1909f56bfc062723c751e8b465ee728b)  -> (artifact id: 'ae990ca89044489ac76782cc39bd0550') in 0.088371 seconds 
========================================================================
Received Import Request.
  Time since last request: 0.000055 seconds.
  path: Assets/LEGO/Prefabs/LEGO Behaviour Bricks/Nearby Trigger.prefab
  artifactKey: Guid(5073354b3112c48619a5a0a18f938ee7) Importer(815301076,1909f56bfc062723c751e8b465ee728b)
Start importing Assets/LEGO/Prefabs/LEGO Behaviour Bricks/Nearby Trigger.prefab using Guid(5073354b3112c48619a5a0a18f938ee7) Importer(815301076,1909f56bfc062723c751e8b465ee728b)  -> (artifact id: '741acf75f239b3b59b15829d0bbe7865') in 0.033701 seconds 
========================================================================
Received Import Request.
  Time since last request: 0.000027 seconds.
  path: Assets/LEGO/Prefabs/LEGO Behaviour Bricks/Random Trigger.prefab
  artifactKey: Guid(02e3db666d57540848263b70239df2a9) Importer(815301076,1909f56bfc062723c751e8b465ee728b)
Start importing Assets/LEGO/Prefabs/LEGO Behaviour Bricks/Random Trigger.prefab using Guid(02e3db666d57540848263b70239df2a9) Importer(815301076,1909f56bfc062723c751e8b465ee728b)  -> (artifact id: '26edc9f307d976a7c41f0f0d737d210a') in 0.035701 seconds 
========================================================================
Received Import Request.
  Time since last request: 0.000042 seconds.
  path: Assets/LEGO/Prefabs/LEGO Behaviour Bricks/One Button.prefab
  artifactKey: Guid(1f775bc2fdffc134e9c5098dc582ef5c) Importer(815301076,1909f56bfc062723c751e8b465ee728b)
Start importing Assets/LEGO/Prefabs/LEGO Behaviour Bricks/One Button.prefab using Guid(1f775bc2fdffc134e9c5098dc582ef5c) Importer(815301076,1909f56bfc062723c751e8b465ee728b)  -> (artifact id: 'f359452ffb280ce26282930ad87ed949') in 0.056731 seconds 
========================================================================
Received Import Request.
  Time since last request: 0.000028 seconds.
  path: Assets/LEGO/Prefabs/LEGO Behaviour Bricks/Pickup.prefab
  artifactKey: Guid(aabede6d086ed4135905ba95940a38b0) Importer(815301076,1909f56bfc062723c751e8b465ee728b)
Start importing Assets/LEGO/Prefabs/LEGO Behaviour Bricks/Pickup.prefab using Guid(aabede6d086ed4135905ba95940a38b0) Importer(815301076,1909f56bfc062723c751e8b465ee728b)  -> (artifact id: '2be9a44e91a13cea51bb96df8395d1ed') in 0.068938 seconds 
========================================================================
Received Import Request.
  Time since last request: 0.000030 seconds.
  path: Assets/LEGO/Prefabs/LEGO Behaviour Bricks/Hazard.prefab
  artifactKey: Guid(569d6da3692aa4c52814451a313b2732) Importer(815301076,1909f56bfc062723c751e8b465ee728b)
Start importing Assets/LEGO/Prefabs/LEGO Behaviour Bricks/Hazard.prefab using Guid(569d6da3692aa4c52814451a313b2732) Importer(815301076,1909f56bfc062723c751e8b465ee728b)  -> (artifact id: '5644ea3c519212e7129ca1fc418df08b') in 0.049549 seconds 
========================================================================
Received Import Request.
  Time since last request: 0.000042 seconds.
  path: Assets/LEGO/Prefabs/LEGO Behaviour Bricks/Win.prefab
  artifactKey: Guid(ea265bc597495427489e129dab6e40fa) Importer(815301076,1909f56bfc062723c751e8b465ee728b)
Start importing Assets/LEGO/Prefabs/LEGO Behaviour Bricks/Win.prefab using Guid(ea265bc597495427489e129dab6e40fa) Importer(815301076,1909f56bfc062723c751e8b465ee728b)  -> (artifact id: 'd95d88b3de2ce4912c80bb510b9a385f') in 0.033889 seconds 
========================================================================
Received Import Request.
  Time since last request: 0.000029 seconds.
  path: Assets/LEGO/Prefabs/LEGO Behaviour Bricks/Platform.prefab
  artifactKey: Guid(57247d92339f745738d099ab710462e5) Importer(815301076,1909f56bfc062723c751e8b465ee728b)
Start importing Assets/LEGO/Prefabs/LEGO Behaviour Bricks/Platform.prefab using Guid(57247d92339f745738d099ab710462e5) Importer(815301076,1909f56bfc062723c751e8b465ee728b)  -> (artifact id: 'b00de74f6ee3c1ae8816f6fdbe3b7da1') in 0.051214 seconds 
========================================================================
Received Import Request.
  Time since last request: 0.000029 seconds.
  path: Assets/LEGO/Prefabs/LEGO Behaviour Bricks/Shoot.prefab
  artifactKey: Guid(64d1d089ce11e4eadaa32af6d2e3d1fd) Importer(815301076,1909f56bfc062723c751e8b465ee728b)
Start importing Assets/LEGO/Prefabs/LEGO Behaviour Bricks/Shoot.prefab using Guid(64d1d089ce11e4eadaa32af6d2e3d1fd) Importer(815301076,1909f56bfc062723c751e8b465ee728b)  -> (artifact id: '03f265563520eb80192866c904545254') in 0.036831 seconds 
========================================================================
Received Import Request.
  Time since last request: 0.000041 seconds.
  path: Assets/LEGO/Prefabs/LEGO Behaviour Bricks/Counter.prefab
  artifactKey: Guid(e091f61a413b7c443bcb03c9d0e2f23a) Importer(815301076,1909f56bfc062723c751e8b465ee728b)
Start importing Assets/LEGO/Prefabs/LEGO Behaviour Bricks/Counter.prefab using Guid(e091f61a413b7c443bcb03c9d0e2f23a) Importer(815301076,1909f56bfc062723c751e8b465ee728b)  -> (artifact id: '9014ffd98cf744f26ca53d3f803dda27') in 0.083899 seconds 
Editor requested this worker to shutdown with reason: Scaling down because of idle timeout
AssetImportWorkerClient::OnTransportError - code=2 error=End of file
AssetImportWorker is now disconnected from the server
Process exiting
Exiting without the bug reporter. Application will terminate with return code 0