Using pre-set license
Built from '2022.1/staging' branch; Version is '2022.1.16f1 (7321c9670bc2) revision 7545289'; Using compiler version '192829333'; Build Type 'Release'
OS: 'Windows 10  (10.0.19045) 64bit Education' Language: 'en' Physical Memory: 16309 MB
BatchMode: 1, IsHumanControllingUs: 0, StartBugReporterOnCrash: 0, Is64bit: 1, IsPro: 1

COMMAND LINE ARGUMENTS:
C:\Program Files\Unity\Hub\Editor\2022.1.16f1\Editor\Unity.exe
-adb2
-batchMode
-noUpm
-name
AssetImportWorker0
-projectPath
C:/legoChristmasMicrogame
-logFile
Logs/AssetImportWorker0.log
-srvPort
55322
Successfully changed project path to: C:/legoChristmasMicrogame
C:/legoChristmasMicrogame
[UnityMemory] Configuration Parameters - Can be set up in boot.config
    "memorysetup-bucket-allocator-granularity=16"
    "memorysetup-bucket-allocator-bucket-count=8"
    "memorysetup-bucket-allocator-block-size=33554432"
    "memorysetup-bucket-allocator-block-count=8"
    "memorysetup-main-allocator-block-size=16777216"
    "memorysetup-thread-allocator-block-size=16777216"
    "memorysetup-gfx-main-allocator-block-size=16777216"
    "memorysetup-gfx-thread-allocator-block-size=16777216"
    "memorysetup-cache-allocator-block-size=4194304"
    "memorysetup-typetree-allocator-block-size=2097152"
    "memorysetup-profiler-bucket-allocator-granularity=16"
    "memorysetup-profiler-bucket-allocator-bucket-count=8"
    "memorysetup-profiler-bucket-allocator-block-size=33554432"
    "memorysetup-profiler-bucket-allocator-block-count=8"
    "memorysetup-profiler-allocator-block-size=16777216"
    "memorysetup-profiler-editor-allocator-block-size=1048576"
    "memorysetup-temp-allocator-size-main=16777216"
    "memorysetup-job-temp-allocator-block-size=2097152"
    "memorysetup-job-temp-allocator-block-size-background=1048576"
    "memorysetup-job-temp-allocator-reduction-small-platforms=262144"
    "memorysetup-temp-allocator-size-background-worker=32768"
    "memorysetup-temp-allocator-size-job-worker=262144"
    "memorysetup-temp-allocator-size-preload-manager=33554432"
    "memorysetup-temp-allocator-size-nav-mesh-worker=65536"
    "memorysetup-temp-allocator-size-audio-worker=65536"
    "memorysetup-temp-allocator-size-cloud-worker=32768"
    "memorysetup-temp-allocator-size-gi-baking-worker=262144"
    "memorysetup-temp-allocator-size-gfx=262144"
Refreshing native plugins compatible for Editor in 159.48 ms, found 3 plugins.
Preloading 0 native plugins for Editor in 0.00 ms.
Initialize engine version: 2022.1.16f1 (7321c9670bc2)
[Subsystems] Discovering subsystems at path C:/Program Files/Unity/Hub/Editor/2022.1.16f1/Editor/Data/Resources/UnitySubsystems
[Subsystems] Discovering subsystems at path C:/legoChristmasMicrogame/Assets
GfxDevice: creating device client; threaded=0; jobified=0
Direct3D:
    Version:  Direct3D 11.0 [level 11.1]
    Renderer: NVIDIA GeForce GTX 1650 (ID=0x2188)
    Vendor:   NVIDIA
    VRAM:     3949 MB
    Driver:   31.0.15.3623
Initialize mono
Mono path[0] = 'C:/Program Files/Unity/Hub/Editor/2022.1.16f1/Editor/Data/Managed'
Mono path[1] = 'C:/Program Files/Unity/Hub/Editor/2022.1.16f1/Editor/Data/MonoBleedingEdge/lib/mono/unityjit-win32'
Mono config path = 'C:/Program Files/Unity/Hub/Editor/2022.1.16f1/Editor/Data/MonoBleedingEdge/etc'
Using monoOptions --debugger-agent=transport=dt_socket,embedding=1,server=y,suspend=n,address=127.0.0.1:56100
Begin MonoManager ReloadAssembly
Registering precompiled unity dll's ...
Register platform support module: C:/Program Files/Unity/Hub/Editor/2022.1.16f1/Editor/Data/PlaybackEngines/WebGLSupport/UnityEditor.WebGL.Extensions.dll
Register platform support module: C:/Program Files/Unity/Hub/Editor/2022.1.16f1/Editor/Data/PlaybackEngines/MacStandaloneSupport/UnityEditor.OSXStandalone.Extensions.dll
Register platform support module: C:/Program Files/Unity/Hub/Editor/2022.1.16f1/Editor/Data/PlaybackEngines/AndroidPlayer/UnityEditor.Android.Extensions.dll
Register platform support module: C:/Program Files/Unity/Hub/Editor/2022.1.16f1/Editor/Data/PlaybackEngines/iOSSupport/UnityEditor.iOS.Extensions.dll
Register platform support module: C:/Program Files/Unity/Hub/Editor/2022.1.16f1/Editor/Data/PlaybackEngines/AppleTVSupport/UnityEditor.AppleTV.Extensions.dll
Register platform support module: C:/Program Files/Unity/Hub/Editor/2022.1.16f1/Editor/Data/PlaybackEngines/WindowsStandaloneSupport/UnityEditor.WindowsStandalone.Extensions.dll
Register platform support module: C:/Program Files/Unity/Hub/Editor/2022.1.16f1/Editor/Data/PlaybackEngines/LinuxStandaloneSupport/UnityEditor.LinuxStandalone.Extensions.dll
Register platform support module: C:/Program Files/Unity/Hub/Editor/2022.1.16f1/Editor/Data/PlaybackEngines/MetroSupport/UnityEditor.UWP.Extensions.dll
Registered in 0.031943 seconds.
Native extension for UWP target not found
Native extension for LinuxStandalone target not found
Native extension for WindowsStandalone target not found
[usbmuxd] Start listen thread
[usbmuxd] Listen thread started
Native extension for AppleTV target not found
[usbmuxd] Start listen thread
[usbmuxd] Listen thread started
Native extension for iOS target not found
Native extension for Android target not found
Native extension for OSXStandalone target not found
Native extension for WebGL target not found
Refreshing native plugins compatible for Editor in 145.70 ms, found 3 plugins.
Preloading 0 native plugins for Editor in 0.00 ms.
Mono: successfully reloaded assembly
- Completed reload, in  0.909 seconds
Domain Reload Profiling:
	ReloadAssembly (910ms)
		BeginReloadAssembly (127ms)
			ExecutionOrderSort (0ms)
			DisableScriptedObjects (0ms)
			BackupInstance (0ms)
			ReleaseScriptingObjects (0ms)
			CreateAndSetChildDomain (1ms)
		EndReloadAssembly (610ms)
			LoadAssemblies (124ms)
			RebuildTransferFunctionScriptingTraits (0ms)
			SetupTypeCache (137ms)
				TypeCache.Initialize (137ms)
					TypeCache.ScanAssembly (135ms)
				ResolveRequiredComponents (0ms)
			ReleaseScriptCaches (0ms)
			RebuildScriptCaches (25ms)
			SetupLoadedEditorAssemblies (377ms)
				LogAssemblyErrors (0ms)
				InitializePlatformSupportModulesInManaged (84ms)
				SetLoadedEditorAssemblies (5ms)
				RefreshPlugins (146ms)
				BeforeProcessingInitializeOnLoad (1ms)
				ProcessInitializeOnLoadAttributes (98ms)
				ProcessInitializeOnLoadMethodAttributes (43ms)
				AfterProcessingInitializeOnLoad (0ms)
				EditorAssembliesLoaded (0ms)
			ExecutionOrderSort2 (0ms)
			AwakeInstancesAfterBackupRestoration (0ms)
Platform modules already initialized, skipping
Registering precompiled user dll's ...
Registered in 0.014366 seconds.
Begin MonoManager ReloadAssembly
Symbol file LoadedFromMemory doesn't match image C:\legoChristmasMicrogame\Library\PackageCache\com.unity.visualscripting@1.7.8\Editor\VisualScripting.Core\Dependencies\YamlDotNet\Unity.VisualScripting.YamlDotNet.dll
Symbol file LoadedFromMemory doesn't match image C:\legoChristmasMicrogame\Library\PackageCache\com.unity.visualscripting@1.7.8\Editor\VisualScripting.Core\Dependencies\DotNetZip\Unity.VisualScripting.IonicZip.dll
OnLevelWasLoaded was found on Pref
This message has been deprecated and will be removed in a later version of Unity.
Add a delegate to SceneManager.sceneLoaded instead to get notifications after scene loading has completed
Native extension for UWP target not found
Native extension for LinuxStandalone target not found
Native extension for WindowsStandalone target not found
Native extension for AppleTV target not found
Native extension for iOS target not found
Native extension for Android target not found
Native extension for OSXStandalone target not found
Native extension for WebGL target not found
Refreshing native plugins compatible for Editor in 147.07 ms, found 3 plugins.
Preloading 0 native plugins for Editor in 0.00 ms.
Mono: successfully reloaded assembly
- Completed reload, in  1.747 seconds
Domain Reload Profiling:
	ReloadAssembly (1748ms)
		BeginReloadAssembly (153ms)
			ExecutionOrderSort (0ms)
			DisableScriptedObjects (5ms)
			BackupInstance (0ms)
			ReleaseScriptingObjects (0ms)
			CreateAndSetChildDomain (22ms)
		EndReloadAssembly (1443ms)
			LoadAssemblies (148ms)
			RebuildTransferFunctionScriptingTraits (0ms)
			SetupTypeCache (358ms)
				TypeCache.Initialize (345ms)
					TypeCache.ScanAssembly (339ms)
				ResolveRequiredComponents (13ms)
			ReleaseScriptCaches (1ms)
			RebuildScriptCaches (74ms)
			SetupLoadedEditorAssemblies (819ms)
				LogAssemblyErrors (0ms)
				InitializePlatformSupportModulesInManaged (44ms)
				SetLoadedEditorAssemblies (6ms)
				RefreshPlugins (147ms)
				BeforeProcessingInitializeOnLoad (196ms)
				ProcessInitializeOnLoadAttributes (322ms)
				ProcessInitializeOnLoadMethodAttributes (81ms)
				AfterProcessingInitializeOnLoad (23ms)
				EditorAssembliesLoaded (0ms)
			ExecutionOrderSort2 (0ms)
			AwakeInstancesAfterBackupRestoration (7ms)
Platform modules already initialized, skipping
========================================================================
Worker process is ready to serve import requests
Launched and connected shader compiler UnityShaderCompiler.exe after 0.10 seconds
Refreshing native plugins compatible for Editor in 1.58 ms, found 3 plugins.
Preloading 0 native plugins for Editor in 0.00 ms.
Unloading 5950 Unused Serialized files (Serialized files now loaded: 0)
Unloading 59 unused Assets / (1.6 MB). Loaded Objects now: 6394.
Memory consumption went from 0.93 GB to 0.93 GB.
Total: 4.539900 ms (FindLiveObjects: 0.638900 ms CreateObjectMapping: 0.177900 ms MarkObjects: 3.256700 ms  DeleteObjects: 0.465300 ms)

AssetImportParameters requested are different than current active one (requested -> active):
  custom:video-decoder-ogg-theora: a1e56fd34408186e4bbccfd4996cb3dc -> 
  custom:container-muxer-webm: aa71ff27fc2769a1b78a27578f13a17b -> 
  custom:container-demuxer-webm: 4f35f7cbe854078d1ac9338744f61a02 -> 
  custom:video-encoder-webm-vp8: eb34c28f22e8b96e1ab97ce403110664 -> 
  custom:audio-encoder-webm-vorbis: bf7c407c2cedff20999df2af8eb42d56 -> 
  custom:framework-win-MediaFoundation: 216162199b28c13a410421893ffa2e32 -> 
  custom:container-demuxer-ogg: 62fdf1f143b41e24485cea50d1cbac27 -> 
  custom:video-decoder-webm-vp8: 9c59270c3fd7afecdb556c50c9e8de78 -> 
  custom:audio-decoder-ogg-vorbis: bf7c407c2cedff20999df2af8eb42d56 -> 
========================================================================
Received Import Request.
  Time since last request: 353687.768186 seconds.
  path: Assets/Nigel/new assets/New/d_iconlockedremoteoverlay@2x.png
  artifactKey: Guid(91c01213b069f2144b4f7f3584254ba3) Importer(815301076,1909f56bfc062723c751e8b465ee728b)
Start importing Assets/Nigel/new assets/New/d_iconlockedremoteoverlay@2x.png using Guid(91c01213b069f2144b4f7f3584254ba3) Importer(815301076,1909f56bfc062723c751e8b465ee728b)  -> (artifact id: '1c76616d8c2c2bd653fe41f2a653a0cb') in 0.104902 seconds 
========================================================================
Received Import Request.
  Time since last request: 37.492444 seconds.
  path: Assets/Nigel/new assets/New/d_iconlockedremoteoverlay@2x.png
  artifactKey: Guid(91c01213b069f2144b4f7f3584254ba3) Importer(815301076,1909f56bfc062723c751e8b465ee728b)
Start importing Assets/Nigel/new assets/New/d_iconlockedremoteoverlay@2x.png using Guid(91c01213b069f2144b4f7f3584254ba3) Importer(815301076,1909f56bfc062723c751e8b465ee728b)  -> (artifact id: '112c566937936e9ecc34ea7c5f9cc593') in 0.036004 seconds 
========================================================================
Received Import Request.
  Time since last request: 8.257597 seconds.
  path: Assets/Nigel/new assets/New/lock.png
  artifactKey: Guid(efcb886e491b7894ba7edade160df804) Importer(815301076,1909f56bfc062723c751e8b465ee728b)
Start importing Assets/Nigel/new assets/New/lock.png using Guid(efcb886e491b7894ba7edade160df804) Importer(815301076,1909f56bfc062723c751e8b465ee728b)  -> (artifact id: '05af00f465d5fb10d8b7410f73b9b834') in 0.016070 seconds 
========================================================================
Received Import Request.
  Time since last request: 3.416871 seconds.
  path: Assets/Nigel/new assets/New/d_iconlockedremoteoverlay@2x.png
  artifactKey: Guid(91c01213b069f2144b4f7f3584254ba3) Importer(815301076,1909f56bfc062723c751e8b465ee728b)
Start importing Assets/Nigel/new assets/New/d_iconlockedremoteoverlay@2x.png using Guid(91c01213b069f2144b4f7f3584254ba3) Importer(815301076,1909f56bfc062723c751e8b465ee728b)  -> (artifact id: '77ec3b9b736ef8ea746ecd76adf9eede') in 0.052557 seconds 
========================================================================
Received Import Request.
  Time since last request: 25.694978 seconds.
  path: Assets/Nigel/new assets/New/d_iconlockedremoteoverlay@2x.png
  artifactKey: Guid(91c01213b069f2144b4f7f3584254ba3) Importer(815301076,1909f56bfc062723c751e8b465ee728b)
Start importing Assets/Nigel/new assets/New/d_iconlockedremoteoverlay@2x.png using Guid(91c01213b069f2144b4f7f3584254ba3) Importer(815301076,1909f56bfc062723c751e8b465ee728b)  -> (artifact id: '5b845368538d0ba69ac2663afdda451f') in 0.018894 seconds 
========================================================================
Received Import Request.
  Time since last request: 3.166580 seconds.
  path: Assets/Nigel/new assets/New/lock.png
  artifactKey: Guid(efcb886e491b7894ba7edade160df804) Importer(815301076,1909f56bfc062723c751e8b465ee728b)
Start importing Assets/Nigel/new assets/New/lock.png using Guid(efcb886e491b7894ba7edade160df804) Importer(815301076,1909f56bfc062723c751e8b465ee728b)  -> (artifact id: '5a6f0d3ace88e2b08908f901c5a2760d') in 0.013621 seconds 
========================================================================
Received Import Request.
  Time since last request: 5.135307 seconds.
  path: Assets/Nigel/new assets/New/d_iconlockedremoteoverlay@2x.png
  artifactKey: Guid(91c01213b069f2144b4f7f3584254ba3) Importer(815301076,1909f56bfc062723c751e8b465ee728b)
Start importing Assets/Nigel/new assets/New/d_iconlockedremoteoverlay@2x.png using Guid(91c01213b069f2144b4f7f3584254ba3) Importer(815301076,1909f56bfc062723c751e8b465ee728b)  -> (artifact id: '2bf03281f8b2f83b4e04d130849f358b') in 0.012257 seconds 
========================================================================
Received Import Request.
  Time since last request: 22.141772 seconds.
  path: Assets/Nigel/new assets/New/d_iconlockedremoteoverlay@2x.png
  artifactKey: Guid(91c01213b069f2144b4f7f3584254ba3) Importer(815301076,1909f56bfc062723c751e8b465ee728b)
Start importing Assets/Nigel/new assets/New/d_iconlockedremoteoverlay@2x.png using Guid(91c01213b069f2144b4f7f3584254ba3) Importer(815301076,1909f56bfc062723c751e8b465ee728b)  -> (artifact id: '5d4b92bab6b06253328d88cd9955f018') in 0.012182 seconds 
========================================================================
Received Import Request.
  Time since last request: 58.607810 seconds.
  path: Packages/com.unity.collab-proxy/Editor/PlasticSCM/Assets/Images/iconlockedremoteoverlay@2x.png
  artifactKey: Guid(f73a7d8758d7be04588b15637d94b5a8) Importer(815301076,1909f56bfc062723c751e8b465ee728b)
Start importing Packages/com.unity.collab-proxy/Editor/PlasticSCM/Assets/Images/iconlockedremoteoverlay@2x.png using Guid(f73a7d8758d7be04588b15637d94b5a8) Importer(815301076,1909f56bfc062723c751e8b465ee728b)  -> (artifact id: '1a665fdd111c108a1ada56e19f8bb0d1') in 0.061053 seconds 
========================================================================
Received Import Request.
  Time since last request: 14.232243 seconds.
  path: Packages/com.unity.collab-proxy/Editor/PlasticSCM/Assets/Images/d_iconlockedlocaloverlay.png
  artifactKey: Guid(71c45f80bffdb9145ad2c456254c862e) Importer(815301076,1909f56bfc062723c751e8b465ee728b)
Start importing Packages/com.unity.collab-proxy/Editor/PlasticSCM/Assets/Images/d_iconlockedlocaloverlay.png using Guid(71c45f80bffdb9145ad2c456254c862e) Importer(815301076,1909f56bfc062723c751e8b465ee728b)  -> (artifact id: '57d2e2a10b0eed73168b790c28696b97') in 0.023420 seconds 
========================================================================
Received Import Request.
  Time since last request: 3.391503 seconds.
  path: Packages/com.unity.collab-proxy/Editor/PlasticSCM/Assets/Images/d_iconlockedremoteoverlay.png
  artifactKey: Guid(1046ed65e6aaffb4391378f6d08d6c14) Importer(815301076,1909f56bfc062723c751e8b465ee728b)
Start importing Packages/com.unity.collab-proxy/Editor/PlasticSCM/Assets/Images/d_iconlockedremoteoverlay.png using Guid(1046ed65e6aaffb4391378f6d08d6c14) Importer(815301076,1909f56bfc062723c751e8b465ee728b)  -> (artifact id: '921b2542c5fcdace20dfaf4de31c3234') in 0.018584 seconds 
