Using pre-set license
Built from '2022.1/staging' branch; Version is '2022.1.16f1 (7321c9670bc2) revision 7545289'; Using compiler version '192829333'; Build Type 'Release'
OS: 'Windows 10  (10.0.19045) 64bit Education' Language: 'en' Physical Memory: 16309 MB
BatchMode: 1, IsHumanControllingUs: 0, StartBugReporterOnCrash: 0, Is64bit: 1, IsPro: 1

COMMAND LINE ARGUMENTS:
C:\Program Files\Unity\Hub\Editor\2022.1.16f1\Editor\Unity.exe
-adb2
-batchMode
-noUpm
-name
AssetImportWorker4
-projectPath
C:/legoChristmasMicrogame
-logFile
Logs/AssetImportWorker4.log
-srvPort
56289
Successfully changed project path to: C:/legoChristmasMicrogame
C:/legoChristmasMicrogame
[UnityMemory] Configuration Parameters - Can be set up in boot.config
    "memorysetup-bucket-allocator-granularity=16"
    "memorysetup-bucket-allocator-bucket-count=8"
    "memorysetup-bucket-allocator-block-size=33554432"
    "memorysetup-bucket-allocator-block-count=8"
    "memorysetup-main-allocator-block-size=16777216"
    "memorysetup-thread-allocator-block-size=16777216"
    "memorysetup-gfx-main-allocator-block-size=16777216"
    "memorysetup-gfx-thread-allocator-block-size=16777216"
    "memorysetup-cache-allocator-block-size=4194304"
    "memorysetup-typetree-allocator-block-size=2097152"
    "memorysetup-profiler-bucket-allocator-granularity=16"
    "memorysetup-profiler-bucket-allocator-bucket-count=8"
    "memorysetup-profiler-bucket-allocator-block-size=33554432"
    "memorysetup-profiler-bucket-allocator-block-count=8"
    "memorysetup-profiler-allocator-block-size=16777216"
    "memorysetup-profiler-editor-allocator-block-size=1048576"
    "memorysetup-temp-allocator-size-main=16777216"
    "memorysetup-job-temp-allocator-block-size=2097152"
    "memorysetup-job-temp-allocator-block-size-background=1048576"
    "memorysetup-job-temp-allocator-reduction-small-platforms=262144"
    "memorysetup-temp-allocator-size-background-worker=32768"
    "memorysetup-temp-allocator-size-job-worker=262144"
    "memorysetup-temp-allocator-size-preload-manager=33554432"
    "memorysetup-temp-allocator-size-nav-mesh-worker=65536"
    "memorysetup-temp-allocator-size-audio-worker=65536"
    "memorysetup-temp-allocator-size-cloud-worker=32768"
    "memorysetup-temp-allocator-size-gi-baking-worker=262144"
    "memorysetup-temp-allocator-size-gfx=262144"
Refreshing native plugins compatible for Editor in 196.34 ms, found 3 plugins.
Preloading 0 native plugins for Editor in 0.00 ms.
Initialize engine version: 2022.1.16f1 (7321c9670bc2)
[Subsystems] Discovering subsystems at path C:/Program Files/Unity/Hub/Editor/2022.1.16f1/Editor/Data/Resources/UnitySubsystems
[Subsystems] Discovering subsystems at path C:/legoChristmasMicrogame/Assets
GfxDevice: creating device client; threaded=0; jobified=0
Direct3D:
    Version:  Direct3D 11.0 [level 11.1]
    Renderer: NVIDIA GeForce GTX 1650 (ID=0x2188)
    Vendor:   NVIDIA
    VRAM:     3949 MB
    Driver:   31.0.15.3623
Initialize mono
Mono path[0] = 'C:/Program Files/Unity/Hub/Editor/2022.1.16f1/Editor/Data/Managed'
Mono path[1] = 'C:/Program Files/Unity/Hub/Editor/2022.1.16f1/Editor/Data/MonoBleedingEdge/lib/mono/unityjit-win32'
Mono config path = 'C:/Program Files/Unity/Hub/Editor/2022.1.16f1/Editor/Data/MonoBleedingEdge/etc'
Using monoOptions --debugger-agent=transport=dt_socket,embedding=1,server=y,suspend=n,address=127.0.0.1:56372
Begin MonoManager ReloadAssembly
Registering precompiled unity dll's ...
Register platform support module: C:/Program Files/Unity/Hub/Editor/2022.1.16f1/Editor/Data/PlaybackEngines/WebGLSupport/UnityEditor.WebGL.Extensions.dll
Register platform support module: C:/Program Files/Unity/Hub/Editor/2022.1.16f1/Editor/Data/PlaybackEngines/MacStandaloneSupport/UnityEditor.OSXStandalone.Extensions.dll
Register platform support module: C:/Program Files/Unity/Hub/Editor/2022.1.16f1/Editor/Data/PlaybackEngines/AndroidPlayer/UnityEditor.Android.Extensions.dll
Register platform support module: C:/Program Files/Unity/Hub/Editor/2022.1.16f1/Editor/Data/PlaybackEngines/iOSSupport/UnityEditor.iOS.Extensions.dll
Register platform support module: C:/Program Files/Unity/Hub/Editor/2022.1.16f1/Editor/Data/PlaybackEngines/AppleTVSupport/UnityEditor.AppleTV.Extensions.dll
Register platform support module: C:/Program Files/Unity/Hub/Editor/2022.1.16f1/Editor/Data/PlaybackEngines/WindowsStandaloneSupport/UnityEditor.WindowsStandalone.Extensions.dll
Register platform support module: C:/Program Files/Unity/Hub/Editor/2022.1.16f1/Editor/Data/PlaybackEngines/LinuxStandaloneSupport/UnityEditor.LinuxStandalone.Extensions.dll
Register platform support module: C:/Program Files/Unity/Hub/Editor/2022.1.16f1/Editor/Data/PlaybackEngines/MetroSupport/UnityEditor.UWP.Extensions.dll
Registered in 0.025344 seconds.
Native extension for UWP target not found
Native extension for LinuxStandalone target not found
Native extension for WindowsStandalone target not found
[usbmuxd] Start listen thread
[usbmuxd] Listen thread started
Native extension for AppleTV target not found
[usbmuxd] Start listen thread
[usbmuxd] Listen thread started
Native extension for iOS target not found
Native extension for Android target not found
Native extension for OSXStandalone target not found
Native extension for WebGL target not found
Refreshing native plugins compatible for Editor in 132.70 ms, found 3 plugins.
Preloading 0 native plugins for Editor in 0.00 ms.
Mono: successfully reloaded assembly
- Completed reload, in  0.808 seconds
Domain Reload Profiling:
	ReloadAssembly (809ms)
		BeginReloadAssembly (104ms)
			ExecutionOrderSort (0ms)
			DisableScriptedObjects (0ms)
			BackupInstance (0ms)
			ReleaseScriptingObjects (0ms)
			CreateAndSetChildDomain (1ms)
		EndReloadAssembly (564ms)
			LoadAssemblies (102ms)
			RebuildTransferFunctionScriptingTraits (0ms)
			SetupTypeCache (125ms)
				TypeCache.Initialize (124ms)
					TypeCache.ScanAssembly (123ms)
				ResolveRequiredComponents (1ms)
			ReleaseScriptCaches (0ms)
			RebuildScriptCaches (22ms)
			SetupLoadedEditorAssemblies (352ms)
				LogAssemblyErrors (0ms)
				InitializePlatformSupportModulesInManaged (77ms)
				SetLoadedEditorAssemblies (5ms)
				RefreshPlugins (133ms)
				BeforeProcessingInitializeOnLoad (1ms)
				ProcessInitializeOnLoadAttributes (90ms)
				ProcessInitializeOnLoadMethodAttributes (45ms)
				AfterProcessingInitializeOnLoad (0ms)
				EditorAssembliesLoaded (0ms)
			ExecutionOrderSort2 (0ms)
			AwakeInstancesAfterBackupRestoration (0ms)
Platform modules already initialized, skipping
Registering precompiled user dll's ...
Registered in 0.013941 seconds.
Begin MonoManager ReloadAssembly
Symbol file LoadedFromMemory doesn't match image C:\legoChristmasMicrogame\Library\PackageCache\com.unity.visualscripting@1.7.8\Editor\VisualScripting.Core\Dependencies\YamlDotNet\Unity.VisualScripting.YamlDotNet.dll
Symbol file LoadedFromMemory doesn't match image C:\legoChristmasMicrogame\Library\PackageCache\com.unity.visualscripting@1.7.8\Editor\VisualScripting.Core\Dependencies\DotNetZip\Unity.VisualScripting.IonicZip.dll
Native extension for UWP target not found
Native extension for LinuxStandalone target not found
Native extension for WindowsStandalone target not found
Native extension for AppleTV target not found
Native extension for iOS target not found
Native extension for Android target not found
Native extension for OSXStandalone target not found
Native extension for WebGL target not found
Refreshing native plugins compatible for Editor in 150.06 ms, found 3 plugins.
Preloading 0 native plugins for Editor in 0.00 ms.
Mono: successfully reloaded assembly
- Completed reload, in  2.360 seconds
Domain Reload Profiling:
	ReloadAssembly (2361ms)
		BeginReloadAssembly (157ms)
			ExecutionOrderSort (0ms)
			DisableScriptedObjects (6ms)
			BackupInstance (0ms)
			ReleaseScriptingObjects (0ms)
			CreateAndSetChildDomain (24ms)
		EndReloadAssembly (2039ms)
			LoadAssemblies (309ms)
			RebuildTransferFunctionScriptingTraits (0ms)
			SetupTypeCache (361ms)
				TypeCache.Initialize (346ms)
					TypeCache.ScanAssembly (341ms)
				ResolveRequiredComponents (15ms)
			ReleaseScriptCaches (1ms)
			RebuildScriptCaches (76ms)
			SetupLoadedEditorAssemblies (1250ms)
				LogAssemblyErrors (0ms)
				InitializePlatformSupportModulesInManaged (55ms)
				SetLoadedEditorAssemblies (6ms)
				RefreshPlugins (150ms)
				BeforeProcessingInitializeOnLoad (170ms)
				ProcessInitializeOnLoadAttributes (746ms)
				ProcessInitializeOnLoadMethodAttributes (100ms)
				AfterProcessingInitializeOnLoad (23ms)
				EditorAssembliesLoaded (0ms)
			ExecutionOrderSort2 (0ms)
			AwakeInstancesAfterBackupRestoration (7ms)
Platform modules already initialized, skipping
========================================================================
Worker process is ready to serve import requests
Launched and connected shader compiler UnityShaderCompiler.exe after 0.08 seconds
Refreshing native plugins compatible for Editor in 2.54 ms, found 3 plugins.
Preloading 0 native plugins for Editor in 0.00 ms.
Unloading 5813 Unused Serialized files (Serialized files now loaded: 0)
Unloading 47 unused Assets / (421.9 KB). Loaded Objects now: 6269.
Memory consumption went from 0.91 GB to 0.91 GB.
Total: 4.885800 ms (FindLiveObjects: 0.568000 ms CreateObjectMapping: 0.144300 ms MarkObjects: 3.559500 ms  DeleteObjects: 0.612800 ms)

AssetImportParameters requested are different than current active one (requested -> active):
  custom:video-decoder-ogg-theora: a1e56fd34408186e4bbccfd4996cb3dc -> 
  custom:container-muxer-webm: aa71ff27fc2769a1b78a27578f13a17b -> 
  custom:container-demuxer-webm: 4f35f7cbe854078d1ac9338744f61a02 -> 
  custom:video-encoder-webm-vp8: eb34c28f22e8b96e1ab97ce403110664 -> 
  custom:audio-encoder-webm-vorbis: bf7c407c2cedff20999df2af8eb42d56 -> 
  custom:framework-win-MediaFoundation: 216162199b28c13a410421893ffa2e32 -> 
  custom:container-demuxer-ogg: 62fdf1f143b41e24485cea50d1cbac27 -> 
  custom:video-decoder-webm-vp8: 9c59270c3fd7afecdb556c50c9e8de78 -> 
  custom:audio-decoder-ogg-vorbis: bf7c407c2cedff20999df2af8eb42d56 -> 
========================================================================
Received Import Request.
  Time since last request: 339724.080530 seconds.
  path: Assets/Pine_Snowy3 (7) Variant.prefab
  artifactKey: Guid(6c4779b60b3796447b7cb702b855a428) Importer(815301076,1909f56bfc062723c751e8b465ee728b)
Start importing Assets/Pine_Snowy3 (7) Variant.prefab using Guid(6c4779b60b3796447b7cb702b855a428) Importer(815301076,1909f56bfc062723c751e8b465ee728b)  -> (artifact id: 'bdab6728972654db36f3a887c915db93') in 0.302720 seconds 
========================================================================
Received Import Request.
  Time since last request: 0.000031 seconds.
  path: Assets/Pine_Snowy3 (11) Variant.prefab
  artifactKey: Guid(8b7caf7f8af09914b96c214e181e2d8d) Importer(815301076,1909f56bfc062723c751e8b465ee728b)
Start importing Assets/Pine_Snowy3 (11) Variant.prefab using Guid(8b7caf7f8af09914b96c214e181e2d8d) Importer(815301076,1909f56bfc062723c751e8b465ee728b)  -> (artifact id: '14c630a2f2985ac1630b88587fb279b0') in 0.034743 seconds 
========================================================================
Received Import Request.
  Time since last request: 0.000048 seconds.
  path: Assets/Pine_Snowy3 (13) Variant.prefab
  artifactKey: Guid(64ca0d1802f3b1d44b19aac0267222b8) Importer(815301076,1909f56bfc062723c751e8b465ee728b)
Start importing Assets/Pine_Snowy3 (13) Variant.prefab using Guid(64ca0d1802f3b1d44b19aac0267222b8) Importer(815301076,1909f56bfc062723c751e8b465ee728b)  -> (artifact id: 'aeb6c13cf3b084ee78e13edcd65ead49') in 0.030698 seconds 
========================================================================
Received Import Request.
  Time since last request: 0.000026 seconds.
  path: Assets/Pine_Snowy3 (15) Variant.prefab
  artifactKey: Guid(a166a407451a5c442b545a03a044874d) Importer(815301076,1909f56bfc062723c751e8b465ee728b)
Start importing Assets/Pine_Snowy3 (15) Variant.prefab using Guid(a166a407451a5c442b545a03a044874d) Importer(815301076,1909f56bfc062723c751e8b465ee728b)  -> (artifact id: '5098e92c932f8e8672fcd711a69b4acc') in 0.028152 seconds 
========================================================================
Received Import Request.
  Time since last request: 0.000024 seconds.
  path: Assets/Pine_Snowy3 (32) Variant.prefab
  artifactKey: Guid(09a4b625e80e0bc4e83b7b1b738d5225) Importer(815301076,1909f56bfc062723c751e8b465ee728b)
Start importing Assets/Pine_Snowy3 (32) Variant.prefab using Guid(09a4b625e80e0bc4e83b7b1b738d5225) Importer(815301076,1909f56bfc062723c751e8b465ee728b)  -> (artifact id: 'b04d3d19a90c0185df1f8ff3c4a540e2') in 0.027337 seconds 
========================================================================
Received Import Request.
  Time since last request: 0.000029 seconds.
  path: Assets/Pine_Snowy3 (76) Variant.prefab
  artifactKey: Guid(2b742d8ec1c92004c973da92de8d9a31) Importer(815301076,1909f56bfc062723c751e8b465ee728b)
Start importing Assets/Pine_Snowy3 (76) Variant.prefab using Guid(2b742d8ec1c92004c973da92de8d9a31) Importer(815301076,1909f56bfc062723c751e8b465ee728b)  -> (artifact id: '36b7d9a9d548376ece3776889057ccb7') in 0.025240 seconds 
========================================================================
Received Import Request.
  Time since last request: 0.000027 seconds.
  path: Assets/Pine_Snowy3 (73) Variant.prefab
  artifactKey: Guid(bcf97aed643de1640a2238a0a6e3c4cb) Importer(815301076,1909f56bfc062723c751e8b465ee728b)
Start importing Assets/Pine_Snowy3 (73) Variant.prefab using Guid(bcf97aed643de1640a2238a0a6e3c4cb) Importer(815301076,1909f56bfc062723c751e8b465ee728b)  -> (artifact id: 'f483b1dc4c318012d69a64f092f0c5c0') in 0.032821 seconds 
========================================================================
Received Import Request.
  Time since last request: 0.000051 seconds.
  path: Assets/Pine_Snowy3 (56) Variant 1.prefab
  artifactKey: Guid(e420ae1c55e459a44816abae6284c64d) Importer(815301076,1909f56bfc062723c751e8b465ee728b)
Start importing Assets/Pine_Snowy3 (56) Variant 1.prefab using Guid(e420ae1c55e459a44816abae6284c64d) Importer(815301076,1909f56bfc062723c751e8b465ee728b)  -> (artifact id: 'ea5df9e6aa305cfd5331cd642910558c') in 0.030379 seconds 
========================================================================
Received Import Request.
  Time since last request: 0.000029 seconds.
  path: Assets/Pine_Snowy3 (44) Variant 1.prefab
  artifactKey: Guid(1ec627f3158205442a692ebe60b95ffe) Importer(815301076,1909f56bfc062723c751e8b465ee728b)
Start importing Assets/Pine_Snowy3 (44) Variant 1.prefab using Guid(1ec627f3158205442a692ebe60b95ffe) Importer(815301076,1909f56bfc062723c751e8b465ee728b)  -> (artifact id: 'ec3a6e1563fbeffa4c5d9dee059cbb90') in 0.026089 seconds 
========================================================================
Received Import Request.
  Time since last request: 0.000042 seconds.
  path: Assets/Pine_Snowy3 (34) Variant.prefab
  artifactKey: Guid(028ebd587aa0650439b1725db06f17d7) Importer(815301076,1909f56bfc062723c751e8b465ee728b)
Start importing Assets/Pine_Snowy3 (34) Variant.prefab using Guid(028ebd587aa0650439b1725db06f17d7) Importer(815301076,1909f56bfc062723c751e8b465ee728b)  -> (artifact id: 'a5bc464734aabd56ba5caeb7432e539f') in 0.029741 seconds 
========================================================================
Received Import Request.
  Time since last request: 0.000050 seconds.
  path: Assets/Pine_Snowy3 (61) Variant.prefab
  artifactKey: Guid(be0653588435dad41a4b255f9a303706) Importer(815301076,1909f56bfc062723c751e8b465ee728b)
Start importing Assets/Pine_Snowy3 (61) Variant.prefab using Guid(be0653588435dad41a4b255f9a303706) Importer(815301076,1909f56bfc062723c751e8b465ee728b)  -> (artifact id: 'd422e9b7748e38e1812cf8800fc6cdbb') in 0.024962 seconds 
========================================================================
Received Import Request.
  Time since last request: 0.000023 seconds.
  path: Assets/Pine_Snowy3 (20) Variant.prefab
  artifactKey: Guid(e91e558562a921445bc22ae917b4f914) Importer(815301076,1909f56bfc062723c751e8b465ee728b)
Start importing Assets/Pine_Snowy3 (20) Variant.prefab using Guid(e91e558562a921445bc22ae917b4f914) Importer(815301076,1909f56bfc062723c751e8b465ee728b)  -> (artifact id: 'ee58161b82c1dbc3a12cecdd09d146a3') in 0.024957 seconds 
========================================================================
Received Import Request.
  Time since last request: 0.000030 seconds.
  path: Assets/Pine_Snowy3 (51) Variant.prefab
  artifactKey: Guid(df1de6a3a57fca64e8d6dfd0ab453c60) Importer(815301076,1909f56bfc062723c751e8b465ee728b)
Start importing Assets/Pine_Snowy3 (51) Variant.prefab using Guid(df1de6a3a57fca64e8d6dfd0ab453c60) Importer(815301076,1909f56bfc062723c751e8b465ee728b)  -> (artifact id: '74267958f75868f6abaa3f9412a9711a') in 0.033383 seconds 
========================================================================
Received Import Request.
  Time since last request: 0.000037 seconds.
  path: Assets/Pine_Snowy3 (41) Variant.prefab
  artifactKey: Guid(d00496a903807dd4597072c05b8c7939) Importer(815301076,1909f56bfc062723c751e8b465ee728b)
Start importing Assets/Pine_Snowy3 (41) Variant.prefab using Guid(d00496a903807dd4597072c05b8c7939) Importer(815301076,1909f56bfc062723c751e8b465ee728b)  -> (artifact id: 'a603a860b4f08de15a1f095e4c356da2') in 0.022848 seconds 
========================================================================
Received Import Request.
  Time since last request: 0.000027 seconds.
  path: Assets/Rock Medium (3) Variant.prefab
  artifactKey: Guid(c2eff00ebcc1cf2479aaba77879fd66f) Importer(815301076,1909f56bfc062723c751e8b465ee728b)
Start importing Assets/Rock Medium (3) Variant.prefab using Guid(c2eff00ebcc1cf2479aaba77879fd66f) Importer(815301076,1909f56bfc062723c751e8b465ee728b)  -> (artifact id: '77ada0ceb177d0f307e0f87c8f59ee00') in 0.022935 seconds 
========================================================================
Received Import Request.
  Time since last request: 0.000051 seconds.
  path: Assets/Rock Tall (3) Variant.prefab
  artifactKey: Guid(05b5f3dec3ae5c549911cb7b9d4dd252) Importer(815301076,1909f56bfc062723c751e8b465ee728b)
Start importing Assets/Rock Tall (3) Variant.prefab using Guid(05b5f3dec3ae5c549911cb7b9d4dd252) Importer(815301076,1909f56bfc062723c751e8b465ee728b)  -> (artifact id: '7946354dfcba55f597f3b798f113f1e2') in 0.029446 seconds 
========================================================================
Received Import Request.
  Time since last request: 0.000045 seconds.
  path: Assets/Pine_Snowy3 (109) Variant.prefab
  artifactKey: Guid(02ecd8e73cb09354ba785a9538fa1b4e) Importer(815301076,1909f56bfc062723c751e8b465ee728b)
Start importing Assets/Pine_Snowy3 (109) Variant.prefab using Guid(02ecd8e73cb09354ba785a9538fa1b4e) Importer(815301076,1909f56bfc062723c751e8b465ee728b)  -> (artifact id: '9e5bdcafdfd58366df7ef9f9b4ff9ca8') in 0.024223 seconds 
========================================================================
Received Import Request.
  Time since last request: 0.000036 seconds.
  path: Assets/Pine_Snowy3 (94) Variant.prefab
  artifactKey: Guid(27f4df7b694170d418d3519f993a656d) Importer(815301076,1909f56bfc062723c751e8b465ee728b)
Start importing Assets/Pine_Snowy3 (94) Variant.prefab using Guid(27f4df7b694170d418d3519f993a656d) Importer(815301076,1909f56bfc062723c751e8b465ee728b)  -> (artifact id: 'f90d68c6cc6e563b3704202759a01886') in 0.026003 seconds 
========================================================================
Received Import Request.
  Time since last request: 0.000024 seconds.
  path: Assets/Pine_Snowy3 (93) Variant.prefab
  artifactKey: Guid(896c8da7cae0e1141b1332a7acb195a8) Importer(815301076,1909f56bfc062723c751e8b465ee728b)
Start importing Assets/Pine_Snowy3 (93) Variant.prefab using Guid(896c8da7cae0e1141b1332a7acb195a8) Importer(815301076,1909f56bfc062723c751e8b465ee728b)  -> (artifact id: '07bab27240d98395bb1bf14fc15a2683') in 0.029753 seconds 
========================================================================
Received Import Request.
  Time since last request: 0.000023 seconds.
  path: Assets/Rock Tall (1) Variant.prefab
  artifactKey: Guid(1896fbd194c9ab341b0dc29682bd4157) Importer(815301076,1909f56bfc062723c751e8b465ee728b)
Start importing Assets/Rock Tall (1) Variant.prefab using Guid(1896fbd194c9ab341b0dc29682bd4157) Importer(815301076,1909f56bfc062723c751e8b465ee728b)  -> (artifact id: '9d3c44c5ae038efa438ef81fe7f3dab5') in 0.022175 seconds 
========================================================================
Received Import Request.
  Time since last request: 0.000025 seconds.
  path: Assets/Pine_Snowy3 (62) Variant.prefab
  artifactKey: Guid(8baddd77446cfc44c9b08dfe70ab4c22) Importer(815301076,1909f56bfc062723c751e8b465ee728b)
Start importing Assets/Pine_Snowy3 (62) Variant.prefab using Guid(8baddd77446cfc44c9b08dfe70ab4c22) Importer(815301076,1909f56bfc062723c751e8b465ee728b)  -> (artifact id: '171df7c5c2e91e4e6a3de8b7e0ea0b3f') in 0.029156 seconds 
========================================================================
Received Import Request.
  Time since last request: 0.000029 seconds.
  path: Assets/Pine_Snowy3 (49) Variant 1.prefab
  artifactKey: Guid(bac0bc9966cbf0b478efa5c0acf78516) Importer(815301076,1909f56bfc062723c751e8b465ee728b)
Start importing Assets/Pine_Snowy3 (49) Variant 1.prefab using Guid(bac0bc9966cbf0b478efa5c0acf78516) Importer(815301076,1909f56bfc062723c751e8b465ee728b)  -> (artifact id: '45d02b0bf7de50cb2fb0f4b7f6d82d20') in 0.030657 seconds 
========================================================================
Received Import Request.
  Time since last request: 0.000030 seconds.
  path: Assets/Rock Large (4) Variant.prefab
  artifactKey: Guid(4230fd9d2d0b0d643b2b1b1605933dd7) Importer(815301076,1909f56bfc062723c751e8b465ee728b)
Start importing Assets/Rock Large (4) Variant.prefab using Guid(4230fd9d2d0b0d643b2b1b1605933dd7) Importer(815301076,1909f56bfc062723c751e8b465ee728b)  -> (artifact id: '2f1ba58ec40acd63da9d91582b4f7cd9') in 0.022388 seconds 
========================================================================
Received Import Request.
  Time since last request: 0.000049 seconds.
  path: Assets/Pine_Snowy3 (47) Variant.prefab
  artifactKey: Guid(a0f437e8a042655409aab00988611bf1) Importer(815301076,1909f56bfc062723c751e8b465ee728b)
Start importing Assets/Pine_Snowy3 (47) Variant.prefab using Guid(a0f437e8a042655409aab00988611bf1) Importer(815301076,1909f56bfc062723c751e8b465ee728b)  -> (artifact id: '3e8e983fa8042bd528ff45da13ca228a') in 0.024784 seconds 
========================================================================
Received Import Request.
  Time since last request: 0.000037 seconds.
  path: Assets/Pine_Snowy3 (106) Variant.prefab
  artifactKey: Guid(e3be25d02f8a29e49a51de8e75ffc77a) Importer(815301076,1909f56bfc062723c751e8b465ee728b)
Start importing Assets/Pine_Snowy3 (106) Variant.prefab using Guid(e3be25d02f8a29e49a51de8e75ffc77a) Importer(815301076,1909f56bfc062723c751e8b465ee728b)  -> (artifact id: 'c2967573ebe4b4655762faf7b993bc79') in 0.024843 seconds 
========================================================================
Received Import Request.
  Time since last request: 0.000063 seconds.
  path: Assets/Pine_Snowy3 (116) Variant.prefab
  artifactKey: Guid(b33d3c31f997efd4f8778e727f5654d9) Importer(815301076,1909f56bfc062723c751e8b465ee728b)
Start importing Assets/Pine_Snowy3 (116) Variant.prefab using Guid(b33d3c31f997efd4f8778e727f5654d9) Importer(815301076,1909f56bfc062723c751e8b465ee728b)  -> (artifact id: 'a01a2c3bc53573ae9b1958fb57b6e899') in 0.024312 seconds 
========================================================================
Received Import Request.
  Time since last request: 0.000030 seconds.
  path: Assets/Pine_Snowy3 (47) Variant 1.prefab
  artifactKey: Guid(2d49f21b8b16af245a69e3015f61e357) Importer(815301076,1909f56bfc062723c751e8b465ee728b)
Start importing Assets/Pine_Snowy3 (47) Variant 1.prefab using Guid(2d49f21b8b16af245a69e3015f61e357) Importer(815301076,1909f56bfc062723c751e8b465ee728b)  -> (artifact id: 'f472393a9f7c29a5c33f9049a99de77c') in 0.023331 seconds 
========================================================================
Received Import Request.
  Time since last request: 0.000026 seconds.
  path: Assets/Rock Medium (5) Variant.prefab
  artifactKey: Guid(2519cd405104a96419d2f93803f45883) Importer(815301076,1909f56bfc062723c751e8b465ee728b)
Start importing Assets/Rock Medium (5) Variant.prefab using Guid(2519cd405104a96419d2f93803f45883) Importer(815301076,1909f56bfc062723c751e8b465ee728b)  -> (artifact id: 'f4ee726e5bc1a509b764ec302991b9ea') in 0.022675 seconds 
========================================================================
Received Import Request.
  Time since last request: 0.000027 seconds.
  path: Assets/Pine_Snowy3 (108) Variant.prefab
  artifactKey: Guid(ddcfb1d2cc6812047a65d3413489609e) Importer(815301076,1909f56bfc062723c751e8b465ee728b)
Start importing Assets/Pine_Snowy3 (108) Variant.prefab using Guid(ddcfb1d2cc6812047a65d3413489609e) Importer(815301076,1909f56bfc062723c751e8b465ee728b)  -> (artifact id: '6afdb88b6f3b27d73befd77bc3e972a8') in 0.028997 seconds 
========================================================================
Received Import Request.
  Time since last request: 0.000031 seconds.
  path: Assets/Pine_Snowy3 (87) Variant.prefab
  artifactKey: Guid(9da2ff4254dbf3344b9d948f649d1e1f) Importer(815301076,1909f56bfc062723c751e8b465ee728b)
Start importing Assets/Pine_Snowy3 (87) Variant.prefab using Guid(9da2ff4254dbf3344b9d948f649d1e1f) Importer(815301076,1909f56bfc062723c751e8b465ee728b)  -> (artifact id: '7a661edeef608e61a1c158ef924825fd') in 0.055941 seconds 
========================================================================
Received Import Request.
  Time since last request: 0.000054 seconds.
  path: Assets/Pine_Snowy3 (92) Variant.prefab
  artifactKey: Guid(5fa492a9557916d4390ba7424f106604) Importer(815301076,1909f56bfc062723c751e8b465ee728b)
Start importing Assets/Pine_Snowy3 (92) Variant.prefab using Guid(5fa492a9557916d4390ba7424f106604) Importer(815301076,1909f56bfc062723c751e8b465ee728b)  -> (artifact id: '610a91c16c869be3191cc573cb649bd2') in 0.036613 seconds 
========================================================================
Received Import Request.
  Time since last request: 0.000031 seconds.
  path: Assets/Pine_Snowy3 (122) Variant.prefab
  artifactKey: Guid(e2025952b6e61964894074d9d4fafc77) Importer(815301076,1909f56bfc062723c751e8b465ee728b)
Start importing Assets/Pine_Snowy3 (122) Variant.prefab using Guid(e2025952b6e61964894074d9d4fafc77) Importer(815301076,1909f56bfc062723c751e8b465ee728b)  -> (artifact id: '3bfdbccf94a4d66613725666608fcb2a') in 0.053098 seconds 
========================================================================
Received Import Request.
  Time since last request: 0.000034 seconds.
  path: Assets/Pine_Snowy3 (90) Variant.prefab
  artifactKey: Guid(6904d73f6d6d4c24f85a47d7bc234e1e) Importer(815301076,1909f56bfc062723c751e8b465ee728b)
Start importing Assets/Pine_Snowy3 (90) Variant.prefab using Guid(6904d73f6d6d4c24f85a47d7bc234e1e) Importer(815301076,1909f56bfc062723c751e8b465ee728b)  -> (artifact id: 'a6c45c90b96c77062cc3a34e33fc5e02') in 0.029247 seconds 
========================================================================
Received Import Request.
  Time since last request: 0.000027 seconds.
  path: Assets/Pine_Snowy3 (43) Variant 1.prefab
  artifactKey: Guid(1ee24dab22923454db025c93abb7b76c) Importer(815301076,1909f56bfc062723c751e8b465ee728b)
Start importing Assets/Pine_Snowy3 (43) Variant 1.prefab using Guid(1ee24dab22923454db025c93abb7b76c) Importer(815301076,1909f56bfc062723c751e8b465ee728b)  -> (artifact id: '35389cadfc41cd81cda5283e7b892c3b') in 0.025068 seconds 
========================================================================
Received Import Request.
  Time since last request: 0.000035 seconds.
  path: Assets/Pine_Snowy3 (49) Variant.prefab
  artifactKey: Guid(a68b0d8e737a46141aa18e0331eead4f) Importer(815301076,1909f56bfc062723c751e8b465ee728b)
Start importing Assets/Pine_Snowy3 (49) Variant.prefab using Guid(a68b0d8e737a46141aa18e0331eead4f) Importer(815301076,1909f56bfc062723c751e8b465ee728b)  -> (artifact id: 'c669b052f40ab0551ced10e2385d5575') in 0.043079 seconds 
========================================================================
Received Import Request.
  Time since last request: 0.000030 seconds.
  path: Assets/Pine_Snowy3 (79) Variant.prefab
  artifactKey: Guid(a5b99a63c83165542a76f2c0fb7bd607) Importer(815301076,1909f56bfc062723c751e8b465ee728b)
Start importing Assets/Pine_Snowy3 (79) Variant.prefab using Guid(a5b99a63c83165542a76f2c0fb7bd607) Importer(815301076,1909f56bfc062723c751e8b465ee728b)  -> (artifact id: 'a81c4a9a2e55af1e899958017c47189a') in 0.034517 seconds 
========================================================================
Received Import Request.
  Time since last request: 0.000049 seconds.
  path: Assets/Pine_Snowy3 (24) Variant.prefab
  artifactKey: Guid(348cec4abfe926342862819697e7bf8d) Importer(815301076,1909f56bfc062723c751e8b465ee728b)
Start importing Assets/Pine_Snowy3 (24) Variant.prefab using Guid(348cec4abfe926342862819697e7bf8d) Importer(815301076,1909f56bfc062723c751e8b465ee728b)  -> (artifact id: '2e252661ffaa604796f0b78cbbfee823') in 0.026319 seconds 
========================================================================
Received Import Request.
  Time since last request: 0.000041 seconds.
  path: Assets/Rock Medium Variant 6.prefab
  artifactKey: Guid(395cdf0c2df5fec4e8c98fafbc0ae5d8) Importer(815301076,1909f56bfc062723c751e8b465ee728b)
Start importing Assets/Rock Medium Variant 6.prefab using Guid(395cdf0c2df5fec4e8c98fafbc0ae5d8) Importer(815301076,1909f56bfc062723c751e8b465ee728b)  -> (artifact id: 'd7b0256688d84c3059a2e0f234d82d2e') in 0.022224 seconds 
========================================================================
Received Import Request.
  Time since last request: 0.000035 seconds.
  path: Assets/Pine_Snowy3 (114) Variant.prefab
  artifactKey: Guid(6bc1e85aa226b1c41962efed504a92fc) Importer(815301076,1909f56bfc062723c751e8b465ee728b)
Start importing Assets/Pine_Snowy3 (114) Variant.prefab using Guid(6bc1e85aa226b1c41962efed504a92fc) Importer(815301076,1909f56bfc062723c751e8b465ee728b)  -> (artifact id: 'bfc8f5a5f52153a9f368692c48109ae7') in 0.027867 seconds 
========================================================================
Received Import Request.
  Time since last request: 0.000035 seconds.
  path: Assets/Rock Medium (12) Variant.prefab
  artifactKey: Guid(e67d39ef89bfd5f4a92188e9a3a49f0a) Importer(815301076,1909f56bfc062723c751e8b465ee728b)
Start importing Assets/Rock Medium (12) Variant.prefab using Guid(e67d39ef89bfd5f4a92188e9a3a49f0a) Importer(815301076,1909f56bfc062723c751e8b465ee728b)  -> (artifact id: 'f2a0e07a139ba76c35ec618bbe7a814c') in 0.022965 seconds 
========================================================================
Received Import Request.
  Time since last request: 0.000025 seconds.
  path: Assets/Pine_Snowy3 (80) Variant.prefab
  artifactKey: Guid(fcf4138351d7aec48a8292e4d1c74dc1) Importer(815301076,1909f56bfc062723c751e8b465ee728b)
Start importing Assets/Pine_Snowy3 (80) Variant.prefab using Guid(fcf4138351d7aec48a8292e4d1c74dc1) Importer(815301076,1909f56bfc062723c751e8b465ee728b)  -> (artifact id: '05cfe636a90a0da8b9d909166589f691') in 0.023575 seconds 
========================================================================
Received Import Request.
  Time since last request: 0.000026 seconds.
  path: Assets/Pine_Snowy3 Variant.prefab
  artifactKey: Guid(f2cc136f616bb0d43bde03c8a2d94cfc) Importer(815301076,1909f56bfc062723c751e8b465ee728b)
Start importing Assets/Pine_Snowy3 Variant.prefab using Guid(f2cc136f616bb0d43bde03c8a2d94cfc) Importer(815301076,1909f56bfc062723c751e8b465ee728b)  -> (artifact id: 'e93a06093b7c2fbfadb05b1d5a6e5a34') in 0.031566 seconds 
========================================================================
Received Import Request.
  Time since last request: 0.000037 seconds.
  path: Assets/Pine_Snowy3 (57) Variant.prefab
  artifactKey: Guid(4fccfa6fb4d2b6b45b66f7f285267e20) Importer(815301076,1909f56bfc062723c751e8b465ee728b)
Start importing Assets/Pine_Snowy3 (57) Variant.prefab using Guid(4fccfa6fb4d2b6b45b66f7f285267e20) Importer(815301076,1909f56bfc062723c751e8b465ee728b)  -> (artifact id: '869f34eeaf8a3d8b43602f4126ba0776') in 0.026139 seconds 
========================================================================
Received Import Request.
  Time since last request: 0.000036 seconds.
  path: Assets/Pine_Snowy3 (113) Variant.prefab
  artifactKey: Guid(0c4584cbd81b1034d835eb7f7c601ed2) Importer(815301076,1909f56bfc062723c751e8b465ee728b)
Start importing Assets/Pine_Snowy3 (113) Variant.prefab using Guid(0c4584cbd81b1034d835eb7f7c601ed2) Importer(815301076,1909f56bfc062723c751e8b465ee728b)  -> (artifact id: '27430837743d85bd3e4df4349b803759') in 0.023952 seconds 
========================================================================
Received Import Request.
  Time since last request: 0.000036 seconds.
  path: Assets/Pine_Snowy3 (100) Variant.prefab
  artifactKey: Guid(08ae399507b703744b809ceb4e219811) Importer(815301076,1909f56bfc062723c751e8b465ee728b)
Start importing Assets/Pine_Snowy3 (100) Variant.prefab using Guid(08ae399507b703744b809ceb4e219811) Importer(815301076,1909f56bfc062723c751e8b465ee728b)  -> (artifact id: '9e457c2f433364f7ea7463ebf328586c') in 0.029915 seconds 
========================================================================
Received Import Request.
  Time since last request: 0.000030 seconds.
  path: Assets/Pine_Snowy3 (52) Variant.prefab
  artifactKey: Guid(7cf63fd3c7f0a134d9a4a38a40e9b857) Importer(815301076,1909f56bfc062723c751e8b465ee728b)
Start importing Assets/Pine_Snowy3 (52) Variant.prefab using Guid(7cf63fd3c7f0a134d9a4a38a40e9b857) Importer(815301076,1909f56bfc062723c751e8b465ee728b)  -> (artifact id: 'aeb48b3b7dd57b1aacde4b161d74cac8') in 0.027367 seconds 
========================================================================
Received Import Request.
  Time since last request: 0.000035 seconds.
  path: Assets/Pine_Snowy3 (83) Variant.prefab
  artifactKey: Guid(77dca8216bee96942a28e4955c04d384) Importer(815301076,1909f56bfc062723c751e8b465ee728b)
Start importing Assets/Pine_Snowy3 (83) Variant.prefab using Guid(77dca8216bee96942a28e4955c04d384) Importer(815301076,1909f56bfc062723c751e8b465ee728b)  -> (artifact id: '50228a882360f0251ef308725fbf1ac6') in 0.024552 seconds 
========================================================================
Received Import Request.
  Time since last request: 0.000033 seconds.
  path: Assets/Pine_Snowy3 (81) Variant.prefab
  artifactKey: Guid(c8303c0e0b8869f44ac832e968072fbe) Importer(815301076,1909f56bfc062723c751e8b465ee728b)
Start importing Assets/Pine_Snowy3 (81) Variant.prefab using Guid(c8303c0e0b8869f44ac832e968072fbe) Importer(815301076,1909f56bfc062723c751e8b465ee728b)  -> (artifact id: '7c0283d7c866775b744c7265ba991550') in 0.031371 seconds 
========================================================================
Received Import Request.
  Time since last request: 0.000034 seconds.
  path: Assets/Pine_Snowy3 (95) Variant.prefab
  artifactKey: Guid(84f963edb3925674eb10649008b3cebe) Importer(815301076,1909f56bfc062723c751e8b465ee728b)
Start importing Assets/Pine_Snowy3 (95) Variant.prefab using Guid(84f963edb3925674eb10649008b3cebe) Importer(815301076,1909f56bfc062723c751e8b465ee728b)  -> (artifact id: 'efcb06c6ef2d3fd49014c00da995c784') in 0.029818 seconds 
========================================================================
Received Import Request.
  Time since last request: 0.000035 seconds.
  path: Assets/Pine_Snowy3 (70) Variant.prefab
  artifactKey: Guid(a04125021a3f2b74ea1da5cb081acceb) Importer(815301076,1909f56bfc062723c751e8b465ee728b)
Start importing Assets/Pine_Snowy3 (70) Variant.prefab using Guid(a04125021a3f2b74ea1da5cb081acceb) Importer(815301076,1909f56bfc062723c751e8b465ee728b)  -> (artifact id: '0364a864618eef3a28fb9cb08bfdcbb9') in 0.029784 seconds 
========================================================================
Received Import Request.
  Time since last request: 0.000037 seconds.
  path: Assets/Pine_Snowy3 (45) Variant 1.prefab
  artifactKey: Guid(63a18f3ed6835fa40a5d813dfb9a6dbe) Importer(815301076,1909f56bfc062723c751e8b465ee728b)
Start importing Assets/Pine_Snowy3 (45) Variant 1.prefab using Guid(63a18f3ed6835fa40a5d813dfb9a6dbe) Importer(815301076,1909f56bfc062723c751e8b465ee728b)  -> (artifact id: '38312f773abe03bd146a47ddaafe0c7c') in 0.024418 seconds 
========================================================================
Received Import Request.
  Time since last request: 0.000039 seconds.
  path: Assets/Pine_Snowy3 (56) Variant.prefab
  artifactKey: Guid(1076cbf742e3e374c98c7c9e01b160a6) Importer(815301076,1909f56bfc062723c751e8b465ee728b)
Start importing Assets/Pine_Snowy3 (56) Variant.prefab using Guid(1076cbf742e3e374c98c7c9e01b160a6) Importer(815301076,1909f56bfc062723c751e8b465ee728b)  -> (artifact id: '638f2e8c009cf898fd21b5c84ab1c0a6') in 0.025583 seconds 
========================================================================
Received Import Request.
  Time since last request: 0.000034 seconds.
  path: Assets/Rock Medium (1) Variant.prefab
  artifactKey: Guid(d78086b4e831d4244ad13df03f5c5778) Importer(815301076,1909f56bfc062723c751e8b465ee728b)
Start importing Assets/Rock Medium (1) Variant.prefab using Guid(d78086b4e831d4244ad13df03f5c5778) Importer(815301076,1909f56bfc062723c751e8b465ee728b)  -> (artifact id: '05fedaf6054e8ad87d8a17512a38aa36') in 0.025891 seconds 
========================================================================
Received Import Request.
  Time since last request: 0.000028 seconds.
  path: Assets/Pine_Snowy3 (119) Variant.prefab
  artifactKey: Guid(52a72bcddf74e8443a7679ba612974fc) Importer(815301076,1909f56bfc062723c751e8b465ee728b)
Start importing Assets/Pine_Snowy3 (119) Variant.prefab using Guid(52a72bcddf74e8443a7679ba612974fc) Importer(815301076,1909f56bfc062723c751e8b465ee728b)  -> (artifact id: 'dc427dd85c126759162bb2a61e958aad') in 0.031216 seconds 
========================================================================
Received Import Request.
  Time since last request: 0.000029 seconds.
  path: Assets/Pine_Snowy3 (85) Variant.prefab
  artifactKey: Guid(2e2125f033c9e664eafc71605ea501d1) Importer(815301076,1909f56bfc062723c751e8b465ee728b)
Start importing Assets/Pine_Snowy3 (85) Variant.prefab using Guid(2e2125f033c9e664eafc71605ea501d1) Importer(815301076,1909f56bfc062723c751e8b465ee728b)  -> (artifact id: '4fb287a059724f8a6ac122269d09f648') in 0.028590 seconds 
========================================================================
Received Import Request.
  Time since last request: 0.000036 seconds.
  path: Assets/Pine_Snowy3 (99) Variant.prefab
  artifactKey: Guid(165005ee338d2bb488c9d568d1fa9262) Importer(815301076,1909f56bfc062723c751e8b465ee728b)
Start importing Assets/Pine_Snowy3 (99) Variant.prefab using Guid(165005ee338d2bb488c9d568d1fa9262) Importer(815301076,1909f56bfc062723c751e8b465ee728b)  -> (artifact id: 'd4b52c138ed58687f4ca3f6745fe8094') in 0.024318 seconds 
========================================================================
Received Import Request.
  Time since last request: 0.000077 seconds.
  path: Assets/Pine_Snowy3 (42) Variant 1.prefab
  artifactKey: Guid(be694e22f48f95040a0647bfb9282d82) Importer(815301076,1909f56bfc062723c751e8b465ee728b)
Start importing Assets/Pine_Snowy3 (42) Variant 1.prefab using Guid(be694e22f48f95040a0647bfb9282d82) Importer(815301076,1909f56bfc062723c751e8b465ee728b)  -> (artifact id: 'ab9b591061b9d6372b81255bee40a77c') in 0.030734 seconds 
========================================================================
Received Import Request.
  Time since last request: 0.000045 seconds.
  path: Assets/Pine_Snowy3 (53) Variant.prefab
  artifactKey: Guid(50afa98165c2cd646abb92bfacc893c3) Importer(815301076,1909f56bfc062723c751e8b465ee728b)
Start importing Assets/Pine_Snowy3 (53) Variant.prefab using Guid(50afa98165c2cd646abb92bfacc893c3) Importer(815301076,1909f56bfc062723c751e8b465ee728b)  -> (artifact id: 'f1750557fdbcd7f05790749291c1be22') in 0.023133 seconds 
========================================================================
Received Import Request.
  Time since last request: 0.000022 seconds.
  path: Assets/Rock Medium Variant 4.prefab
  artifactKey: Guid(eeea7eae9416cf342ac95e543befa233) Importer(815301076,1909f56bfc062723c751e8b465ee728b)
Start importing Assets/Rock Medium Variant 4.prefab using Guid(eeea7eae9416cf342ac95e543befa233) Importer(815301076,1909f56bfc062723c751e8b465ee728b)  -> (artifact id: '4b2742b2f4cd7937f6566a763c64d8f4') in 0.022791 seconds 
========================================================================
Received Import Request.
  Time since last request: 0.000034 seconds.
  path: Assets/Pine_Snowy3 (46) Variant 1.prefab
  artifactKey: Guid(74796b87ec8c4674eb2e2be38be83e91) Importer(815301076,1909f56bfc062723c751e8b465ee728b)
Start importing Assets/Pine_Snowy3 (46) Variant 1.prefab using Guid(74796b87ec8c4674eb2e2be38be83e91) Importer(815301076,1909f56bfc062723c751e8b465ee728b)  -> (artifact id: '7d7fd014717ac1e6e74e6bf9c4f2988a') in 0.032311 seconds 
========================================================================
Received Import Request.
  Time since last request: 0.000027 seconds.
  path: Assets/Rock Tall (5) Variant.prefab
  artifactKey: Guid(259657ec09317474e8ec384b4664fec9) Importer(815301076,1909f56bfc062723c751e8b465ee728b)
Start importing Assets/Rock Tall (5) Variant.prefab using Guid(259657ec09317474e8ec384b4664fec9) Importer(815301076,1909f56bfc062723c751e8b465ee728b)  -> (artifact id: '37be4c8653121104def9e9f3bbd6dc97') in 0.025664 seconds 
========================================================================
Received Import Request.
  Time since last request: 0.000026 seconds.
  path: Assets/Pine_Snowy3 (65) Variant.prefab
  artifactKey: Guid(5aab4ee40de2fe34db40f8e898bc2959) Importer(815301076,1909f56bfc062723c751e8b465ee728b)
Start importing Assets/Pine_Snowy3 (65) Variant.prefab using Guid(5aab4ee40de2fe34db40f8e898bc2959) Importer(815301076,1909f56bfc062723c751e8b465ee728b)  -> (artifact id: '6a547ab0f73f20b3094f7ba9643d25aa') in 0.024476 seconds 
========================================================================
Received Import Request.
  Time since last request: 0.000038 seconds.
  path: Assets/Pine_Snowy3 (89) Variant.prefab
  artifactKey: Guid(d60f43b9c58d350448c7465e2ac943aa) Importer(815301076,1909f56bfc062723c751e8b465ee728b)
Start importing Assets/Pine_Snowy3 (89) Variant.prefab using Guid(d60f43b9c58d350448c7465e2ac943aa) Importer(815301076,1909f56bfc062723c751e8b465ee728b)  -> (artifact id: '9aeb04d984f20d4f265fee13e5076882') in 0.029808 seconds 
========================================================================
Received Import Request.
  Time since last request: 0.000037 seconds.
  path: Assets/Rock Medium Variant 1.prefab
  artifactKey: Guid(54349410f62fe524cbfb751f708ed982) Importer(815301076,1909f56bfc062723c751e8b465ee728b)
Start importing Assets/Rock Medium Variant 1.prefab using Guid(54349410f62fe524cbfb751f708ed982) Importer(815301076,1909f56bfc062723c751e8b465ee728b)  -> (artifact id: 'e0e6053cb396a1826e17030c4f7e1cf5') in 0.035876 seconds 
========================================================================
Received Import Request.
  Time since last request: 0.000036 seconds.
  path: Assets/Pine_Snowy3 (78) Variant.prefab
  artifactKey: Guid(db085ee98475bdd4c9b2cc249e3038c1) Importer(815301076,1909f56bfc062723c751e8b465ee728b)
Start importing Assets/Pine_Snowy3 (78) Variant.prefab using Guid(db085ee98475bdd4c9b2cc249e3038c1) Importer(815301076,1909f56bfc062723c751e8b465ee728b)  -> (artifact id: 'ebb8b7caca7662c4c58c63584bb88152') in 0.024044 seconds 
========================================================================
Received Import Request.
  Time since last request: 0.000025 seconds.
  path: Assets/Pine_Snowy3 (21) Variant.prefab
  artifactKey: Guid(2bae0f7a6743dc94891965050c7ff487) Importer(815301076,1909f56bfc062723c751e8b465ee728b)
Start importing Assets/Pine_Snowy3 (21) Variant.prefab using Guid(2bae0f7a6743dc94891965050c7ff487) Importer(815301076,1909f56bfc062723c751e8b465ee728b)  -> (artifact id: 'd75e76c90c706ccac5cc475482375204') in 0.029504 seconds 
========================================================================
Received Import Request.
  Time since last request: 0.000024 seconds.
  path: Assets/Pine_Snowy3 (29) Variant.prefab
  artifactKey: Guid(6b217281183209c4180d9ee2a0d628eb) Importer(815301076,1909f56bfc062723c751e8b465ee728b)
Start importing Assets/Pine_Snowy3 (29) Variant.prefab using Guid(6b217281183209c4180d9ee2a0d628eb) Importer(815301076,1909f56bfc062723c751e8b465ee728b)  -> (artifact id: '290106fd16ba1b3579123abde825714a') in 0.025939 seconds 
========================================================================
Received Import Request.
  Time since last request: 0.000025 seconds.
  path: Assets/Pine_Snowy3 (23) Variant.prefab
  artifactKey: Guid(334b887b8ae0ecc409d7bcf293e75256) Importer(815301076,1909f56bfc062723c751e8b465ee728b)
Start importing Assets/Pine_Snowy3 (23) Variant.prefab using Guid(334b887b8ae0ecc409d7bcf293e75256) Importer(815301076,1909f56bfc062723c751e8b465ee728b)  -> (artifact id: 'c633130fe736ba3174331cea4f4f2ab7') in 0.024847 seconds 
========================================================================
Received Import Request.
  Time since last request: 0.000032 seconds.
  path: Assets/Pine_Snowy3 (120) Variant.prefab
  artifactKey: Guid(495cc628fd853464787e731760393e69) Importer(815301076,1909f56bfc062723c751e8b465ee728b)
Start importing Assets/Pine_Snowy3 (120) Variant.prefab using Guid(495cc628fd853464787e731760393e69) Importer(815301076,1909f56bfc062723c751e8b465ee728b)  -> (artifact id: '86e5eae9ac24199ad2d0ee2b20e374a2') in 0.028489 seconds 
========================================================================
Received Import Request.
  Time since last request: 0.000033 seconds.
  path: Assets/Rock Medium (11) Variant.prefab
  artifactKey: Guid(187178cdd09918c4fbe2800178c09c22) Importer(815301076,1909f56bfc062723c751e8b465ee728b)
Start importing Assets/Rock Medium (11) Variant.prefab using Guid(187178cdd09918c4fbe2800178c09c22) Importer(815301076,1909f56bfc062723c751e8b465ee728b)  -> (artifact id: '0e260ad04522dbf69cba2e7648eaa51a') in 0.026278 seconds 
========================================================================
Received Import Request.
  Time since last request: 0.000036 seconds.
  path: Assets/Pine_Snowy3 (50) Variant 1.prefab
  artifactKey: Guid(3c84b9cd68ad0654abfc327844b83cc7) Importer(815301076,1909f56bfc062723c751e8b465ee728b)
Start importing Assets/Pine_Snowy3 (50) Variant 1.prefab using Guid(3c84b9cd68ad0654abfc327844b83cc7) Importer(815301076,1909f56bfc062723c751e8b465ee728b)  -> (artifact id: '5de85f2f5bd8f796e3052c6a4d305e8c') in 0.021572 seconds 
========================================================================
Received Import Request.
  Time since last request: 0.000038 seconds.
  path: Assets/Rock Medium (2) Variant.prefab
  artifactKey: Guid(dfd377fb04285be44a771504c603405f) Importer(815301076,1909f56bfc062723c751e8b465ee728b)
Start importing Assets/Rock Medium (2) Variant.prefab using Guid(dfd377fb04285be44a771504c603405f) Importer(815301076,1909f56bfc062723c751e8b465ee728b)  -> (artifact id: '7968ef4c25fbef77b97062cb662647f3') in 0.021977 seconds 
========================================================================
Received Import Request.
  Time since last request: 0.000033 seconds.
  path: Assets/Pine_Snowy3 (117) Variant.prefab
  artifactKey: Guid(84b754f456945a848963e4ed6843a3b3) Importer(815301076,1909f56bfc062723c751e8b465ee728b)
Start importing Assets/Pine_Snowy3 (117) Variant.prefab using Guid(84b754f456945a848963e4ed6843a3b3) Importer(815301076,1909f56bfc062723c751e8b465ee728b)  -> (artifact id: 'dd8881e4c9331d419c58782ad3f6c6df') in 0.027555 seconds 
========================================================================
Received Import Request.
  Time since last request: 0.000025 seconds.
  path: Assets/Pine_Snowy3 (25) Variant.prefab
  artifactKey: Guid(38362a7cc93eb1f40986628fb2ccee25) Importer(815301076,1909f56bfc062723c751e8b465ee728b)
Start importing Assets/Pine_Snowy3 (25) Variant.prefab using Guid(38362a7cc93eb1f40986628fb2ccee25) Importer(815301076,1909f56bfc062723c751e8b465ee728b)  -> (artifact id: '998dc4cda9b01e1abf194bc0222f6533') in 0.023158 seconds 
========================================================================
Received Import Request.
  Time since last request: 0.000039 seconds.
  path: Assets/Pine_Snowy3 (19) Variant.prefab
  artifactKey: Guid(9512681d67af72d47b345711d7ca49e4) Importer(815301076,1909f56bfc062723c751e8b465ee728b)
Start importing Assets/Pine_Snowy3 (19) Variant.prefab using Guid(9512681d67af72d47b345711d7ca49e4) Importer(815301076,1909f56bfc062723c751e8b465ee728b)  -> (artifact id: '57adaa2b5c4fda0357293bcfdd4aab47') in 0.023168 seconds 
========================================================================
Received Import Request.
  Time since last request: 0.000028 seconds.
  path: Assets/Pine_Snowy3 (27) Variant.prefab
  artifactKey: Guid(84b11e16c4e1b394c87816365e7e9df7) Importer(815301076,1909f56bfc062723c751e8b465ee728b)
Start importing Assets/Pine_Snowy3 (27) Variant.prefab using Guid(84b11e16c4e1b394c87816365e7e9df7) Importer(815301076,1909f56bfc062723c751e8b465ee728b)  -> (artifact id: '614e31cc0bc8445dfe9bc65a49e3c5d0') in 0.034274 seconds 
========================================================================
Received Import Request.
  Time since last request: 0.000027 seconds.
  path: Assets/Pine_Snowy3 (60) Variant.prefab
  artifactKey: Guid(2c617728407e21b4084223bec1873886) Importer(815301076,1909f56bfc062723c751e8b465ee728b)
Start importing Assets/Pine_Snowy3 (60) Variant.prefab using Guid(2c617728407e21b4084223bec1873886) Importer(815301076,1909f56bfc062723c751e8b465ee728b)  -> (artifact id: '713bcd5ebb97f85d0aa400a54505d32f') in 0.026023 seconds 
========================================================================
Received Import Request.
  Time since last request: 0.000063 seconds.
  path: Assets/Pine_Snowy3 (52) Variant 1.prefab
  artifactKey: Guid(18eeaeb870ff2cd4f95b33b788ab45df) Importer(815301076,1909f56bfc062723c751e8b465ee728b)
Start importing Assets/Pine_Snowy3 (52) Variant 1.prefab using Guid(18eeaeb870ff2cd4f95b33b788ab45df) Importer(815301076,1909f56bfc062723c751e8b465ee728b)  -> (artifact id: '873ce29cb0b0ffbbdf87e69b5b527064') in 0.024512 seconds 
========================================================================
Received Import Request.
  Time since last request: 0.000053 seconds.
  path: Assets/Pine_Snowy3 (98) Variant.prefab
  artifactKey: Guid(6eb7ffb20f8eff94ab4b7d85f4675c3e) Importer(815301076,1909f56bfc062723c751e8b465ee728b)
Start importing Assets/Pine_Snowy3 (98) Variant.prefab using Guid(6eb7ffb20f8eff94ab4b7d85f4675c3e) Importer(815301076,1909f56bfc062723c751e8b465ee728b)  -> (artifact id: '0d43fe811b6c291f042526ec6dab2cf4') in 0.025428 seconds 
========================================================================
Received Import Request.
  Time since last request: 0.000023 seconds.
  path: Assets/Pine_Snowy3 (40) Variant.prefab
  artifactKey: Guid(58f2439239050c945977541add3a8bf9) Importer(815301076,1909f56bfc062723c751e8b465ee728b)
Start importing Assets/Pine_Snowy3 (40) Variant.prefab using Guid(58f2439239050c945977541add3a8bf9) Importer(815301076,1909f56bfc062723c751e8b465ee728b)  -> (artifact id: '61bcdabf0905448d8eed0f66e18c9ba9') in 0.023616 seconds 
========================================================================
Received Import Request.
  Time since last request: 0.000026 seconds.
  path: Assets/Pine_Snowy3 (86) Variant.prefab
  artifactKey: Guid(0e57dae7ec635684ab835e7e606bdbbc) Importer(815301076,1909f56bfc062723c751e8b465ee728b)
Start importing Assets/Pine_Snowy3 (86) Variant.prefab using Guid(0e57dae7ec635684ab835e7e606bdbbc) Importer(815301076,1909f56bfc062723c751e8b465ee728b)  -> (artifact id: '60de61d9742793c77737017aeb70ccdb') in 0.025113 seconds 
========================================================================
Received Import Request.
  Time since last request: 0.000028 seconds.
  path: Assets/Rock Large (1) Variant.prefab
  artifactKey: Guid(eb28448d936841d4e922e4c61f8a5372) Importer(815301076,1909f56bfc062723c751e8b465ee728b)
Start importing Assets/Rock Large (1) Variant.prefab using Guid(eb28448d936841d4e922e4c61f8a5372) Importer(815301076,1909f56bfc062723c751e8b465ee728b)  -> (artifact id: '10e7aed213c8e7ffbd55096aa257dcb8') in 0.028748 seconds 
========================================================================
Received Import Request.
  Time since last request: 0.000035 seconds.
  path: Assets/Rock Medium (14) Variant.prefab
  artifactKey: Guid(b9d87bb3e44ec754cbd889f1ed00ff53) Importer(815301076,1909f56bfc062723c751e8b465ee728b)
Start importing Assets/Rock Medium (14) Variant.prefab using Guid(b9d87bb3e44ec754cbd889f1ed00ff53) Importer(815301076,1909f56bfc062723c751e8b465ee728b)  -> (artifact id: '8c94fcaa11906ed244688441060691d9') in 0.020985 seconds 
========================================================================
Received Import Request.
  Time since last request: 0.000031 seconds.
  path: Assets/Pine_Snowy3 (63) Variant.prefab
  artifactKey: Guid(ad29ac9ed9ce4ba49ae1ac0bb57ed0ae) Importer(815301076,1909f56bfc062723c751e8b465ee728b)
Start importing Assets/Pine_Snowy3 (63) Variant.prefab using Guid(ad29ac9ed9ce4ba49ae1ac0bb57ed0ae) Importer(815301076,1909f56bfc062723c751e8b465ee728b)  -> (artifact id: '3d9c976929d174fb34b3a45c3a0d9dec') in 0.025634 seconds 
========================================================================
Received Import Request.
  Time since last request: 49.540012 seconds.
  path: Assets/MicroGame 1.unity
  artifactKey: Guid(76747e19fec74784e840b9a9c172ae10) Importer(815301076,1909f56bfc062723c751e8b465ee728b)
Start importing Assets/MicroGame 1.unity using Guid(76747e19fec74784e840b9a9c172ae10) Importer(815301076,1909f56bfc062723c751e8b465ee728b)  -> (artifact id: '2536724f26a0c45c0501993b854517be') in 0.559783 seconds 
========================================================================
Received Import Request.
  Time since last request: 532.414610 seconds.
  path: Assets/Winnie 1.prefab
  artifactKey: Guid(fe587ae3ff0bb8042a8c0d86cc0032d5) Importer(815301076,1909f56bfc062723c751e8b465ee728b)
Start importing Assets/Winnie 1.prefab using Guid(fe587ae3ff0bb8042a8c0d86cc0032d5) Importer(815301076,1909f56bfc062723c751e8b465ee728b)  -> (artifact id: '2fef4d2ac24e48b341130bfdb78c605d') in 2.473142 seconds 
========================================================================
Received Import Request.
  Time since last request: 65.027647 seconds.
  path: Assets/LEGO
  artifactKey: Guid(65bd2d03b5bd03040b1db32c8b24a9a2) Importer(815301076,1909f56bfc062723c751e8b465ee728b)
Start importing Assets/LEGO using Guid(65bd2d03b5bd03040b1db32c8b24a9a2) Importer(815301076,1909f56bfc062723c751e8b465ee728b)  -> (artifact id: '5bd931232ba818e2b34704e672be8a43') in 0.012112 seconds 
========================================================================
Received Import Request.
  Time since last request: 4.776411 seconds.
  path: Assets/AddOns/MgLEGO Santas Brickshop/Prefabs
  artifactKey: Guid(9faafed5d6f514643912e997b2972884) Importer(815301076,1909f56bfc062723c751e8b465ee728b)
Start importing Assets/AddOns/MgLEGO Santas Brickshop/Prefabs using Guid(9faafed5d6f514643912e997b2972884) Importer(815301076,1909f56bfc062723c751e8b465ee728b)  -> (artifact id: 'ccd74ca50c0cbc589ee55623c0eb0c1b') in 0.011994 seconds 
========================================================================
Received Import Request.
  Time since last request: 1.470981 seconds.
  path: Assets/AddOns/MgLEGO Santas Brickshop/Prefabs/LEGO Minifigs
  artifactKey: Guid(d92d49bc28be24af08ea1a9f51b36307) Importer(815301076,1909f56bfc062723c751e8b465ee728b)
Start importing Assets/AddOns/MgLEGO Santas Brickshop/Prefabs/LEGO Minifigs using Guid(d92d49bc28be24af08ea1a9f51b36307) Importer(815301076,1909f56bfc062723c751e8b465ee728b)  -> (artifact id: '8ef1a2b5c90e4dae631362bbc9d587ff') in 0.012424 seconds 
========================================================================
Received Import Request.
  Time since last request: 0.037255 seconds.
  path: Assets/AddOns/MgLEGO Santas Brickshop/Prefabs/LEGO Minifigs/Mrs Claus.prefab
  artifactKey: Guid(9f1363c5ea28a44588d7ab9857b0585a) Importer(815301076,1909f56bfc062723c751e8b465ee728b)
Start importing Assets/AddOns/MgLEGO Santas Brickshop/Prefabs/LEGO Minifigs/Mrs Claus.prefab using Guid(9f1363c5ea28a44588d7ab9857b0585a) Importer(815301076,1909f56bfc062723c751e8b465ee728b)  -> (artifact id: '5529c17b601e2f15915a8ba97b12c794') in 0.239948 seconds 
========================================================================
Received Prepare
Registering precompiled user dll's ...
Registered in 0.013551 seconds.
Begin MonoManager ReloadAssembly
Symbol file LoadedFromMemory doesn't match image C:\legoChristmasMicrogame\Library\PackageCache\com.unity.visualscripting@1.7.8\Editor\VisualScripting.Core\Dependencies\YamlDotNet\Unity.VisualScripting.YamlDotNet.dll
Symbol file LoadedFromMemory doesn't match image C:\legoChristmasMicrogame\Library\PackageCache\com.unity.visualscripting@1.7.8\Editor\VisualScripting.Core\Dependencies\DotNetZip\Unity.VisualScripting.IonicZip.dll
Native extension for UWP target not found
Native extension for LinuxStandalone target not found
Native extension for WindowsStandalone target not found
Native extension for AppleTV target not found
Native extension for iOS target not found
Native extension for Android target not found
Native extension for OSXStandalone target not found
Native extension for WebGL target not found
Refreshing native plugins compatible for Editor in 1.44 ms, found 3 plugins.
Preloading 0 native plugins for Editor in 0.00 ms.
Mono: successfully reloaded assembly
- Completed reload, in  1.899 seconds
Domain Reload Profiling:
	ReloadAssembly (1899ms)
		BeginReloadAssembly (216ms)
			ExecutionOrderSort (0ms)
			DisableScriptedObjects (7ms)
			BackupInstance (0ms)
			ReleaseScriptingObjects (0ms)
			CreateAndSetChildDomain (68ms)
		EndReloadAssembly (1546ms)
			LoadAssemblies (146ms)
			RebuildTransferFunctionScriptingTraits (0ms)
			SetupTypeCache (495ms)
				TypeCache.Initialize (478ms)
					TypeCache.ScanAssembly (469ms)
				ResolveRequiredComponents (17ms)
			ReleaseScriptCaches (3ms)
			RebuildScriptCaches (58ms)
			SetupLoadedEditorAssemblies (744ms)
				LogAssemblyErrors (0ms)
				InitializePlatformSupportModulesInManaged (66ms)
				SetLoadedEditorAssemblies (7ms)
				RefreshPlugins (2ms)
				BeforeProcessingInitializeOnLoad (145ms)
				ProcessInitializeOnLoadAttributes (412ms)
				ProcessInitializeOnLoadMethodAttributes (85ms)
				AfterProcessingInitializeOnLoad (27ms)
				EditorAssembliesLoaded (0ms)
			ExecutionOrderSort2 (0ms)
			AwakeInstancesAfterBackupRestoration (12ms)
Platform modules already initialized, skipping
Refreshing native plugins compatible for Editor in 4.00 ms, found 3 plugins.
Preloading 0 native plugins for Editor in 0.00 ms.
Unloading 5674 Unused Serialized files (Serialized files now loaded: 0)
Unloading 28 unused Assets / (380.5 KB). Loaded Objects now: 6335.
Memory consumption went from 0.89 GB to 0.89 GB.
Total: 4.320100 ms (FindLiveObjects: 0.561000 ms CreateObjectMapping: 0.156000 ms MarkObjects: 3.486300 ms  DeleteObjects: 0.115500 ms)

AssetImportParameters requested are different than current active one (requested -> active):
  custom:video-decoder-ogg-theora: a1e56fd34408186e4bbccfd4996cb3dc -> 
  custom:container-muxer-webm: aa71ff27fc2769a1b78a27578f13a17b -> 
  custom:container-demuxer-webm: 4f35f7cbe854078d1ac9338744f61a02 -> 
  custom:video-encoder-webm-vp8: eb34c28f22e8b96e1ab97ce403110664 -> 
  custom:audio-encoder-webm-vorbis: bf7c407c2cedff20999df2af8eb42d56 -> 
  custom:framework-win-MediaFoundation: 216162199b28c13a410421893ffa2e32 -> 
  custom:container-demuxer-ogg: 62fdf1f143b41e24485cea50d1cbac27 -> 
  custom:video-decoder-webm-vp8: 9c59270c3fd7afecdb556c50c9e8de78 -> 
  custom:audio-decoder-ogg-vorbis: bf7c407c2cedff20999df2af8eb42d56 -> 
========================================================================
Received Import Request.
  Time since last request: 325.823315 seconds.
  path: Assets/AddOns/MgLEGO Gingerbricks Revenge/Prefabs
  artifactKey: Guid(506f9e2bb67914c42bef04234280bc95) Importer(815301076,1909f56bfc062723c751e8b465ee728b)
Start importing Assets/AddOns/MgLEGO Gingerbricks Revenge/Prefabs using Guid(506f9e2bb67914c42bef04234280bc95) Importer(815301076,1909f56bfc062723c751e8b465ee728b)  -> (artifact id: 'bb8e46a0ac0f237ba967a3969cdf492e') in 0.021808 seconds 
========================================================================
Received Import Request.
  Time since last request: 1.900491 seconds.
  path: Assets/AddOns/MgLEGO Gingerbricks Revenge/Prefabs/LEGO Minifigs
  artifactKey: Guid(11a6aef58f1fefe41a21b9679fa7c3a9) Importer(815301076,1909f56bfc062723c751e8b465ee728b)
Start importing Assets/AddOns/MgLEGO Gingerbricks Revenge/Prefabs/LEGO Minifigs using Guid(11a6aef58f1fefe41a21b9679fa7c3a9) Importer(815301076,1909f56bfc062723c751e8b465ee728b)  -> (artifact id: 'f74d32dfb39ae07a9faf868558207cc2') in 0.009795 seconds 
========================================================================
Received Import Request.
  Time since last request: 0.041159 seconds.
  path: Assets/AddOns/MgLEGO Gingerbricks Revenge/Prefabs/LEGO Minifigs/Riding Santa.prefab
  artifactKey: Guid(59742cecea9f12f4fb491f9c975f1499) Importer(815301076,1909f56bfc062723c751e8b465ee728b)
Start importing Assets/AddOns/MgLEGO Gingerbricks Revenge/Prefabs/LEGO Minifigs/Riding Santa.prefab using Guid(59742cecea9f12f4fb491f9c975f1499) Importer(815301076,1909f56bfc062723c751e8b465ee728b)  -> (artifact id: '3e0b9739d31c65eed48cb6a3111cb512') in 1.622750 seconds 
========================================================================
Received Import Request.
  Time since last request: 38.028293 seconds.
  path: Assets/AddOns/MgLEGO Gingerbricks Revenge/Prefabs/LEGO Models/Characters
  artifactKey: Guid(aa29e31c089b07d4f8a93593bfad7e02) Importer(815301076,1909f56bfc062723c751e8b465ee728b)
Start importing Assets/AddOns/MgLEGO Gingerbricks Revenge/Prefabs/LEGO Models/Characters using Guid(aa29e31c089b07d4f8a93593bfad7e02) Importer(815301076,1909f56bfc062723c751e8b465ee728b)  -> (artifact id: '9fae0b05f36e7560d7636f7aad46b1a3') in 0.011435 seconds 
========================================================================
Received Import Request.
  Time since last request: 0.044511 seconds.
  path: Assets/AddOns/MgLEGO Gingerbricks Revenge/Prefabs/LEGO Models/Characters/Gingerbit.prefab
  artifactKey: Guid(78253e5aed802d44881874afc3e43692) Importer(815301076,1909f56bfc062723c751e8b465ee728b)
Start importing Assets/AddOns/MgLEGO Gingerbricks Revenge/Prefabs/LEGO Models/Characters/Gingerbit.prefab using Guid(78253e5aed802d44881874afc3e43692) Importer(815301076,1909f56bfc062723c751e8b465ee728b)  -> (artifact id: '7e214e4266dcf0d44eeae292c7b5c37c') in 1.370575 seconds 
========================================================================
Received Import Request.
  Time since last request: 0.000033 seconds.
  path: Assets/AddOns/MgLEGO Gingerbricks Revenge/Prefabs/LEGO Models/Characters/Harry.prefab
  artifactKey: Guid(7ccc7009d1ca2eb4cbeda7639ad8bec3) Importer(815301076,1909f56bfc062723c751e8b465ee728b)
Start importing Assets/AddOns/MgLEGO Gingerbricks Revenge/Prefabs/LEGO Models/Characters/Harry.prefab using Guid(7ccc7009d1ca2eb4cbeda7639ad8bec3) Importer(815301076,1909f56bfc062723c751e8b465ee728b)  -> (artifact id: '86eee69a4d36a570584a919fe5b9244b') in 1.242415 seconds 
========================================================================
Received Import Request.
  Time since last request: 129.694643 seconds.
  path: Assets/MicroGame 1.unity
  artifactKey: Guid(76747e19fec74784e840b9a9c172ae10) Importer(815301076,1909f56bfc062723c751e8b465ee728b)
Start importing Assets/MicroGame 1.unity using Guid(76747e19fec74784e840b9a9c172ae10) Importer(815301076,1909f56bfc062723c751e8b465ee728b)  -> (artifact id: '667164ce7847e9c2f905b826e38e16fc') in 0.013349 seconds 
========================================================================
Received Prepare
Registering precompiled user dll's ...
Registered in 0.013471 seconds.
Begin MonoManager ReloadAssembly
Symbol file LoadedFromMemory doesn't match image C:\legoChristmasMicrogame\Library\PackageCache\com.unity.visualscripting@1.7.8\Editor\VisualScripting.Core\Dependencies\YamlDotNet\Unity.VisualScripting.YamlDotNet.dll
Symbol file LoadedFromMemory doesn't match image C:\legoChristmasMicrogame\Library\PackageCache\com.unity.visualscripting@1.7.8\Editor\VisualScripting.Core\Dependencies\DotNetZip\Unity.VisualScripting.IonicZip.dll
Native extension for UWP target not found
Native extension for LinuxStandalone target not found
Native extension for WindowsStandalone target not found
Native extension for AppleTV target not found
Native extension for iOS target not found
Native extension for Android target not found
Native extension for OSXStandalone target not found
Native extension for WebGL target not found
Refreshing native plugins compatible for Editor in 1.42 ms, found 3 plugins.
Preloading 0 native plugins for Editor in 0.00 ms.
Mono: successfully reloaded assembly
- Completed reload, in  1.566 seconds
Domain Reload Profiling:
	ReloadAssembly (1567ms)
		BeginReloadAssembly (183ms)
			ExecutionOrderSort (0ms)
			DisableScriptedObjects (6ms)
			BackupInstance (0ms)
			ReleaseScriptingObjects (0ms)
			CreateAndSetChildDomain (54ms)
		EndReloadAssembly (1265ms)
			LoadAssemblies (133ms)
			RebuildTransferFunctionScriptingTraits (0ms)
			SetupTypeCache (324ms)
				TypeCache.Initialize (311ms)
					TypeCache.ScanAssembly (304ms)
				ResolveRequiredComponents (13ms)
			ReleaseScriptCaches (2ms)
			RebuildScriptCaches (52ms)
			SetupLoadedEditorAssemblies (672ms)
				LogAssemblyErrors (0ms)
				InitializePlatformSupportModulesInManaged (55ms)
				SetLoadedEditorAssemblies (6ms)
				RefreshPlugins (1ms)
				BeforeProcessingInitializeOnLoad (129ms)
				ProcessInitializeOnLoadAttributes (376ms)
				ProcessInitializeOnLoadMethodAttributes (81ms)
				AfterProcessingInitializeOnLoad (23ms)
				EditorAssembliesLoaded (1ms)
			ExecutionOrderSort2 (0ms)
			AwakeInstancesAfterBackupRestoration (13ms)
Platform modules already initialized, skipping
Refreshing native plugins compatible for Editor in 5.17 ms, found 3 plugins.
Preloading 0 native plugins for Editor in 0.00 ms.
Unloading 5674 Unused Serialized files (Serialized files now loaded: 0)
Unloading 29 unused Assets / (382.4 KB). Loaded Objects now: 6390.
Memory consumption went from 0.89 GB to 0.89 GB.
Total: 3.843100 ms (FindLiveObjects: 0.524000 ms CreateObjectMapping: 0.154900 ms MarkObjects: 3.038000 ms  DeleteObjects: 0.124800 ms)

AssetImportParameters requested are different than current active one (requested -> active):
  custom:video-decoder-ogg-theora: a1e56fd34408186e4bbccfd4996cb3dc -> 
  custom:container-muxer-webm: aa71ff27fc2769a1b78a27578f13a17b -> 
  custom:container-demuxer-webm: 4f35f7cbe854078d1ac9338744f61a02 -> 
  custom:video-encoder-webm-vp8: eb34c28f22e8b96e1ab97ce403110664 -> 
  custom:audio-encoder-webm-vorbis: bf7c407c2cedff20999df2af8eb42d56 -> 
  custom:framework-win-MediaFoundation: 216162199b28c13a410421893ffa2e32 -> 
  custom:container-demuxer-ogg: 62fdf1f143b41e24485cea50d1cbac27 -> 
  custom:video-decoder-webm-vp8: 9c59270c3fd7afecdb556c50c9e8de78 -> 
  custom:audio-decoder-ogg-vorbis: bf7c407c2cedff20999df2af8eb42d56 -> 
========================================================================
Received Prepare
Registering precompiled user dll's ...
Registered in 0.014179 seconds.
Begin MonoManager ReloadAssembly
Symbol file LoadedFromMemory doesn't match image C:\legoChristmasMicrogame\Library\PackageCache\com.unity.visualscripting@1.7.8\Editor\VisualScripting.Core\Dependencies\YamlDotNet\Unity.VisualScripting.YamlDotNet.dll
Symbol file LoadedFromMemory doesn't match image C:\legoChristmasMicrogame\Library\PackageCache\com.unity.visualscripting@1.7.8\Editor\VisualScripting.Core\Dependencies\DotNetZip\Unity.VisualScripting.IonicZip.dll
Native extension for UWP target not found
Native extension for LinuxStandalone target not found
Native extension for WindowsStandalone target not found
Native extension for AppleTV target not found
Native extension for iOS target not found
Native extension for Android target not found
Native extension for OSXStandalone target not found
Native extension for WebGL target not found
Refreshing native plugins compatible for Editor in 1.49 ms, found 3 plugins.
Preloading 0 native plugins for Editor in 0.00 ms.
Mono: successfully reloaded assembly
- Completed reload, in  1.460 seconds
Domain Reload Profiling:
	ReloadAssembly (1461ms)
		BeginReloadAssembly (177ms)
			ExecutionOrderSort (0ms)
			DisableScriptedObjects (6ms)
			BackupInstance (0ms)
			ReleaseScriptingObjects (0ms)
			CreateAndSetChildDomain (47ms)
		EndReloadAssembly (1152ms)
			LoadAssemblies (138ms)
			RebuildTransferFunctionScriptingTraits (0ms)
			SetupTypeCache (320ms)
				TypeCache.Initialize (307ms)
					TypeCache.ScanAssembly (300ms)
				ResolveRequiredComponents (13ms)
			ReleaseScriptCaches (3ms)
			RebuildScriptCaches (58ms)
			SetupLoadedEditorAssemblies (570ms)
				LogAssemblyErrors (0ms)
				InitializePlatformSupportModulesInManaged (60ms)
				SetLoadedEditorAssemblies (6ms)
				RefreshPlugins (2ms)
				BeforeProcessingInitializeOnLoad (119ms)
				ProcessInitializeOnLoadAttributes (282ms)
				ProcessInitializeOnLoadMethodAttributes (82ms)
				AfterProcessingInitializeOnLoad (20ms)
				EditorAssembliesLoaded (0ms)
			ExecutionOrderSort2 (0ms)
			AwakeInstancesAfterBackupRestoration (10ms)
Platform modules already initialized, skipping
Refreshing native plugins compatible for Editor in 6.54 ms, found 3 plugins.
Preloading 0 native plugins for Editor in 0.00 ms.
Unloading 5674 Unused Serialized files (Serialized files now loaded: 0)
Unloading 28 unused Assets / (380.7 KB). Loaded Objects now: 6406.
Memory consumption went from 0.89 GB to 0.89 GB.
Total: 7.818500 ms (FindLiveObjects: 0.878100 ms CreateObjectMapping: 0.203600 ms MarkObjects: 6.517700 ms  DeleteObjects: 0.216800 ms)

AssetImportParameters requested are different than current active one (requested -> active):
  custom:video-decoder-ogg-theora: a1e56fd34408186e4bbccfd4996cb3dc -> 
  custom:container-muxer-webm: aa71ff27fc2769a1b78a27578f13a17b -> 
  custom:container-demuxer-webm: 4f35f7cbe854078d1ac9338744f61a02 -> 
  custom:video-encoder-webm-vp8: eb34c28f22e8b96e1ab97ce403110664 -> 
  custom:audio-encoder-webm-vorbis: bf7c407c2cedff20999df2af8eb42d56 -> 
  custom:framework-win-MediaFoundation: 216162199b28c13a410421893ffa2e32 -> 
  custom:container-demuxer-ogg: 62fdf1f143b41e24485cea50d1cbac27 -> 
  custom:video-decoder-webm-vp8: 9c59270c3fd7afecdb556c50c9e8de78 -> 
  custom:audio-decoder-ogg-vorbis: bf7c407c2cedff20999df2af8eb42d56 -> 
========================================================================
Received Import Request.
  Time since last request: 218.457091 seconds.
  path: Assets/AddOns/MgLEGO Gingerbricks Revenge/Prefabs/LEGO Models
  artifactKey: Guid(3d617794fbb2cbc44a6c61a890755b51) Importer(815301076,1909f56bfc062723c751e8b465ee728b)
Start importing Assets/AddOns/MgLEGO Gingerbricks Revenge/Prefabs/LEGO Models using Guid(3d617794fbb2cbc44a6c61a890755b51) Importer(815301076,1909f56bfc062723c751e8b465ee728b)  -> (artifact id: '198ce77b824770ed83bcf3f0d88c8726') in 0.022238 seconds 
========================================================================
Received Import Request.
  Time since last request: 1.497901 seconds.
  path: Assets/AddOns/MgLEGO Gingerbricks Revenge/Prefabs/LEGO Models/Buildings
  artifactKey: Guid(db414d315da904e37aad8c0e01d8b6ed) Importer(815301076,1909f56bfc062723c751e8b465ee728b)
Start importing Assets/AddOns/MgLEGO Gingerbricks Revenge/Prefabs/LEGO Models/Buildings using Guid(db414d315da904e37aad8c0e01d8b6ed) Importer(815301076,1909f56bfc062723c751e8b465ee728b)  -> (artifact id: '679fe50d578eb914535d7aa15be13f8a') in 0.011143 seconds 
========================================================================
Received Import Request.
  Time since last request: 0.021828 seconds.
  path: Assets/AddOns/MgLEGO Gingerbricks Revenge/Prefabs/LEGO Models/Buildings/House Gingerbot.prefab
  artifactKey: Guid(013efc5520e3be040b85139760041eed) Importer(815301076,1909f56bfc062723c751e8b465ee728b)
Start importing Assets/AddOns/MgLEGO Gingerbricks Revenge/Prefabs/LEGO Models/Buildings/House Gingerbot.prefab using Guid(013efc5520e3be040b85139760041eed) Importer(815301076,1909f56bfc062723c751e8b465ee728b)  -> (artifact id: '5fff48a74066792dad4fa302d8da74d3') in 0.389145 seconds 
========================================================================
Received Import Request.
  Time since last request: 6.302905 seconds.
  path: Assets/AddOns/MgLEGO Santas Brickshop/Prefabs/LEGO Models
  artifactKey: Guid(848b1a746602e4f5ca97f00769cd1ce8) Importer(815301076,1909f56bfc062723c751e8b465ee728b)
Start importing Assets/AddOns/MgLEGO Santas Brickshop/Prefabs/LEGO Models using Guid(848b1a746602e4f5ca97f00769cd1ce8) Importer(815301076,1909f56bfc062723c751e8b465ee728b)  -> (artifact id: 'c957dc6faa0d9e449fe27ae06f885cef') in 0.003704 seconds 
========================================================================
Received Import Request.
  Time since last request: 1.917733 seconds.
  path: Assets/AddOns/MgLEGO Santas Brickshop/Prefabs/LEGO Models/Santa Essentials
  artifactKey: Guid(c28e07a53f18d4d36959484d445edf7f) Importer(815301076,1909f56bfc062723c751e8b465ee728b)
Start importing Assets/AddOns/MgLEGO Santas Brickshop/Prefabs/LEGO Models/Santa Essentials using Guid(c28e07a53f18d4d36959484d445edf7f) Importer(815301076,1909f56bfc062723c751e8b465ee728b)  -> (artifact id: '06dfd707cf34314ff26f44cfb11151b7') in 0.011394 seconds 
========================================================================
Received Import Request.
  Time since last request: 0.016032 seconds.
  path: Assets/AddOns/MgLEGO Santas Brickshop/Prefabs/LEGO Models/Santa Essentials/Candy Cane Large.prefab
  artifactKey: Guid(3885e0739540b494f9bfaaab1f9d9fd4) Importer(815301076,1909f56bfc062723c751e8b465ee728b)
Start importing Assets/AddOns/MgLEGO Santas Brickshop/Prefabs/LEGO Models/Santa Essentials/Candy Cane Large.prefab using Guid(3885e0739540b494f9bfaaab1f9d9fd4) Importer(815301076,1909f56bfc062723c751e8b465ee728b)  -> (artifact id: '2e6ee6bab961fea4f5753edec03a74b6') in 0.091927 seconds 
========================================================================
Received Import Request.
  Time since last request: 0.000037 seconds.
  path: Assets/AddOns/MgLEGO Santas Brickshop/Prefabs/LEGO Models/Santa Essentials/Present Medium.prefab
  artifactKey: Guid(718a05b6ce2c2424f909f6eeb15073ca) Importer(815301076,1909f56bfc062723c751e8b465ee728b)
Start importing Assets/AddOns/MgLEGO Santas Brickshop/Prefabs/LEGO Models/Santa Essentials/Present Medium.prefab using Guid(718a05b6ce2c2424f909f6eeb15073ca) Importer(815301076,1909f56bfc062723c751e8b465ee728b)  -> (artifact id: '7b6ea0e01de699ee281d0fab5780536b') in 0.117059 seconds 
========================================================================
Received Import Request.
  Time since last request: 0.000051 seconds.
  path: Assets/AddOns/MgLEGO Santas Brickshop/Prefabs/LEGO Models/Santa Essentials/Present Large.prefab
  artifactKey: Guid(f454bab2a2d4a4c2f84188e64a195a39) Importer(815301076,1909f56bfc062723c751e8b465ee728b)
Start importing Assets/AddOns/MgLEGO Santas Brickshop/Prefabs/LEGO Models/Santa Essentials/Present Large.prefab using Guid(f454bab2a2d4a4c2f84188e64a195a39) Importer(815301076,1909f56bfc062723c751e8b465ee728b)  -> (artifact id: 'f03630226f36a0ef3ce8ce1c235765ef') in 0.268859 seconds 
========================================================================
Received Import Request.
  Time since last request: 0.000038 seconds.
  path: Assets/AddOns/MgLEGO Santas Brickshop/Prefabs/LEGO Models/Santa Essentials/Present Small.prefab
  artifactKey: Guid(79da148f5ced645bdb11def4a8163506) Importer(815301076,1909f56bfc062723c751e8b465ee728b)
Start importing Assets/AddOns/MgLEGO Santas Brickshop/Prefabs/LEGO Models/Santa Essentials/Present Small.prefab using Guid(79da148f5ced645bdb11def4a8163506) Importer(815301076,1909f56bfc062723c751e8b465ee728b)  -> (artifact id: 'a87d9d628d4d297a5399801d0f453a05') in 0.066428 seconds 
========================================================================
Received Import Request.
  Time since last request: 0.000037 seconds.
  path: Assets/AddOns/MgLEGO Santas Brickshop/Prefabs/LEGO Models/Santa Essentials/Tree.prefab
  artifactKey: Guid(879c10217b1d546f99eba6e5a9cb6bff) Importer(815301076,1909f56bfc062723c751e8b465ee728b)
Start importing Assets/AddOns/MgLEGO Santas Brickshop/Prefabs/LEGO Models/Santa Essentials/Tree.prefab using Guid(879c10217b1d546f99eba6e5a9cb6bff) Importer(815301076,1909f56bfc062723c751e8b465ee728b)  -> (artifact id: 'f083429bff1def5add4d91d313a57782') in 0.217342 seconds 
Editor requested this worker to shutdown with reason: Scaling down because of idle timeout
AssetImportWorker is now disconnected from the server
Process exiting
Exiting without the bug reporter. Application will terminate with return code 0